  {
    "LineNumber": 78836,
    "TimeCreated": "2024-01-27 23:54:58.7593177",
    "EventId": "1027",
    "Level": "Info",
    "Provider": "Microsoft-Windows-TerminalServices-ClientActiveXCore",
    "ChunkNumber": "0",
    "UserId": "S-1-5-21-154156543-1801232051-1511951251-1109",
    "MapDescription": "RDP Connected to domain",
    "UserName": "",
    "RemoteHost": "",
    "PayloadData1": "Domain: ACME",
    "PayloadData2": "",
    "PayloadData3": "",
    "PayloadData4": "",
    "PayloadData5": "",
    "PayloadData6": "ActivityID: 9b6ffb3d-88f4-4df6-ae36-349b35f70000",
    "ExecutableInfo": "",
    "ExtraDataOffset": "0",
    "Payload": "{\"EventData\":{\"Data\":[{\"@Name\":\"DomainName\",\"#text\":\"ACME\"},{\"@Name\":\"SessionId\",\"#text\":\"1\"}]}}"
  },
  {
    "LineNumber": 72610,
    "TimeCreated": "2024-01-27 23:54:59.6605432",
    "EventId": "3",
    "Level": "Info",
    "Provider": "Microsoft-Windows-Sysmon",
    "ChunkNumber": "218",
    "UserId": "S-1-5-18",
    "MapDescription": "Network connection",
    "UserName": "ACME\\LolaBunny",
    "RemoteHost": "",
    "PayloadData1": "ProcessID: 8276, ProcessGUID: fb9c9028-97c9-65b5-820d-000000000d00",
    "PayloadData2": "RuleName: RDP",
    "PayloadData3": "SourceHostname: ACME-WIN11-WS03.acme.local",
    "PayloadData4": "SourceIp: 192.168.68.123",
    "PayloadData5": "DestinationHostname: ACME-SER2019-DC-01",
    "PayloadData6": "DestinationIp: 192.168.68.111",
    "ExecutableInfo": "",
    "ExtraDataOffset": "0",
    "Payload": "{\"EventData\":{\"Data\":[{\"@Name\":\"RuleName\",\"#text\":\"RDP\"},{\"@Name\":\"UtcTime\",\"#text\":\"2024-01-27 23:54:56.928\"},{\"@Name\":\"ProcessGuid\",\"#text\":\"fb9c9028-97c9-65b5-820d-000000000d00\"},{\"@Name\":\"ProcessId\",\"#text\":\"8276\"},{\"@Name\":\"Image\",\"#text\":\"C:\\\\Windows\\\\System32\\\\mstsc.exe\"},{\"@Name\":\"User\",\"#text\":\"ACME\\\\LolaBunny\"},{\"@Name\":\"Protocol\",\"#text\":\"tcp\"},{\"@Name\":\"Initiated\",\"#text\":\"True\"},{\"@Name\":\"SourceIsIpv6\",\"#text\":\"False\"},{\"@Name\":\"SourceIp\",\"#text\":\"192.168.68.123\"},{\"@Name\":\"SourceHostname\",\"#text\":\"ACME-WIN11-WS03.acme.local\"},{\"@Name\":\"SourcePort\",\"#text\":\"57049\"},{\"@Name\":\"SourcePortName\",\"#text\":\"-\"},{\"@Name\":\"DestinationIsIpv6\",\"#text\":\"False\"},{\"@Name\":\"DestinationIp\",\"#text\":\"192.168.68.111\"},{\"@Name\":\"DestinationHostname\",\"#text\":\"ACME-SER2019-DC-01\"},{\"@Name\":\"DestinationPort\",\"#text\":\"3389\"},{\"@Name\":\"DestinationPortName\",\"#text\":\"ms-wbt-server\"}]}}"
  },
  {
    "LineNumber": 72611,
    "TimeCreated": "2024-01-27 23:54:59.6605784",
    "EventId": "3",
    "Level": "Info",
    "Provider": "Microsoft-Windows-Sysmon",
    "ChunkNumber": "218",
    "UserId": "S-1-5-18",
    "MapDescription": "Network connection",
    "UserName": "ACME\\LolaBunny",
    "RemoteHost": "",
    "PayloadData1": "ProcessID: 8276, ProcessGUID: fb9c9028-97c9-65b5-820d-000000000d00",
    "PayloadData2": "RuleName: RDP",
    "PayloadData3": "SourceHostname: ACME-WIN11-WS03.acme.local",
    "PayloadData4": "SourceIp: 192.168.68.123",
    "PayloadData5": "DestinationHostname: ACME-SER2019-DC-01",
    "PayloadData6": "DestinationIp: 192.168.68.111",
    "ExecutableInfo": "",
    "ExtraDataOffset": "0",
    "Payload": "{\"EventData\":{\"Data\":[{\"@Name\":\"RuleName\",\"#text\":\"RDP\"},{\"@Name\":\"UtcTime\",\"#text\":\"2024-01-27 23:54:56.945\"},{\"@Name\":\"ProcessGuid\",\"#text\":\"fb9c9028-97c9-65b5-820d-000000000d00\"},{\"@Name\":\"ProcessId\",\"#text\":\"8276\"},{\"@Name\":\"Image\",\"#text\":\"C:\\\\Windows\\\\System32\\\\mstsc.exe\"},{\"@Name\":\"User\",\"#text\":\"ACME\\\\LolaBunny\"},{\"@Name\":\"Protocol\",\"#text\":\"udp\"},{\"@Name\":\"Initiated\",\"#text\":\"True\"},{\"@Name\":\"SourceIsIpv6\",\"#text\":\"False\"},{\"@Name\":\"SourceIp\",\"#text\":\"192.168.68.123\"},{\"@Name\":\"SourceHostname\",\"#text\":\"ACME-WIN11-WS03.acme.local\"},{\"@Name\":\"SourcePort\",\"#text\":\"49364\"},{\"@Name\":\"SourcePortName\",\"#text\":\"-\"},{\"@Name\":\"DestinationIsIpv6\",\"#text\":\"False\"},{\"@Name\":\"DestinationIp\",\"#text\":\"192.168.68.111\"},{\"@Name\":\"DestinationHostname\",\"#text\":\"ACME-SER2019-DC-01\"},{\"@Name\":\"DestinationPort\",\"#text\":\"3389\"},{\"@Name\":\"DestinationPortName\",\"#text\":\"ms-wbt-server\"}]}}"
  },
  {
    "LineNumber": 78838,
    "TimeCreated": "2024-01-27 23:57:06.7545647",
    "EventId": "1026",
    "Level": "Info",
    "Provider": "Microsoft-Windows-TerminalServices-ClientActiveXCore",
    "ChunkNumber": "0",
    "UserId": "S-1-5-21-154156543-1801232051-1511951251-1109",
    "MapDescription": "RDP ClientActiveX has been disconnected",
    "UserName": "",
    "RemoteHost": "",
    "PayloadData1": "Disconnect Reason: User-initiated client disconnect",
    "PayloadData2": "",
    "PayloadData3": "",
    "PayloadData4": "",
    "PayloadData5": "",
    "PayloadData6": "ActivityID: 9b6ffb3d-88f4-4df6-ae36-349b35f70000",
    "ExecutableInfo": "",
    "ExtraDataOffset": "0",
    "Payload": "{\"EventData\":{\"Data\":[{\"@Name\":\"Name\",\"#text\":\"Disconnect Reason\"},{\"@Name\":\"Value\",\"#text\":\"1\"},{\"@Name\":\"CustomLevel\",\"#text\":\"Info\"}]}}"
  },
  {
    "LineNumber": 109823,
    "TimeCreated": "2024-01-28 00:11:04.0852412",
    "EventId": "4648",
    "Level": "LogAlways",
    "Provider": "Microsoft-Windows-Security-Auditing",
    "ChunkNumber": "333",
    "UserId": "",
    "MapDescription": "A logon was attempted using explicit credentials",
    "UserName": "ACME\\LolaBunny",
    "RemoteHost": "-:-",
    "PayloadData1": "Target: ACME.LOCAL\\Administrator",
    "PayloadData2": "TargetServerName: ACME-SER2019-DC",
    "PayloadData3": "PID: 0x1358",
    "PayloadData4": "",
    "PayloadData5": "",
    "PayloadData6": "",
    "ExecutableInfo": "C:\\Program Files\\PowerShell\\7\\pwsh.exe",
    "ExtraDataOffset": "0",
    "Payload": "{\"EventData\":{\"Data\":[{\"@Name\":\"SubjectUserSid\",\"#text\":\"S-1-5-21-154156543-1801232051-1511951251-1109\"},{\"@Name\":\"SubjectUserName\",\"#text\":\"LolaBunny\"},{\"@Name\":\"SubjectDomainName\",\"#text\":\"ACME\"},{\"@Name\":\"SubjectLogonId\",\"#text\":\"0x424915\"},{\"@Name\":\"LogonGuid\",\"#text\":\"00000000-0000-0000-0000-000000000000\"},{\"@Name\":\"TargetUserName\",\"#text\":\"Administrator\"},{\"@Name\":\"TargetDomainName\",\"#text\":\"ACME.LOCAL\"},{\"@Name\":\"TargetLogonGuid\",\"#text\":\"00000000-0000-0000-0000-000000000000\"},{\"@Name\":\"TargetServerName\",\"#text\":\"ACME-SER2019-DC\"},{\"@Name\":\"TargetInfo\",\"#text\":\"HTTP/ACME-SER2019-DC\"},{\"@Name\":\"ProcessId\",\"#text\":\"0x1358\"},{\"@Name\":\"ProcessName\",\"#text\":\"C:\\\\Program Files\\\\PowerShell\\\\7\\\\pwsh.exe\"},{\"@Name\":\"IpAddress\",\"#text\":\"-\"},{\"@Name\":\"IpPort\",\"#text\":\"-\"}]}}"
  },
  {
    "LineNumber": 78839,
    "TimeCreated": "2024-01-28 00:11:10.3833028",
    "EventId": "1024",
    "Level": "Info",
    "Provider": "Microsoft-Windows-TerminalServices-ClientActiveXCore",
    "ChunkNumber": "0",
    "UserId": "S-1-5-21-154156543-1801232051-1511951251-1109",
    "MapDescription": "RDP Client is trying to connect to the server",
    "UserName": "",
    "RemoteHost": "",
    "PayloadData1": "Dest: 192.168.68.111",
    "PayloadData2": "",
    "PayloadData3": "",
    "PayloadData4": "",
    "PayloadData5": "",
    "PayloadData6": "ActivityID: 26053a18-4fa2-4d68-8c27-4cdde81b0000",
    "ExecutableInfo": "",
    "ExtraDataOffset": "0",
    "Payload": "{\"EventData\":{\"Data\":[{\"@Name\":\"Name\",\"#text\":\"Server Name\"},{\"@Name\":\"Value\",\"#text\":\"192.168.68.111\"},{\"@Name\":\"CustomLevel\",\"#text\":\"Info\"}]}}"
  },
  {
    "LineNumber": 78840,
    "TimeCreated": "2024-01-28 00:11:10.4014187",
    "EventId": "1028",
    "Level": "Info",
    "Provider": "Microsoft-Windows-TerminalServices-ClientActiveXCore",
    "ChunkNumber": "0",
    "UserId": "S-1-5-21-154156543-1801232051-1511951251-1109",
    "MapDescription": "",
    "UserName": "",
    "RemoteHost": "",
    "PayloadData1": "",
    "PayloadData2": "",
    "PayloadData3": "",
    "PayloadData4": "",
    "PayloadData5": "",
    "PayloadData6": "",
    "ExecutableInfo": "",
    "ExtraDataOffset": "0",
    "Payload": "{\"EventData\":{\"Data\":{\"@Name\":\"TraceMessage\",\"#text\":\"supported\"}}}"
  },
  {
    "LineNumber": 72645,
    "TimeCreated": "2024-01-28 00:11:11.8347290",
    "EventId": "3",
    "Level": "Info",
    "Provider": "Microsoft-Windows-Sysmon",
    "ChunkNumber": "219",
    "UserId": "S-1-5-18",
    "MapDescription": "Network connection",
    "UserName": "ACME\\LolaBunny",
    "RemoteHost": "",
    "PayloadData1": "ProcessID: 3304, ProcessGUID: fb9c9028-9b9c-65b5-a00d-000000000d00",
    "PayloadData2": "RuleName: RDP",
    "PayloadData3": "SourceHostname: ACME-WIN11-WS03.acme.local",
    "PayloadData4": "SourceIp: 192.168.68.123",
    "PayloadData5": "DestinationHostname: ACME-SER2019-DC-01",
    "PayloadData6": "DestinationIp: 192.168.68.111",
    "ExecutableInfo": "",
    "ExtraDataOffset": "0",
    "Payload": "{\"EventData\":{\"Data\":[{\"@Name\":\"RuleName\",\"#text\":\"RDP\"},{\"@Name\":\"UtcTime\",\"#text\":\"2024-01-28 00:11:09.574\"},{\"@Name\":\"ProcessGuid\",\"#text\":\"fb9c9028-9b9c-65b5-a00d-000000000d00\"},{\"@Name\":\"ProcessId\",\"#text\":\"3304\"},{\"@Name\":\"Image\",\"#text\":\"C:\\\\Windows\\\\System32\\\\mstsc.exe\"},{\"@Name\":\"User\",\"#text\":\"ACME\\\\LolaBunny\"},{\"@Name\":\"Protocol\",\"#text\":\"tcp\"},{\"@Name\":\"Initiated\",\"#text\":\"True\"},{\"@Name\":\"SourceIsIpv6\",\"#text\":\"False\"},{\"@Name\":\"SourceIp\",\"#text\":\"192.168.68.123\"},{\"@Name\":\"SourceHostname\",\"#text\":\"ACME-WIN11-WS03.acme.local\"},{\"@Name\":\"SourcePort\",\"#text\":\"57348\"},{\"@Name\":\"SourcePortName\",\"#text\":\"-\"},{\"@Name\":\"DestinationIsIpv6\",\"#text\":\"False\"},{\"@Name\":\"DestinationIp\",\"#text\":\"192.168.68.111\"},{\"@Name\":\"DestinationHostname\",\"#text\":\"ACME-SER2019-DC-01\"},{\"@Name\":\"DestinationPort\",\"#text\":\"3389\"},{\"@Name\":\"DestinationPortName\",\"#text\":\"ms-wbt-server\"}]}}"
  },
  {
    "LineNumber": 78841,
    "TimeCreated": "2024-01-28 00:11:13.6171564",
    "EventId": "1029",
    "Level": "Info",
    "Provider": "Microsoft-Windows-TerminalServices-ClientActiveXCore",
    "ChunkNumber": "0",
    "UserId": "S-1-5-21-154156543-1801232051-1511951251-1109",
    "MapDescription": "RDP (outgoing connection)",
    "UserName": "",
    "RemoteHost": "",
    "PayloadData1": "Target (encoded): UmTGMgTFbA35+PSgMOoZ2ToPpAK+awC010ZOYWQQIfc=",
    "PayloadData2": "",
    "PayloadData3": "",
    "PayloadData4": "",
    "PayloadData5": "",
    "PayloadData6": "ActivityID: 26053a18-4fa2-4d68-8c27-4cdde81b0000",
    "ExecutableInfo": "",
    "ExtraDataOffset": "0",
    "Payload": "{\"EventData\":{\"Data\":{\"@Name\":\"TraceMessage\",\"#text\":\"UmTGMgTFbA35+PSgMOoZ2ToPpAK+awC010ZOYWQQIfc=-\"}}}"
  },
  {
    "LineNumber": 109839,
    "TimeCreated": "2024-01-28 00:11:13.6383546",
    "EventId": "4648",
    "Level": "LogAlways",
    "Provider": "Microsoft-Windows-Security-Auditing",
    "ChunkNumber": "333",
    "UserId": "",
    "MapDescription": "A logon was attempted using explicit credentials",
    "UserName": "ACME\\LolaBunny",
    "RemoteHost": "-:-",
    "PayloadData1": "Target: ACME-WIN11-WS03\\Administrator",
    "PayloadData2": "TargetServerName: ACME-SER2019-DC-01.acme.local",
    "PayloadData3": "PID: 0x33C",
    "PayloadData4": "",
    "PayloadData5": "",
    "PayloadData6": "",
    "ExecutableInfo": "C:\\Windows\\System32\\lsass.exe",
    "ExtraDataOffset": "0",
    "Payload": "{\"EventData\":{\"Data\":[{\"@Name\":\"SubjectUserSid\",\"#text\":\"S-1-5-21-154156543-1801232051-1511951251-1109\"},{\"@Name\":\"SubjectUserName\",\"#text\":\"LolaBunny\"},{\"@Name\":\"SubjectDomainName\",\"#text\":\"ACME\"},{\"@Name\":\"SubjectLogonId\",\"#text\":\"0x424915\"},{\"@Name\":\"LogonGuid\",\"#text\":\"00000000-0000-0000-0000-000000000000\"},{\"@Name\":\"TargetUserName\",\"#text\":\"Administrator\"},{\"@Name\":\"TargetDomainName\",\"#text\":\"ACME-WIN11-WS03\"},{\"@Name\":\"TargetLogonGuid\",\"#text\":\"00000000-0000-0000-0000-000000000000\"},{\"@Name\":\"TargetServerName\",\"#text\":\"ACME-SER2019-DC-01.acme.local\"},{\"@Name\":\"TargetInfo\",\"#text\":\"ACME-SER2019-DC-01.acme.local\"},{\"@Name\":\"ProcessId\",\"#text\":\"0x33C\"},{\"@Name\":\"ProcessName\",\"#text\":\"C:\\\\Windows\\\\System32\\\\lsass.exe\"},{\"@Name\":\"IpAddress\",\"#text\":\"-\"},{\"@Name\":\"IpPort\",\"#text\":\"-\"}]}}"
  },
  {
    "LineNumber": 78844,
    "TimeCreated": "2024-01-28 00:11:16.2765500",
    "EventId": "1026",
    "Level": "Info",
    "Provider": "Microsoft-Windows-TerminalServices-ClientActiveXCore",
    "ChunkNumber": "0",
    "UserId": "S-1-5-21-154156543-1801232051-1511951251-1109",
    "MapDescription": "RDP ClientActiveX has been disconnected",
    "UserName": "",
    "RemoteHost": "",
    "PayloadData1": "Disconnect Reason: No error",
    "PayloadData2": "",
    "PayloadData3": "",
    "PayloadData4": "",
    "PayloadData5": "",
    "PayloadData6": "ActivityID: 26053a18-4fa2-4d68-8c27-4cdde81b0000",
    "ExecutableInfo": "",
    "ExtraDataOffset": "0",
    "Payload": "{\"EventData\":{\"Data\":[{\"@Name\":\"Name\",\"#text\":\"Disconnect Reason\"},{\"@Name\":\"Value\",\"#text\":\"263\"},{\"@Name\":\"CustomLevel\",\"#text\":\"Info\"}]}}"
  },
  {
    "LineNumber": 78845,
    "TimeCreated": "2024-01-28 00:11:16.2839028",
    "EventId": "1028",
    "Level": "Info",
    "Provider": "Microsoft-Windows-TerminalServices-ClientActiveXCore",
    "ChunkNumber": "0",
    "UserId": "S-1-5-21-154156543-1801232051-1511951251-1109",
    "MapDescription": "",
    "UserName": "",
    "RemoteHost": "",
    "PayloadData1": "",
    "PayloadData2": "",
    "PayloadData3": "",
    "PayloadData4": "",
    "PayloadData5": "",
    "PayloadData6": "",
    "ExecutableInfo": "",
    "ExtraDataOffset": "0",
    "Payload": "{\"EventData\":{\"Data\":{\"@Name\":\"TraceMessage\",\"#text\":\"supported\"}}}"
  },
  {
    "LineNumber": 78846,
    "TimeCreated": "2024-01-28 00:11:16.2841317",
    "EventId": "1029",
    "Level": "Info",
    "Provider": "Microsoft-Windows-TerminalServices-ClientActiveXCore",
    "ChunkNumber": "0",
    "UserId": "S-1-5-21-154156543-1801232051-1511951251-1109",
    "MapDescription": "RDP (outgoing connection)",
    "UserName": "",
    "RemoteHost": "",
    "PayloadData1": "Target (encoded): UmTGMgTFbA35+PSgMOoZ2ToPpAK+awC010ZOYWQQIfc=",
    "PayloadData2": "",
    "PayloadData3": "",
    "PayloadData4": "",
    "PayloadData5": "",
    "PayloadData6": "ActivityID: 26053a18-4fa2-4d68-8c27-4cdde81b0000",
    "ExecutableInfo": "",
    "ExtraDataOffset": "0",
    "Payload": "{\"EventData\":{\"Data\":{\"@Name\":\"TraceMessage\",\"#text\":\"UmTGMgTFbA35+PSgMOoZ2ToPpAK+awC010ZOYWQQIfc=-\"}}}"
  },
  {
    "LineNumber": 109840,
    "TimeCreated": "2024-01-28 00:11:16.2890933",
    "EventId": "4648",
    "Level": "LogAlways",
    "Provider": "Microsoft-Windows-Security-Auditing",
    "ChunkNumber": "333",
    "UserId": "",
    "MapDescription": "A logon was attempted using explicit credentials",
    "UserName": "ACME\\LolaBunny",
    "RemoteHost": "-:-",
    "PayloadData1": "Target: ACME-WIN11-WS03\\Administrator",
    "PayloadData2": "TargetServerName: ACME-SER2019-DC-01.acme.local",
    "PayloadData3": "PID: 0x33C",
    "PayloadData4": "",
    "PayloadData5": "",
    "PayloadData6": "",
    "ExecutableInfo": "C:\\Windows\\System32\\lsass.exe",
    "ExtraDataOffset": "0",
    "Payload": "{\"EventData\":{\"Data\":[{\"@Name\":\"SubjectUserSid\",\"#text\":\"S-1-5-21-154156543-1801232051-1511951251-1109\"},{\"@Name\":\"SubjectUserName\",\"#text\":\"LolaBunny\"},{\"@Name\":\"SubjectDomainName\",\"#text\":\"ACME\"},{\"@Name\":\"SubjectLogonId\",\"#text\":\"0x424915\"},{\"@Name\":\"LogonGuid\",\"#text\":\"00000000-0000-0000-0000-000000000000\"},{\"@Name\":\"TargetUserName\",\"#text\":\"Administrator\"},{\"@Name\":\"TargetDomainName\",\"#text\":\"ACME-WIN11-WS03\"},{\"@Name\":\"TargetLogonGuid\",\"#text\":\"00000000-0000-0000-0000-000000000000\"},{\"@Name\":\"TargetServerName\",\"#text\":\"ACME-SER2019-DC-01.acme.local\"},{\"@Name\":\"TargetInfo\",\"#text\":\"ACME-SER2019-DC-01.acme.local\"},{\"@Name\":\"ProcessId\",\"#text\":\"0x33C\"},{\"@Name\":\"ProcessName\",\"#text\":\"C:\\\\Windows\\\\System32\\\\lsass.exe\"},{\"@Name\":\"IpAddress\",\"#text\":\"-\"},{\"@Name\":\"IpPort\",\"#text\":\"-\"}]}}"
  },
  {
    "LineNumber": 78847,
    "TimeCreated": "2024-01-28 00:11:16.2946272",
    "EventId": "1102",
    "Level": "Info",
    "Provider": "Microsoft-Windows-TerminalServices-ClientActiveXCore",
    "ChunkNumber": "0",
    "UserId": "S-1-5-21-154156543-1801232051-1511951251-1109",
    "MapDescription": "RDP client has initiated a multi-transport connection to the server",
    "UserName": "",
    "RemoteHost": "",
    "PayloadData1": "Address: 192.168.68.111",
    "PayloadData2": "",
    "PayloadData3": "",
    "PayloadData4": "",
    "PayloadData5": "",
    "PayloadData6": "",
    "ExecutableInfo": "",
    "ExtraDataOffset": "0",
    "Payload": "{\"EventData\":{\"Data\":[{\"@Name\":\"Name\",\"#text\":\"ServerAddress\"},{\"@Name\":\"Value\",\"#text\":\"192.168.68.111\"},{\"@Name\":\"CustomLevel\",\"#text\":\"Info\"}]}}"
  },
  {
    "LineNumber": 78848,
    "TimeCreated": "2024-01-28 00:11:16.3148407",
    "EventId": "1103",
    "Level": "Info",
    "Provider": "Microsoft-Windows-TerminalServices-ClientActiveXCore",
    "ChunkNumber": "0",
    "UserId": "S-1-5-21-154156543-1801232051-1511951251-1109",
    "MapDescription": "The RDP client has established a multi-transport connection to the server",
    "UserName": "",
    "RemoteHost": "",
    "PayloadData1": "",
    "PayloadData2": "",
    "PayloadData3": "",
    "PayloadData4": "",
    "PayloadData5": "",
    "PayloadData6": "ActivityID: 26053a18-4fa2-4d68-8c27-4cdde81b0000",
    "ExecutableInfo": "",
    "ExtraDataOffset": "0",
    "Payload": "{\"EventData\":\"\"}"
  },
  {
    "LineNumber": 78849,
    "TimeCreated": "2024-01-28 00:11:16.3511537",
    "EventId": "1025",
    "Level": "Info",
    "Provider": "Microsoft-Windows-TerminalServices-ClientActiveXCore",
    "ChunkNumber": "0",
    "UserId": "S-1-5-21-154156543-1801232051-1511951251-1109",
    "MapDescription": "RDP ClientActiveX has connected to the server",
    "UserName": "",
    "RemoteHost": "",
    "PayloadData1": "",
    "PayloadData2": "",
    "PayloadData3": "",
    "PayloadData4": "",
    "PayloadData5": "",
    "PayloadData6": "ActivityID: 26053a18-4fa2-4d68-8c27-4cdde81b0000",
    "ExecutableInfo": "",
    "ExtraDataOffset": "0",
    "Payload": "{\"EventData\":\"\"}"
  },
  {
    "LineNumber": 78852,
    "TimeCreated": "2024-01-28 00:11:16.5390564",
    "EventId": "1027",
    "Level": "Info",
    "Provider": "Microsoft-Windows-TerminalServices-ClientActiveXCore",
    "ChunkNumber": "0",
    "UserId": "S-1-5-21-154156543-1801232051-1511951251-1109",
    "MapDescription": "RDP Connected to domain",
    "UserName": "",
    "RemoteHost": "",
    "PayloadData1": "Domain: ACME",
    "PayloadData2": "",
    "PayloadData3": "",
    "PayloadData4": "",
    "PayloadData5": "",
    "PayloadData6": "ActivityID: 26053a18-4fa2-4d68-8c27-4cdde81b0000",
    "ExecutableInfo": "",
    "ExtraDataOffset": "0",
    "Payload": "{\"EventData\":{\"Data\":[{\"@Name\":\"DomainName\",\"#text\":\"ACME\"},{\"@Name\":\"SessionId\",\"#text\":\"1\"}]}}"
  },
  {
    "LineNumber": 72646,
    "TimeCreated": "2024-01-28 00:11:17.4039953",
    "EventId": "3",
    "Level": "Info",
    "Provider": "Microsoft-Windows-Sysmon",
    "ChunkNumber": "219",
    "UserId": "S-1-5-18",
    "MapDescription": "Network connection",
    "UserName": "ACME\\LolaBunny",
    "RemoteHost": "",
    "PayloadData1": "ProcessID: 3304, ProcessGUID: fb9c9028-9b9c-65b5-a00d-000000000d00",
    "PayloadData2": "RuleName: RDP",
    "PayloadData3": "SourceHostname: ACME-WIN11-WS03.acme.local",
    "PayloadData4": "SourceIp: 192.168.68.123",
    "PayloadData5": "DestinationHostname: ACME-SER2019-DC-01",
    "PayloadData6": "DestinationIp: 192.168.68.111",
    "ExecutableInfo": "",
    "ExtraDataOffset": "0",
    "Payload": "{\"EventData\":{\"Data\":[{\"@Name\":\"RuleName\",\"#text\":\"RDP\"},{\"@Name\":\"UtcTime\",\"#text\":\"2024-01-28 00:11:15.457\"},{\"@Name\":\"ProcessGuid\",\"#text\":\"fb9c9028-9b9c-65b5-a00d-000000000d00\"},{\"@Name\":\"ProcessId\",\"#text\":\"3304\"},{\"@Name\":\"Image\",\"#text\":\"C:\\\\Windows\\\\System32\\\\mstsc.exe\"},{\"@Name\":\"User\",\"#text\":\"ACME\\\\LolaBunny\"},{\"@Name\":\"Protocol\",\"#text\":\"tcp\"},{\"@Name\":\"Initiated\",\"#text\":\"True\"},{\"@Name\":\"SourceIsIpv6\",\"#text\":\"False\"},{\"@Name\":\"SourceIp\",\"#text\":\"192.168.68.123\"},{\"@Name\":\"SourceHostname\",\"#text\":\"ACME-WIN11-WS03.acme.local\"},{\"@Name\":\"SourcePort\",\"#text\":\"57350\"},{\"@Name\":\"SourcePortName\",\"#text\":\"-\"},{\"@Name\":\"DestinationIsIpv6\",\"#text\":\"False\"},{\"@Name\":\"DestinationIp\",\"#text\":\"192.168.68.111\"},{\"@Name\":\"DestinationHostname\",\"#text\":\"ACME-SER2019-DC-01\"},{\"@Name\":\"DestinationPort\",\"#text\":\"3389\"},{\"@Name\":\"DestinationPortName\",\"#text\":\"ms-wbt-server\"}]}}"
  },
  {
    "LineNumber": 72647,
    "TimeCreated": "2024-01-28 00:11:17.4040119",
    "EventId": "3",
    "Level": "Info",
    "Provider": "Microsoft-Windows-Sysmon",
    "ChunkNumber": "219",
    "UserId": "S-1-5-18",
    "MapDescription": "Network connection",
    "UserName": "ACME\\LolaBunny",
    "RemoteHost": "",
    "PayloadData1": "ProcessID: 3304, ProcessGUID: fb9c9028-9b9c-65b5-a00d-000000000d00",
    "PayloadData2": "RuleName: RDP",
    "PayloadData3": "SourceHostname: ACME-WIN11-WS03.acme.local",
    "PayloadData4": "SourceIp: 192.168.68.123",
    "PayloadData5": "DestinationHostname: ACME-SER2019-DC-01",
    "PayloadData6": "DestinationIp: 192.168.68.111",
    "ExecutableInfo": "",
    "ExtraDataOffset": "0",
    "Payload": "{\"EventData\":{\"Data\":[{\"@Name\":\"RuleName\",\"#text\":\"RDP\"},{\"@Name\":\"UtcTime\",\"#text\":\"2024-01-28 00:11:15.471\"},{\"@Name\":\"ProcessGuid\",\"#text\":\"fb9c9028-9b9c-65b5-a00d-000000000d00\"},{\"@Name\":\"ProcessId\",\"#text\":\"3304\"},{\"@Name\":\"Image\",\"#text\":\"C:\\\\Windows\\\\System32\\\\mstsc.exe\"},{\"@Name\":\"User\",\"#text\":\"ACME\\\\LolaBunny\"},{\"@Name\":\"Protocol\",\"#text\":\"udp\"},{\"@Name\":\"Initiated\",\"#text\":\"True\"},{\"@Name\":\"SourceIsIpv6\",\"#text\":\"False\"},{\"@Name\":\"SourceIp\",\"#text\":\"192.168.68.123\"},{\"@Name\":\"SourceHostname\",\"#text\":\"ACME-WIN11-WS03.acme.local\"},{\"@Name\":\"SourcePort\",\"#text\":\"57243\"},{\"@Name\":\"SourcePortName\",\"#text\":\"-\"},{\"@Name\":\"DestinationIsIpv6\",\"#text\":\"False\"},{\"@Name\":\"DestinationIp\",\"#text\":\"192.168.68.111\"},{\"@Name\":\"DestinationHostname\",\"#text\":\"ACME-SER2019-DC-01\"},{\"@Name\":\"DestinationPort\",\"#text\":\"3389\"},{\"@Name\":\"DestinationPortName\",\"#text\":\"ms-wbt-server\"}]}}"
  },
  {
    "LineNumber": 72694,
    "TimeCreated": "2024-01-28 00:26:18.7683696",
    "EventId": "3",
    "Level": "Info",
    "Provider": "Microsoft-Windows-Sysmon",
    "ChunkNumber": "220",
    "UserId": "S-1-5-18",
    "MapDescription": "Network connection",
    "UserName": "ACME\\LolaBunny",
    "RemoteHost": "",
    "PayloadData1": "ProcessID: 3304, ProcessGUID: fb9c9028-9b9c-65b5-a00d-000000000d00",
    "PayloadData2": "RuleName: RDP",
    "PayloadData3": "SourceHostname: ACME-WIN11-WS03.acme.local",
    "PayloadData4": "SourceIp: 192.168.68.123",
    "PayloadData5": "DestinationHostname: ACME-SER2019-DC-01",
    "PayloadData6": "DestinationIp: 192.168.68.111",
    "ExecutableInfo": "",
    "ExtraDataOffset": "0",
    "Payload": "{\"EventData\":{\"Data\":[{\"@Name\":\"RuleName\",\"#text\":\"RDP\"},{\"@Name\":\"UtcTime\",\"#text\":\"2024-01-28 00:26:16.892\"},{\"@Name\":\"ProcessGuid\",\"#text\":\"fb9c9028-9b9c-65b5-a00d-000000000d00\"},{\"@Name\":\"ProcessId\",\"#text\":\"3304\"},{\"@Name\":\"Image\",\"#text\":\"C:\\\\Windows\\\\System32\\\\mstsc.exe\"},{\"@Name\":\"User\",\"#text\":\"ACME\\\\LolaBunny\"},{\"@Name\":\"Protocol\",\"#text\":\"udp\"},{\"@Name\":\"Initiated\",\"#text\":\"True\"},{\"@Name\":\"SourceIsIpv6\",\"#text\":\"False\"},{\"@Name\":\"SourceIp\",\"#text\":\"192.168.68.123\"},{\"@Name\":\"SourceHostname\",\"#text\":\"ACME-WIN11-WS03.acme.local\"},{\"@Name\":\"SourcePort\",\"#text\":\"57243\"},{\"@Name\":\"SourcePortName\",\"#text\":\"-\"},{\"@Name\":\"DestinationIsIpv6\",\"#text\":\"False\"},{\"@Name\":\"DestinationIp\",\"#text\":\"192.168.68.111\"},{\"@Name\":\"DestinationHostname\",\"#text\":\"ACME-SER2019-DC-01\"},{\"@Name\":\"DestinationPort\",\"#text\":\"3389\"},{\"@Name\":\"DestinationPortName\",\"#text\":\"ms-wbt-server\"}]}}"
  },
  {
    "LineNumber": 72735,
    "TimeCreated": "2024-01-28 04:11:25.7579242",
    "EventId": "3",
    "Level": "Info",
    "Provider": "Microsoft-Windows-Sysmon",
    "ChunkNumber": "222",
    "UserId": "S-1-5-18",
    "MapDescription": "Network connection",
    "UserName": "ACME\\LolaBunny",
    "RemoteHost": "",
    "PayloadData1": "ProcessID: 3304, ProcessGUID: fb9c9028-9b9c-65b5-a00d-000000000d00",
    "PayloadData2": "RuleName: RDP",
    "PayloadData3": "SourceHostname: ACME-WIN11-WS03.acme.local",
    "PayloadData4": "SourceIp: 192.168.68.123",
    "PayloadData5": "DestinationHostname: ACME-SER2019-DC-01",
    "PayloadData6": "DestinationIp: 192.168.68.111",
    "ExecutableInfo": "",
    "ExtraDataOffset": "0",
    "Payload": "{\"EventData\":{\"Data\":[{\"@Name\":\"RuleName\",\"#text\":\"RDP\"},{\"@Name\":\"UtcTime\",\"#text\":\"2024-01-28 04:11:23.726\"},{\"@Name\":\"ProcessGuid\",\"#text\":\"fb9c9028-9b9c-65b5-a00d-000000000d00\"},{\"@Name\":\"ProcessId\",\"#text\":\"3304\"},{\"@Name\":\"Image\",\"#text\":\"C:\\\\Windows\\\\System32\\\\mstsc.exe\"},{\"@Name\":\"User\",\"#text\":\"ACME\\\\LolaBunny\"},{\"@Name\":\"Protocol\",\"#text\":\"udp\"},{\"@Name\":\"Initiated\",\"#text\":\"True\"},{\"@Name\":\"SourceIsIpv6\",\"#text\":\"False\"},{\"@Name\":\"SourceIp\",\"#text\":\"192.168.68.123\"},{\"@Name\":\"SourceHostname\",\"#text\":\"ACME-WIN11-WS03.acme.local\"},{\"@Name\":\"SourcePort\",\"#text\":\"57243\"},{\"@Name\":\"SourcePortName\",\"#text\":\"-\"},{\"@Name\":\"DestinationIsIpv6\",\"#text\":\"False\"},{\"@Name\":\"DestinationIp\",\"#text\":\"192.168.68.111\"},{\"@Name\":\"DestinationHostname\",\"#text\":\"ACME-SER2019-DC-01\"},{\"@Name\":\"DestinationPort\",\"#text\":\"3389\"},{\"@Name\":\"DestinationPortName\",\"#text\":\"ms-wbt-server\"}]}}"
  },
  {
    "LineNumber": 78854,
    "TimeCreated": "2024-01-28 04:11:27.0895629",
    "EventId": "1026",
    "Level": "Info",
    "Provider": "Microsoft-Windows-TerminalServices-ClientActiveXCore",
    "ChunkNumber": "0",
    "UserId": "S-1-5-21-154156543-1801232051-1511951251-1109",
    "MapDescription": "RDP ClientActiveX has been disconnected",
    "UserName": "",
    "RemoteHost": "",
    "PayloadData1": "Disconnect Reason: The connection to the remote computer was lost, possibly due to network connectivity problems",
    "PayloadData2": "",
    "PayloadData3": "",
    "PayloadData4": "",
    "PayloadData5": "",
    "PayloadData6": "ActivityID: 26053a18-4fa2-4d68-8c27-4cdde81b0000",
    "ExecutableInfo": "",
    "ExtraDataOffset": "0",
    "Payload": "{\"EventData\":{\"Data\":[{\"@Name\":\"Name\",\"#text\":\"Disconnect Reason\"},{\"@Name\":\"Value\",\"#text\":\"2308\"},{\"@Name\":\"CustomLevel\",\"#text\":\"Info\"}]}}"
  }
]