  {
    "LineNumber": 78762,
    "TimeCreated": "2024-01-20 02:57:23.3745390",
    "EventId": "40",
    "Level": "Info",
    "Provider": "Microsoft-Windows-TerminalServices-LocalSessionManager",
    "ChunkNumber": "1",
    "UserId": "S-1-5-18",
    "MapDescription": "Session (PayloadData1) has been disconnected, reason code (PayloadData2)",
    "UserName": "",
    "RemoteHost": "",
    "PayloadData1": "Session: 5",
    "PayloadData2": "Reason: No additional information is available (i.e. the user has closed RDP window)",
    "PayloadData3": "",
    "PayloadData4": "",
    "PayloadData5": "",
    "PayloadData6": "",
    "ExecutableInfo": "",
    "ExtraDataOffset": "0",
    "Payload": "{\"UserData\":{\"EventXML\":{\"Session\":\"5\",\"Reason\":\"0\"}}}"
  },
  {
    "LineNumber": 78763,
    "TimeCreated": "2024-01-20 02:57:23.4178886",
    "EventId": "40",
    "Level": "Info",
    "Provider": "Microsoft-Windows-TerminalServices-LocalSessionManager",
    "ChunkNumber": "1",
    "UserId": "S-1-5-18",
    "MapDescription": "Session (PayloadData1) has been disconnected, reason code (PayloadData2)",
    "UserName": "",
    "RemoteHost": "",
    "PayloadData1": "Session: 4",
    "PayloadData2": "Reason: The client's connection was replaced by another connection (i.e. a user reconnected to a previous RDP session)",
    "PayloadData3": "",
    "PayloadData4": "",
    "PayloadData5": "",
    "PayloadData6": "",
    "ExecutableInfo": "",
    "ExtraDataOffset": "0",
    "Payload": "{\"UserData\":{\"EventXML\":{\"Session\":\"4\",\"Reason\":\"5\"}}}"
  },
  {
    "LineNumber": 78764,
    "TimeCreated": "2024-01-20 02:57:23.4763705",
    "EventId": "25",
    "Level": "Info",
    "Provider": "Microsoft-Windows-TerminalServices-LocalSessionManager",
    "ChunkNumber": "1",
    "UserId": "S-1-5-18",
    "MapDescription": "Remote Desktop Services: Session reconnection succeeded",
    "UserName": "ACME\\Administrator",
    "RemoteHost": "LOCAL",
    "PayloadData1": "Session ID: 4",
    "PayloadData2": "",
    "PayloadData3": "",
    "PayloadData4": "",
    "PayloadData5": "",
    "PayloadData6": "",
    "ExecutableInfo": "",
    "ExtraDataOffset": "0",
    "Payload": "{\"UserData\":{\"EventXML\":{\"User\":\"ACME\\\\Administrator\",\"SessionID\":\"4\",\"Address\":\"LOCAL\"}}}"
  },
  {
    "LineNumber": 78766,
    "TimeCreated": "2024-01-20 02:57:50.0335066",
    "EventId": "23",
    "Level": "Info",
    "Provider": "Microsoft-Windows-TerminalServices-LocalSessionManager",
    "ChunkNumber": "1",
    "UserId": "S-1-5-18",
    "MapDescription": "Remote Desktop Services: Session logoff succeeded",
    "UserName": "ACME\\Administrator",
    "RemoteHost": "",
    "PayloadData1": "Session ID: 4",
    "PayloadData2": "",
    "PayloadData3": "",
    "PayloadData4": "",
    "PayloadData5": "",
    "PayloadData6": "",
    "ExecutableInfo": "",
    "ExtraDataOffset": "0",
    "Payload": "{\"UserData\":{\"EventXML\":{\"User\":\"ACME\\\\Administrator\",\"SessionID\":\"4\"}}}"
  },
  {
    "LineNumber": 78767,
    "TimeCreated": "2024-01-20 02:57:50.0767062",
    "EventId": "39",
    "Level": "Info",
    "Provider": "Microsoft-Windows-TerminalServices-LocalSessionManager",
    "ChunkNumber": "1",
    "UserId": "S-1-5-18",
    "MapDescription": "Session (PayloadData1) has been disconnected by session (PayloadData2)",
    "UserName": "",
    "RemoteHost": "",
    "PayloadData1": "TargetSession: 4",
    "PayloadData2": "Source: 4",
    "PayloadData3": "",
    "PayloadData4": "",
    "PayloadData5": "",
    "PayloadData6": "",
    "ExecutableInfo": "",
    "ExtraDataOffset": "0",
    "Payload": "{\"UserData\":{\"EventXML\":{\"TargetSession\":\"4\",\"Source\":\"4\"}}}"
  },
  {
    "LineNumber": 78768,
    "TimeCreated": "2024-01-20 02:57:50.0767108",
    "EventId": "40",
    "Level": "Info",
    "Provider": "Microsoft-Windows-TerminalServices-LocalSessionManager",
    "ChunkNumber": "1",
    "UserId": "S-1-5-18",
    "MapDescription": "Session (PayloadData1) has been disconnected, reason code (PayloadData2)",
    "UserName": "",
    "RemoteHost": "",
    "PayloadData1": "Session: 4",
    "PayloadData2": "Reason: The disconnection was initiated by the user disconnecting his or her session on the server or by an administrative tool on the server",
    "PayloadData3": "",
    "PayloadData4": "",
    "PayloadData5": "",
    "PayloadData6": "",
    "ExecutableInfo": "",
    "ExtraDataOffset": "0",
    "Payload": "{\"UserData\":{\"EventXML\":{\"Session\":\"4\",\"Reason\":\"11\"}}}"
  },
  {
    "LineNumber": 78769,
    "TimeCreated": "2024-01-20 02:57:50.1227264",
    "EventId": "24",
    "Level": "Info",
    "Provider": "Microsoft-Windows-TerminalServices-LocalSessionManager",
    "ChunkNumber": "1",
    "UserId": "S-1-5-18",
    "MapDescription": "Remote Desktop Services: Session has been disconnected",
    "UserName": "ACME\\Administrator",
    "RemoteHost": "LOCAL",
    "PayloadData1": "Session ID: 4",
    "PayloadData2": "",
    "PayloadData3": "",
    "PayloadData4": "",
    "PayloadData5": "",
    "PayloadData6": "",
    "ExecutableInfo": "",
    "ExtraDataOffset": "0",
    "Payload": "{\"UserData\":{\"EventXML\":{\"User\":\"ACME\\\\Administrator\",\"SessionID\":\"4\",\"Address\":\"LOCAL\"}}}"
  },
  {
    "LineNumber": 78771,
    "TimeCreated": "2024-01-20 02:58:46.0153131",
    "EventId": "40",
    "Level": "Info",
    "Provider": "Microsoft-Windows-TerminalServices-LocalSessionManager",
    "ChunkNumber": "1",
    "UserId": "S-1-5-18",
    "MapDescription": "Session (PayloadData1) has been disconnected, reason code (PayloadData2)",
    "UserName": "",
    "RemoteHost": "",
    "PayloadData1": "Session: 6",
    "PayloadData2": "Reason: No additional information is available (i.e. the user has closed RDP window)",
    "PayloadData3": "",
    "PayloadData4": "",
    "PayloadData5": "",
    "PayloadData6": "",
    "ExecutableInfo": "",
    "ExtraDataOffset": "0",
    "Payload": "{\"UserData\":{\"EventXML\":{\"Session\":\"6\",\"Reason\":\"0\"}}}"
  },
  {
    "LineNumber": 78772,
    "TimeCreated": "2024-01-20 02:58:46.0597370",
    "EventId": "40",
    "Level": "Info",
    "Provider": "Microsoft-Windows-TerminalServices-LocalSessionManager",
    "ChunkNumber": "1",
    "UserId": "S-1-5-18",
    "MapDescription": "Session (PayloadData1) has been disconnected, reason code (PayloadData2)",
    "UserName": "",
    "RemoteHost": "",
    "PayloadData1": "Session: 3",
    "PayloadData2": "Reason: The client's connection was replaced by another connection (i.e. a user reconnected to a previous RDP session)",
    "PayloadData3": "",
    "PayloadData4": "",
    "PayloadData5": "",
    "PayloadData6": "",
    "ExecutableInfo": "",
    "ExtraDataOffset": "0",
    "Payload": "{\"UserData\":{\"EventXML\":{\"Session\":\"3\",\"Reason\":\"5\"}}}"
  },
  {
    "LineNumber": 78773,
    "TimeCreated": "2024-01-20 02:58:46.1804543",
    "EventId": "25",
    "Level": "Info",
    "Provider": "Microsoft-Windows-TerminalServices-LocalSessionManager",
    "ChunkNumber": "1",
    "UserId": "S-1-5-18",
    "MapDescription": "Remote Desktop Services: Session reconnection succeeded",
    "UserName": "ACME\\LolaBunny",
    "RemoteHost": "LOCAL",
    "PayloadData1": "Session ID: 3",
    "PayloadData2": "",
    "PayloadData3": "",
    "PayloadData4": "",
    "PayloadData5": "",
    "PayloadData6": "",
    "ExecutableInfo": "",
    "ExtraDataOffset": "0",
    "Payload": "{\"UserData\":{\"EventXML\":{\"User\":\"ACME\\\\LolaBunny\",\"SessionID\":\"3\",\"Address\":\"LOCAL\"}}}"
  },
  {
    "LineNumber": 71271,
    "TimeCreated": "2024-01-20 03:00:39.8285550",
    "EventId": "3",
    "Level": "Info",
    "Provider": "Microsoft-Windows-Sysmon",
    "ChunkNumber": "188",
    "UserId": "S-1-5-18",
    "MapDescription": "Network connection",
    "UserName": "ACME\\LolaBunny",
    "RemoteHost": "",
    "PayloadData1": "ProcessID: 14580, ProcessGUID: fb9c9028-33ba-65ab-ea08-000000000d00",
    "PayloadData2": "RuleName: RDP",
    "PayloadData3": "SourceHostname: ACME-WIN11-WS03.acme.local",
    "PayloadData4": "SourceIp: 192.168.68.123",
    "PayloadData5": "DestinationHostname: ACME-SER2019-DC-01",
    "PayloadData6": "DestinationIp: 192.168.68.111",
    "ExecutableInfo": "",
    "ExtraDataOffset": "0",
    "Payload": "{\"EventData\":{\"Data\":[{\"@Name\":\"RuleName\",\"#text\":\"RDP\"},{\"@Name\":\"UtcTime\",\"#text\":\"2024-01-20 03:00:37.492\"},{\"@Name\":\"ProcessGuid\",\"#text\":\"fb9c9028-33ba-65ab-ea08-000000000d00\"},{\"@Name\":\"ProcessId\",\"#text\":\"14580\"},{\"@Name\":\"Image\",\"#text\":\"C:\\\\Windows\\\\System32\\\\mstsc.exe\"},{\"@Name\":\"User\",\"#text\":\"ACME\\\\LolaBunny\"},{\"@Name\":\"Protocol\",\"#text\":\"udp\"},{\"@Name\":\"Initiated\",\"#text\":\"False\"},{\"@Name\":\"SourceIsIpv6\",\"#text\":\"False\"},{\"@Name\":\"SourceIp\",\"#text\":\"192.168.68.123\"},{\"@Name\":\"SourceHostname\",\"#text\":\"ACME-WIN11-WS03.acme.local\"},{\"@Name\":\"SourcePort\",\"#text\":\"61568\"},{\"@Name\":\"SourcePortName\",\"#text\":\"-\"},{\"@Name\":\"DestinationIsIpv6\",\"#text\":\"False\"},{\"@Name\":\"DestinationIp\",\"#text\":\"192.168.68.111\"},{\"@Name\":\"DestinationHostname\",\"#text\":\"ACME-SER2019-DC-01\"},{\"@Name\":\"DestinationPort\",\"#text\":\"3389\"},{\"@Name\":\"DestinationPortName\",\"#text\":\"ms-wbt-server\"}]}}"
  },
  {
    "LineNumber": 71291,
    "TimeCreated": "2024-01-20 03:15:42.2136786",
    "EventId": "3",
    "Level": "Info",
    "Provider": "Microsoft-Windows-Sysmon",
    "ChunkNumber": "188",
    "UserId": "S-1-5-18",
    "MapDescription": "Network connection",
    "UserName": "ACME\\LolaBunny",
    "RemoteHost": "",
    "PayloadData1": "ProcessID: 14580, ProcessGUID: fb9c9028-33ba-65ab-ea08-000000000d00",
    "PayloadData2": "RuleName: RDP",
    "PayloadData3": "SourceHostname: ACME-WIN11-WS03.acme.local",
    "PayloadData4": "SourceIp: 192.168.68.123",
    "PayloadData5": "DestinationHostname: ACME-SER2019-DC-01",
    "PayloadData6": "DestinationIp: 192.168.68.111",
    "ExecutableInfo": "",
    "ExtraDataOffset": "0",
    "Payload": "{\"EventData\":{\"Data\":[{\"@Name\":\"RuleName\",\"#text\":\"RDP\"},{\"@Name\":\"UtcTime\",\"#text\":\"2024-01-20 03:15:39.321\"},{\"@Name\":\"ProcessGuid\",\"#text\":\"fb9c9028-33ba-65ab-ea08-000000000d00\"},{\"@Name\":\"ProcessId\",\"#text\":\"14580\"},{\"@Name\":\"Image\",\"#text\":\"C:\\\\Windows\\\\System32\\\\mstsc.exe\"},{\"@Name\":\"User\",\"#text\":\"ACME\\\\LolaBunny\"},{\"@Name\":\"Protocol\",\"#text\":\"udp\"},{\"@Name\":\"Initiated\",\"#text\":\"True\"},{\"@Name\":\"SourceIsIpv6\",\"#text\":\"False\"},{\"@Name\":\"SourceIp\",\"#text\":\"192.168.68.123\"},{\"@Name\":\"SourceHostname\",\"#text\":\"ACME-WIN11-WS03.acme.local\"},{\"@Name\":\"SourcePort\",\"#text\":\"61568\"},{\"@Name\":\"SourcePortName\",\"#text\":\"-\"},{\"@Name\":\"DestinationIsIpv6\",\"#text\":\"False\"},{\"@Name\":\"DestinationIp\",\"#text\":\"192.168.68.111\"},{\"@Name\":\"DestinationHostname\",\"#text\":\"ACME-SER2019-DC-01\"},{\"@Name\":\"DestinationPort\",\"#text\":\"3389\"},{\"@Name\":\"DestinationPortName\",\"#text\":\"ms-wbt-server\"}]}}"
  },
  {
    "LineNumber": 71339,
    "TimeCreated": "2024-01-20 03:30:44.0882337",
    "EventId": "3",
    "Level": "Info",
    "Provider": "Microsoft-Windows-Sysmon",
    "ChunkNumber": "189",
    "UserId": "S-1-5-18",
    "MapDescription": "Network connection",
    "UserName": "ACME\\LolaBunny",
    "RemoteHost": "",
    "PayloadData1": "ProcessID: 14580, ProcessGUID: fb9c9028-33ba-65ab-ea08-000000000d00",
    "PayloadData2": "RuleName: RDP",
    "PayloadData3": "SourceHostname: ACME-WIN11-WS03.acme.local",
    "PayloadData4": "SourceIp: 192.168.68.123",
    "PayloadData5": "DestinationHostname: ACME-SER2019-DC-01",
    "PayloadData6": "DestinationIp: 192.168.68.111",
    "ExecutableInfo": "",
    "ExtraDataOffset": "0",
    "Payload": "{\"EventData\":{\"Data\":[{\"@Name\":\"RuleName\",\"#text\":\"RDP\"},{\"@Name\":\"UtcTime\",\"#text\":\"2024-01-20 03:30:41.291\"},{\"@Name\":\"ProcessGuid\",\"#text\":\"fb9c9028-33ba-65ab-ea08-000000000d00\"},{\"@Name\":\"ProcessId\",\"#text\":\"14580\"},{\"@Name\":\"Image\",\"#text\":\"C:\\\\Windows\\\\System32\\\\mstsc.exe\"},{\"@Name\":\"User\",\"#text\":\"ACME\\\\LolaBunny\"},{\"@Name\":\"Protocol\",\"#text\":\"udp\"},{\"@Name\":\"Initiated\",\"#text\":\"True\"},{\"@Name\":\"SourceIsIpv6\",\"#text\":\"False\"},{\"@Name\":\"SourceIp\",\"#text\":\"192.168.68.123\"},{\"@Name\":\"SourceHostname\",\"#text\":\"ACME-WIN11-WS03.acme.local\"},{\"@Name\":\"SourcePort\",\"#text\":\"61568\"},{\"@Name\":\"SourcePortName\",\"#text\":\"-\"},{\"@Name\":\"DestinationIsIpv6\",\"#text\":\"False\"},{\"@Name\":\"DestinationIp\",\"#text\":\"192.168.68.111\"},{\"@Name\":\"DestinationHostname\",\"#text\":\"ACME-SER2019-DC-01\"},{\"@Name\":\"DestinationPort\",\"#text\":\"3389\"},{\"@Name\":\"DestinationPortName\",\"#text\":\"ms-wbt-server\"}]}}"
  },
  {
    "LineNumber": 78806,
    "TimeCreated": "2024-01-21 01:30:46.8275779",
    "EventId": "1026",
    "Level": "Info",
    "Provider": "Microsoft-Windows-TerminalServices-ClientActiveXCore",
    "ChunkNumber": "0",
    "UserId": "S-1-5-21-154156543-1801232051-1511951251-1109",
    "MapDescription": "RDP ClientActiveX has been disconnected",
    "UserName": "",
    "RemoteHost": "",
    "PayloadData1": "Disconnect Reason: The connection to the remote computer was lost, possibly due to network connectivity problems",
    "PayloadData2": "",
    "PayloadData3": "",
    "PayloadData4": "",
    "PayloadData5": "",
    "PayloadData6": "ActivityID: 138f35da-1c17-4974-8970-456c05900000",
    "ExecutableInfo": "",
    "ExtraDataOffset": "0",
    "Payload": "{\"EventData\":{\"Data\":[{\"@Name\":\"Name\",\"#text\":\"Disconnect Reason\"},{\"@Name\":\"Value\",\"#text\":\"2308\"},{\"@Name\":\"CustomLevel\",\"#text\":\"Info\"}]}}"
  },
  {
    "LineNumber": 71357,
    "TimeCreated": "2024-01-21 01:30:47.7583495",
    "EventId": "3",
    "Level": "Info",
    "Provider": "Microsoft-Windows-Sysmon",
    "ChunkNumber": "190",
    "UserId": "S-1-5-18",
    "MapDescription": "Network connection",
    "UserName": "ACME\\LolaBunny",
    "RemoteHost": "",
    "PayloadData1": "ProcessID: 14580, ProcessGUID: fb9c9028-33ba-65ab-ea08-000000000d00",
    "PayloadData2": "RuleName: RDP",
    "PayloadData3": "SourceHostname: ACME-WIN11-WS03.acme.local",
    "PayloadData4": "SourceIp: 192.168.68.123",
    "PayloadData5": "DestinationHostname: ACME-SER2019-DC-01",
    "PayloadData6": "DestinationIp: 192.168.68.111",
    "ExecutableInfo": "",
    "ExtraDataOffset": "0",
    "Payload": "{\"EventData\":{\"Data\":[{\"@Name\":\"RuleName\",\"#text\":\"RDP\"},{\"@Name\":\"UtcTime\",\"#text\":\"2024-01-21 01:30:45.799\"},{\"@Name\":\"ProcessGuid\",\"#text\":\"fb9c9028-33ba-65ab-ea08-000000000d00\"},{\"@Name\":\"ProcessId\",\"#text\":\"14580\"},{\"@Name\":\"Image\",\"#text\":\"C:\\\\Windows\\\\System32\\\\mstsc.exe\"},{\"@Name\":\"User\",\"#text\":\"ACME\\\\LolaBunny\"},{\"@Name\":\"Protocol\",\"#text\":\"udp\"},{\"@Name\":\"Initiated\",\"#text\":\"True\"},{\"@Name\":\"SourceIsIpv6\",\"#text\":\"False\"},{\"@Name\":\"SourceIp\",\"#text\":\"192.168.68.123\"},{\"@Name\":\"SourceHostname\",\"#text\":\"ACME-WIN11-WS03.acme.local\"},{\"@Name\":\"SourcePort\",\"#text\":\"61568\"},{\"@Name\":\"SourcePortName\",\"#text\":\"-\"},{\"@Name\":\"DestinationIsIpv6\",\"#text\":\"False\"},{\"@Name\":\"DestinationIp\",\"#text\":\"192.168.68.111\"},{\"@Name\":\"DestinationHostname\",\"#text\":\"ACME-SER2019-DC-01\"},{\"@Name\":\"DestinationPort\",\"#text\":\"3389\"},{\"@Name\":\"DestinationPortName\",\"#text\":\"ms-wbt-server\"}]}}"
  },
  {
    "LineNumber": 78807,
    "TimeCreated": "2024-01-27 23:14:51.9210228",
    "EventId": "1024",
    "Level": "Info",
    "Provider": "Microsoft-Windows-TerminalServices-ClientActiveXCore",
    "ChunkNumber": "0",
    "UserId": "S-1-5-21-154156543-1801232051-1511951251-1109",
    "MapDescription": "RDP Client is trying to connect to the server",
    "UserName": "",
    "RemoteHost": "",
    "PayloadData1": "Dest: 192.168.68.111",
    "PayloadData2": "",
    "PayloadData3": "",
    "PayloadData4": "",
    "PayloadData5": "",
    "PayloadData6": "ActivityID: 3a4162f9-22f1-4bad-b3fb-9c1334260000",
    "ExecutableInfo": "",
    "ExtraDataOffset": "0",
    "Payload": "{\"EventData\":{\"Data\":[{\"@Name\":\"Name\",\"#text\":\"Server Name\"},{\"@Name\":\"Value\",\"#text\":\"192.168.68.111\"},{\"@Name\":\"CustomLevel\",\"#text\":\"Info\"}]}}"
  },
  {
    "LineNumber": 78808,
    "TimeCreated": "2024-01-27 23:14:51.9396876",
    "EventId": "1028",
    "Level": "Info",
    "Provider": "Microsoft-Windows-TerminalServices-ClientActiveXCore",
    "ChunkNumber": "0",
    "UserId": "S-1-5-21-154156543-1801232051-1511951251-1109",
    "MapDescription": "",
    "UserName": "",
    "RemoteHost": "",
    "PayloadData1": "",
    "PayloadData2": "",
    "PayloadData3": "",
    "PayloadData4": "",
    "PayloadData5": "",
    "PayloadData6": "",
    "ExecutableInfo": "",
    "ExtraDataOffset": "0",
    "Payload": "{\"EventData\":{\"Data\":{\"@Name\":\"TraceMessage\",\"#text\":\"supported\"}}}"
  },
  {
    "LineNumber": 72285,
    "TimeCreated": "2024-01-27 23:14:53.8660313",
    "EventId": "3",
    "Level": "Info",
    "Provider": "Microsoft-Windows-Sysmon",
    "ChunkNumber": "212",
    "UserId": "S-1-5-18",
    "MapDescription": "Network connection",
    "UserName": "ACME\\LolaBunny",
    "RemoteHost": "",
    "PayloadData1": "ProcessID: 8968, ProcessGUID: fb9c9028-8e69-65b5-7f0c-000000000d00",
    "PayloadData2": "RuleName: RDP",
    "PayloadData3": "SourceHostname: ACME-WIN11-WS03.acme.local",
    "PayloadData4": "SourceIp: 192.168.68.123",
    "PayloadData5": "DestinationHostname: ACME-SER2019-DC-01",
    "PayloadData6": "DestinationIp: 192.168.68.111",
    "ExecutableInfo": "",
    "ExtraDataOffset": "0",
    "Payload": "{\"EventData\":{\"Data\":[{\"@Name\":\"RuleName\",\"#text\":\"RDP\"},{\"@Name\":\"UtcTime\",\"#text\":\"2024-01-27 23:14:49.821\"},{\"@Name\":\"ProcessGuid\",\"#text\":\"fb9c9028-8e69-65b5-7f0c-000000000d00\"},{\"@Name\":\"ProcessId\",\"#text\":\"8968\"},{\"@Name\":\"Image\",\"#text\":\"C:\\\\Windows\\\\system32\\\\mstsc.exe\"},{\"@Name\":\"User\",\"#text\":\"ACME\\\\LolaBunny\"},{\"@Name\":\"Protocol\",\"#text\":\"tcp\"},{\"@Name\":\"Initiated\",\"#text\":\"True\"},{\"@Name\":\"SourceIsIpv6\",\"#text\":\"False\"},{\"@Name\":\"SourceIp\",\"#text\":\"192.168.68.123\"},{\"@Name\":\"SourceHostname\",\"#text\":\"ACME-WIN11-WS03.acme.local\"},{\"@Name\":\"SourcePort\",\"#text\":\"56510\"},{\"@Name\":\"SourcePortName\",\"#text\":\"-\"},{\"@Name\":\"DestinationIsIpv6\",\"#text\":\"False\"},{\"@Name\":\"DestinationIp\",\"#text\":\"192.168.68.111\"},{\"@Name\":\"DestinationHostname\",\"#text\":\"ACME-SER2019-DC-01\"},{\"@Name\":\"DestinationPort\",\"#text\":\"3389\"},{\"@Name\":\"DestinationPortName\",\"#text\":\"ms-wbt-server\"}]}}"
  },
  {
    "LineNumber": 78809,
    "TimeCreated": "2024-01-27 23:15:02.7010973",
    "EventId": "1029",
    "Level": "Info",
    "Provider": "Microsoft-Windows-TerminalServices-ClientActiveXCore",
    "ChunkNumber": "0",
    "UserId": "S-1-5-21-154156543-1801232051-1511951251-1109",
    "MapDescription": "RDP (outgoing connection)",
    "UserName": "",
    "RemoteHost": "",
    "PayloadData1": "Target (encoded): UmTGMgTFbA35+PSgMOoZ2ToPpAK+awC010ZOYWQQIfc=",
    "PayloadData2": "",
    "PayloadData3": "",
    "PayloadData4": "",
    "PayloadData5": "",
    "PayloadData6": "ActivityID: 3a4162f9-22f1-4bad-b3fb-9c1334260000",
    "ExecutableInfo": "",
    "ExtraDataOffset": "0",
    "Payload": "{\"EventData\":{\"Data\":{\"@Name\":\"TraceMessage\",\"#text\":\"UmTGMgTFbA35+PSgMOoZ2ToPpAK+awC010ZOYWQQIfc=-\"}}}"
  },
  {
    "LineNumber": 109671,
    "TimeCreated": "2024-01-27 23:15:02.7236822",
    "EventId": "4648",
    "Level": "LogAlways",
    "Provider": "Microsoft-Windows-Security-Auditing",
    "ChunkNumber": "331",
    "UserId": "",
    "MapDescription": "A logon was attempted using explicit credentials",
    "UserName": "ACME\\LolaBunny",
    "RemoteHost": "-:-",
    "PayloadData1": "Target: ACME-WIN11-WS03\\Administrator",
    "PayloadData2": "TargetServerName: ACME-SER2019-DC-01.acme.local",
    "PayloadData3": "PID: 0x33C",
    "PayloadData4": "",
    "PayloadData5": "",
    "PayloadData6": "",
    "ExecutableInfo": "C:\\Windows\\System32\\lsass.exe",
    "ExtraDataOffset": "0",
    "Payload": "{\"EventData\":{\"Data\":[{\"@Name\":\"SubjectUserSid\",\"#text\":\"S-1-5-21-154156543-1801232051-1511951251-1109\"},{\"@Name\":\"SubjectUserName\",\"#text\":\"LolaBunny\"},{\"@Name\":\"SubjectDomainName\",\"#text\":\"ACME\"},{\"@Name\":\"SubjectLogonId\",\"#text\":\"0x424915\"},{\"@Name\":\"LogonGuid\",\"#text\":\"00000000-0000-0000-0000-000000000000\"},{\"@Name\":\"TargetUserName\",\"#text\":\"Administrator\"},{\"@Name\":\"TargetDomainName\",\"#text\":\"ACME-WIN11-WS03\"},{\"@Name\":\"TargetLogonGuid\",\"#text\":\"00000000-0000-0000-0000-000000000000\"},{\"@Name\":\"TargetServerName\",\"#text\":\"ACME-SER2019-DC-01.acme.local\"},{\"@Name\":\"TargetInfo\",\"#text\":\"ACME-SER2019-DC-01.acme.local\"},{\"@Name\":\"ProcessId\",\"#text\":\"0x33C\"},{\"@Name\":\"ProcessName\",\"#text\":\"C:\\\\Windows\\\\System32\\\\lsass.exe\"},{\"@Name\":\"IpAddress\",\"#text\":\"-\"},{\"@Name\":\"IpPort\",\"#text\":\"-\"}]}}"
  },
  {
    "LineNumber": 78812,
    "TimeCreated": "2024-01-27 23:15:06.2018209",
    "EventId": "1026",
    "Level": "Info",
    "Provider": "Microsoft-Windows-TerminalServices-ClientActiveXCore",
    "ChunkNumber": "0",
    "UserId": "S-1-5-21-154156543-1801232051-1511951251-1109",
    "MapDescription": "RDP ClientActiveX has been disconnected",
    "UserName": "",
    "RemoteHost": "",
    "PayloadData1": "Disconnect Reason: No error",
    "PayloadData2": "",
    "PayloadData3": "",
    "PayloadData4": "",
    "PayloadData5": "",
    "PayloadData6": "ActivityID: 3a4162f9-22f1-4bad-b3fb-9c1334260000",
    "ExecutableInfo": "",
    "ExtraDataOffset": "0",
    "Payload": "{\"EventData\":{\"Data\":[{\"@Name\":\"Name\",\"#text\":\"Disconnect Reason\"},{\"@Name\":\"Value\",\"#text\":\"263\"},{\"@Name\":\"CustomLevel\",\"#text\":\"Info\"}]}}"
  },
  {
    "LineNumber": 78813,
    "TimeCreated": "2024-01-27 23:15:06.2083007",
    "EventId": "1028",
    "Level": "Info",
    "Provider": "Microsoft-Windows-TerminalServices-ClientActiveXCore",
    "ChunkNumber": "0",
    "UserId": "S-1-5-21-154156543-1801232051-1511951251-1109",
    "MapDescription": "",
    "UserName": "",
    "RemoteHost": "",
    "PayloadData1": "",
    "PayloadData2": "",
    "PayloadData3": "",
    "PayloadData4": "",
    "PayloadData5": "",
    "PayloadData6": "",
    "ExecutableInfo": "",
    "ExtraDataOffset": "0",
    "Payload": "{\"EventData\":{\"Data\":{\"@Name\":\"TraceMessage\",\"#text\":\"supported\"}}}"
  },
  {
    "LineNumber": 78814,
    "TimeCreated": "2024-01-27 23:15:06.2084555",
    "EventId": "1029",
    "Level": "Info",
    "Provider": "Microsoft-Windows-TerminalServices-ClientActiveXCore",
    "ChunkNumber": "0",
    "UserId": "S-1-5-21-154156543-1801232051-1511951251-1109",
    "MapDescription": "RDP (outgoing connection)",
    "UserName": "",
    "RemoteHost": "",
    "PayloadData1": "Target (encoded): UmTGMgTFbA35+PSgMOoZ2ToPpAK+awC010ZOYWQQIfc=",
    "PayloadData2": "",
    "PayloadData3": "",
    "PayloadData4": "",
    "PayloadData5": "",
    "PayloadData6": "ActivityID: 3a4162f9-22f1-4bad-b3fb-9c1334260000",
    "ExecutableInfo": "",
    "ExtraDataOffset": "0",
    "Payload": "{\"EventData\":{\"Data\":{\"@Name\":\"TraceMessage\",\"#text\":\"UmTGMgTFbA35+PSgMOoZ2ToPpAK+awC010ZOYWQQIfc=-\"}}}"
  },
  {
    "LineNumber": 109672,
    "TimeCreated": "2024-01-27 23:15:06.2136741",
    "EventId": "4648",
    "Level": "LogAlways",
    "Provider": "Microsoft-Windows-Security-Auditing",
    "ChunkNumber": "331",
    "UserId": "",
    "MapDescription": "A logon was attempted using explicit credentials",
    "UserName": "ACME\\LolaBunny",
    "RemoteHost": "-:-",
    "PayloadData1": "Target: ACME-WIN11-WS03\\Administrator",
    "PayloadData2": "TargetServerName: ACME-SER2019-DC-01.acme.local",
    "PayloadData3": "PID: 0x33C",
    "PayloadData4": "",
    "PayloadData5": "",
    "PayloadData6": "",
    "ExecutableInfo": "C:\\Windows\\System32\\lsass.exe",
    "ExtraDataOffset": "0",
    "Payload": "{\"EventData\":{\"Data\":[{\"@Name\":\"SubjectUserSid\",\"#text\":\"S-1-5-21-154156543-1801232051-1511951251-1109\"},{\"@Name\":\"SubjectUserName\",\"#text\":\"LolaBunny\"},{\"@Name\":\"SubjectDomainName\",\"#text\":\"ACME\"},{\"@Name\":\"SubjectLogonId\",\"#text\":\"0x424915\"},{\"@Name\":\"LogonGuid\",\"#text\":\"00000000-0000-0000-0000-000000000000\"},{\"@Name\":\"TargetUserName\",\"#text\":\"Administrator\"},{\"@Name\":\"TargetDomainName\",\"#text\":\"ACME-WIN11-WS03\"},{\"@Name\":\"TargetLogonGuid\",\"#text\":\"00000000-0000-0000-0000-000000000000\"},{\"@Name\":\"TargetServerName\",\"#text\":\"ACME-SER2019-DC-01.acme.local\"},{\"@Name\":\"TargetInfo\",\"#text\":\"ACME-SER2019-DC-01.acme.local\"},{\"@Name\":\"ProcessId\",\"#text\":\"0x33C\"},{\"@Name\":\"ProcessName\",\"#text\":\"C:\\\\Windows\\\\System32\\\\lsass.exe\"},{\"@Name\":\"IpAddress\",\"#text\":\"-\"},{\"@Name\":\"IpPort\",\"#text\":\"-\"}]}}"
  },
  {
    "LineNumber": 78815,
    "TimeCreated": "2024-01-27 23:15:06.2195314",
    "EventId": "1102",
    "Level": "Info",
    "Provider": "Microsoft-Windows-TerminalServices-ClientActiveXCore",
    "ChunkNumber": "0",
    "UserId": "S-1-5-21-154156543-1801232051-1511951251-1109",
    "MapDescription": "RDP client has initiated a multi-transport connection to the server",
    "UserName": "",
    "RemoteHost": "",
    "PayloadData1": "Address: 192.168.68.111",
    "PayloadData2": "",
    "PayloadData3": "",
    "PayloadData4": "",
    "PayloadData5": "",
    "PayloadData6": "",
    "ExecutableInfo": "",
    "ExtraDataOffset": "0",
    "Payload": "{\"EventData\":{\"Data\":[{\"@Name\":\"Name\",\"#text\":\"ServerAddress\"},{\"@Name\":\"Value\",\"#text\":\"192.168.68.111\"},{\"@Name\":\"CustomLevel\",\"#text\":\"Info\"}]}}"
  },
  {
    "LineNumber": 78816,
    "TimeCreated": "2024-01-27 23:15:06.2609721",
    "EventId": "1103",
    "Level": "Info",
    "Provider": "Microsoft-Windows-TerminalServices-ClientActiveXCore",
    "ChunkNumber": "0",
    "UserId": "S-1-5-21-154156543-1801232051-1511951251-1109",
    "MapDescription": "The RDP client has established a multi-transport connection to the server",
    "UserName": "",
    "RemoteHost": "",
    "PayloadData1": "",
    "PayloadData2": "",
    "PayloadData3": "",
    "PayloadData4": "",
    "PayloadData5": "",
    "PayloadData6": "ActivityID: 3a4162f9-22f1-4bad-b3fb-9c1334260000",
    "ExecutableInfo": "",
    "ExtraDataOffset": "0",
    "Payload": "{\"EventData\":\"\"}"
  },
  {
    "LineNumber": 78817,
    "TimeCreated": "2024-01-27 23:15:06.2671415",
    "EventId": "1025",
    "Level": "Info",
    "Provider": "Microsoft-Windows-TerminalServices-ClientActiveXCore",
    "ChunkNumber": "0",
    "UserId": "S-1-5-21-154156543-1801232051-1511951251-1109",
    "MapDescription": "RDP ClientActiveX has connected to the server",
    "UserName": "",
    "RemoteHost": "",
    "PayloadData1": "",
    "PayloadData2": "",
    "PayloadData3": "",
    "PayloadData4": "",
    "PayloadData5": "",
    "PayloadData6": "ActivityID: 3a4162f9-22f1-4bad-b3fb-9c1334260000",
    "ExecutableInfo": "",
    "ExtraDataOffset": "0",
    "Payload": "{\"EventData\":\"\"}"
  },
  {
    "LineNumber": 78820,
    "TimeCreated": "2024-01-27 23:15:06.4776226",
    "EventId": "1027",
    "Level": "Info",
    "Provider": "Microsoft-Windows-TerminalServices-ClientActiveXCore",
    "ChunkNumber": "0",
    "UserId": "S-1-5-21-154156543-1801232051-1511951251-1109",
    "MapDescription": "RDP Connected to domain",
    "UserName": "",
    "RemoteHost": "",
    "PayloadData1": "Domain: ACME",
    "PayloadData2": "",
    "PayloadData3": "",
    "PayloadData4": "",
    "PayloadData5": "",
    "PayloadData6": "ActivityID: 3a4162f9-22f1-4bad-b3fb-9c1334260000",
    "ExecutableInfo": "",
    "ExtraDataOffset": "0",
    "Payload": "{\"EventData\":{\"Data\":[{\"@Name\":\"DomainName\",\"#text\":\"ACME\"},{\"@Name\":\"SessionId\",\"#text\":\"1\"}]}}"
  },
  {
    "LineNumber": 72286,
    "TimeCreated": "2024-01-27 23:15:07.4540384",
    "EventId": "3",
    "Level": "Info",
    "Provider": "Microsoft-Windows-Sysmon",
    "ChunkNumber": "212",
    "UserId": "S-1-5-18",
    "MapDescription": "Network connection",
    "UserName": "ACME\\LolaBunny",
    "RemoteHost": "",
    "PayloadData1": "ProcessID: 8968, ProcessGUID: fb9c9028-8e69-65b5-7f0c-000000000d00",
    "PayloadData2": "RuleName: RDP",
    "PayloadData3": "SourceHostname: ACME-WIN11-WS03.acme.local",
    "PayloadData4": "SourceIp: 192.168.68.123",
    "PayloadData5": "DestinationHostname: ACME-SER2019-DC-01",
    "PayloadData6": "DestinationIp: 192.168.68.111",
    "ExecutableInfo": "",
    "ExtraDataOffset": "0",
    "Payload": "{\"EventData\":{\"Data\":[{\"@Name\":\"RuleName\",\"#text\":\"RDP\"},{\"@Name\":\"UtcTime\",\"#text\":\"2024-01-27 23:15:04.091\"},{\"@Name\":\"ProcessGuid\",\"#text\":\"fb9c9028-8e69-65b5-7f0c-000000000d00\"},{\"@Name\":\"ProcessId\",\"#text\":\"8968\"},{\"@Name\":\"Image\",\"#text\":\"C:\\\\Windows\\\\System32\\\\mstsc.exe\"},{\"@Name\":\"User\",\"#text\":\"ACME\\\\LolaBunny\"},{\"@Name\":\"Protocol\",\"#text\":\"tcp\"},{\"@Name\":\"Initiated\",\"#text\":\"True\"},{\"@Name\":\"SourceIsIpv6\",\"#text\":\"False\"},{\"@Name\":\"SourceIp\",\"#text\":\"192.168.68.123\"},{\"@Name\":\"SourceHostname\",\"#text\":\"ACME-WIN11-WS03.acme.local\"},{\"@Name\":\"SourcePort\",\"#text\":\"56516\"},{\"@Name\":\"SourcePortName\",\"#text\":\"-\"},{\"@Name\":\"DestinationIsIpv6\",\"#text\":\"False\"},{\"@Name\":\"DestinationIp\",\"#text\":\"192.168.68.111\"},{\"@Name\":\"DestinationHostname\",\"#text\":\"ACME-SER2019-DC-01\"},{\"@Name\":\"DestinationPort\",\"#text\":\"3389\"},{\"@Name\":\"DestinationPortName\",\"#text\":\"ms-wbt-server\"}]}}"
  },
  {
    "LineNumber": 72287,
    "TimeCreated": "2024-01-27 23:15:07.4540549",
    "EventId": "3",
    "Level": "Info",
    "Provider": "Microsoft-Windows-Sysmon",
    "ChunkNumber": "212",
    "UserId": "S-1-5-18",
    "MapDescription": "Network connection",
    "UserName": "ACME\\LolaBunny",
    "RemoteHost": "",
    "PayloadData1": "ProcessID: 8968, ProcessGUID: fb9c9028-8e69-65b5-7f0c-000000000d00",
    "PayloadData2": "RuleName: RDP",
    "PayloadData3": "SourceHostname: ACME-WIN11-WS03.acme.local",
    "PayloadData4": "SourceIp: 192.168.68.123",
    "PayloadData5": "DestinationHostname: ACME-SER2019-DC-01",
    "PayloadData6": "DestinationIp: 192.168.68.111",
    "ExecutableInfo": "",
    "ExtraDataOffset": "0",
    "Payload": "{\"EventData\":{\"Data\":[{\"@Name\":\"RuleName\",\"#text\":\"RDP\"},{\"@Name\":\"UtcTime\",\"#text\":\"2024-01-27 23:15:04.107\"},{\"@Name\":\"ProcessGuid\",\"#text\":\"fb9c9028-8e69-65b5-7f0c-000000000d00\"},{\"@Name\":\"ProcessId\",\"#text\":\"8968\"},{\"@Name\":\"Image\",\"#text\":\"C:\\\\Windows\\\\System32\\\\mstsc.exe\"},{\"@Name\":\"User\",\"#text\":\"ACME\\\\LolaBunny\"},{\"@Name\":\"Protocol\",\"#text\":\"udp\"},{\"@Name\":\"Initiated\",\"#text\":\"True\"},{\"@Name\":\"SourceIsIpv6\",\"#text\":\"False\"},{\"@Name\":\"SourceIp\",\"#text\":\"192.168.68.123\"},{\"@Name\":\"SourceHostname\",\"#text\":\"ACME-WIN11-WS03.acme.local\"},{\"@Name\":\"SourcePort\",\"#text\":\"64529\"},{\"@Name\":\"SourcePortName\",\"#text\":\"-\"},{\"@Name\":\"DestinationIsIpv6\",\"#text\":\"False\"},{\"@Name\":\"DestinationIp\",\"#text\":\"192.168.68.111\"},{\"@Name\":\"DestinationHostname\",\"#text\":\"ACME-SER2019-DC-01\"},{\"@Name\":\"DestinationPort\",\"#text\":\"3389\"},{\"@Name\":\"DestinationPortName\",\"#text\":\"ms-wbt-server\"}]}}"
  },
  {
    "LineNumber": 109673,
    "TimeCreated": "2024-01-27 23:15:15.0454116",
    "EventId": "4648",
    "Level": "LogAlways",
    "Provider": "Microsoft-Windows-Security-Auditing",
    "ChunkNumber": "331",
    "UserId": "",
    "MapDescription": "A logon was attempted using explicit credentials",
    "UserName": "ACME\\ACME-WIN11-WS03$",
    "RemoteHost": "-:-",
    "PayloadData1": "Target: ACME\\Administrator",
    "PayloadData2": "TargetServerName: localhost",
    "PayloadData3": "PID: 0x64C",
    "PayloadData4": "",
    "PayloadData5": "",
    "PayloadData6": "",
    "ExecutableInfo": "C:\\Windows\\System32\\svchost.exe",
    "ExtraDataOffset": "0",
    "Payload": "{\"EventData\":{\"Data\":[{\"@Name\":\"SubjectUserSid\",\"#text\":\"S-1-5-18\"},{\"@Name\":\"SubjectUserName\",\"#text\":\"ACME-WIN11-WS03$\"},{\"@Name\":\"SubjectDomainName\",\"#text\":\"ACME\"},{\"@Name\":\"SubjectLogonId\",\"#text\":\"0x3E7\"},{\"@Name\":\"LogonGuid\",\"#text\":\"00000000-0000-0000-0000-000000000000\"},{\"@Name\":\"TargetUserName\",\"#text\":\"Administrator\"},{\"@Name\":\"TargetDomainName\",\"#text\":\"ACME\"},{\"@Name\":\"TargetLogonGuid\",\"#text\":\"6b9fcff3-4c6c-dfc9-3f6e-94ab0776e271\"},{\"@Name\":\"TargetServerName\",\"#text\":\"localhost\"},{\"@Name\":\"TargetInfo\",\"#text\":\"localhost\"},{\"@Name\":\"ProcessId\",\"#text\":\"0x64C\"},{\"@Name\":\"ProcessName\",\"#text\":\"C:\\\\Windows\\\\System32\\\\svchost.exe\"},{\"@Name\":\"IpAddress\",\"#text\":\"-\"},{\"@Name\":\"IpPort\",\"#text\":\"-\"}]}}"
  },
  {
    "LineNumber": 72569,
    "TimeCreated": "2024-01-27 23:30:08.1003347",
    "EventId": "3",
    "Level": "Info",
    "Provider": "Microsoft-Windows-Sysmon",
    "ChunkNumber": "217",
    "UserId": "S-1-5-18",
    "MapDescription": "Network connection",
    "UserName": "ACME\\LolaBunny",
    "RemoteHost": "",
    "PayloadData1": "ProcessID: 8968, ProcessGUID: fb9c9028-8e69-65b5-7f0c-000000000d00",
    "PayloadData2": "RuleName: RDP",
    "PayloadData3": "SourceHostname: ACME-WIN11-WS03.acme.local",
    "PayloadData4": "SourceIp: 192.168.68.123",
    "PayloadData5": "DestinationHostname: ACME-SER2019-DC-01",
    "PayloadData6": "DestinationIp: 192.168.68.111",
    "ExecutableInfo": "",
    "ExtraDataOffset": "0",
    "Payload": "{\"EventData\":{\"Data\":[{\"@Name\":\"RuleName\",\"#text\":\"RDP\"},{\"@Name\":\"UtcTime\",\"#text\":\"2024-01-27 23:30:03.153\"},{\"@Name\":\"ProcessGuid\",\"#text\":\"fb9c9028-8e69-65b5-7f0c-000000000d00\"},{\"@Name\":\"ProcessId\",\"#text\":\"8968\"},{\"@Name\":\"Image\",\"#text\":\"C:\\\\Windows\\\\system32\\\\mstsc.exe\"},{\"@Name\":\"User\",\"#text\":\"ACME\\\\LolaBunny\"},{\"@Name\":\"Protocol\",\"#text\":\"udp\"},{\"@Name\":\"Initiated\",\"#text\":\"False\"},{\"@Name\":\"SourceIsIpv6\",\"#text\":\"False\"},{\"@Name\":\"SourceIp\",\"#text\":\"192.168.68.123\"},{\"@Name\":\"SourceHostname\",\"#text\":\"ACME-WIN11-WS03.acme.local\"},{\"@Name\":\"SourcePort\",\"#text\":\"64529\"},{\"@Name\":\"SourcePortName\",\"#text\":\"-\"},{\"@Name\":\"DestinationIsIpv6\",\"#text\":\"False\"},{\"@Name\":\"DestinationIp\",\"#text\":\"192.168.68.111\"},{\"@Name\":\"DestinationHostname\",\"#text\":\"ACME-SER2019-DC-01\"},{\"@Name\":\"DestinationPort\",\"#text\":\"3389\"},{\"@Name\":\"DestinationPortName\",\"#text\":\"ms-wbt-server\"}]}}"
  },
  {
    "LineNumber": 72580,
    "TimeCreated": "2024-01-27 23:54:14.2455129",
    "EventId": "3",
    "Level": "Info",
    "Provider": "Microsoft-Windows-Sysmon",
    "ChunkNumber": "218",
    "UserId": "S-1-5-18",
    "MapDescription": "Network connection",
    "UserName": "ACME\\LolaBunny",
    "RemoteHost": "",
    "PayloadData1": "ProcessID: 8968, ProcessGUID: fb9c9028-8e69-65b5-7f0c-000000000d00",
    "PayloadData2": "RuleName: RDP",
    "PayloadData3": "SourceHostname: ACME-WIN11-WS03.acme.local",
    "PayloadData4": "SourceIp: 192.168.68.123",
    "PayloadData5": "DestinationHostname: ACME-SER2019-DC-01",
    "PayloadData6": "DestinationIp: 192.168.68.111",
    "ExecutableInfo": "",
    "ExtraDataOffset": "0",
    "Payload": "{\"EventData\":{\"Data\":[{\"@Name\":\"RuleName\",\"#text\":\"RDP\"},{\"@Name\":\"UtcTime\",\"#text\":\"2024-01-27 23:54:11.022\"},{\"@Name\":\"ProcessGuid\",\"#text\":\"fb9c9028-8e69-65b5-7f0c-000000000d00\"},{\"@Name\":\"ProcessId\",\"#text\":\"8968\"},{\"@Name\":\"Image\",\"#text\":\"C:\\\\Windows\\\\System32\\\\mstsc.exe\"},{\"@Name\":\"User\",\"#text\":\"ACME\\\\LolaBunny\"},{\"@Name\":\"Protocol\",\"#text\":\"udp\"},{\"@Name\":\"Initiated\",\"#text\":\"True\"},{\"@Name\":\"SourceIsIpv6\",\"#text\":\"False\"},{\"@Name\":\"SourceIp\",\"#text\":\"192.168.68.123\"},{\"@Name\":\"SourceHostname\",\"#text\":\"ACME-WIN11-WS03.acme.local\"},{\"@Name\":\"SourcePort\",\"#text\":\"64529\"},{\"@Name\":\"SourcePortName\",\"#text\":\"-\"},{\"@Name\":\"DestinationIsIpv6\",\"#text\":\"False\"},{\"@Name\":\"DestinationIp\",\"#text\":\"192.168.68.111\"},{\"@Name\":\"DestinationHostname\",\"#text\":\"ACME-SER2019-DC-01\"},{\"@Name\":\"DestinationPort\",\"#text\":\"3389\"},{\"@Name\":\"DestinationPortName\",\"#text\":\"ms-wbt-server\"}]}}"
  },
  {
    "LineNumber": 78822,
    "TimeCreated": "2024-01-27 23:54:14.9448254",
    "EventId": "1026",
    "Level": "Info",
    "Provider": "Microsoft-Windows-TerminalServices-ClientActiveXCore",
    "ChunkNumber": "0",
    "UserId": "S-1-5-21-154156543-1801232051-1511951251-1109",
    "MapDescription": "RDP ClientActiveX has been disconnected",
    "UserName": "",
    "RemoteHost": "",
    "PayloadData1": "Disconnect Reason: The connection to the remote computer was lost, possibly due to network connectivity problems",
    "PayloadData2": "",
    "PayloadData3": "",
    "PayloadData4": "",
    "PayloadData5": "",
    "PayloadData6": "ActivityID: 3a4162f9-22f1-4bad-b3fb-9c1334260000",
    "ExecutableInfo": "",
    "ExtraDataOffset": "0",
    "Payload": "{\"EventData\":{\"Data\":[{\"@Name\":\"Name\",\"#text\":\"Disconnect Reason\"},{\"@Name\":\"Value\",\"#text\":\"2308\"},{\"@Name\":\"CustomLevel\",\"#text\":\"Info\"}]}}"
  },
  {
    "LineNumber": 78823,
    "TimeCreated": "2024-01-27 23:54:50.9265424",
    "EventId": "1024",
    "Level": "Info",
    "Provider": "Microsoft-Windows-TerminalServices-ClientActiveXCore",
    "ChunkNumber": "0",
    "UserId": "S-1-5-21-154156543-1801232051-1511951251-1109",
    "MapDescription": "RDP Client is trying to connect to the server",
    "UserName": "",
    "RemoteHost": "",
    "PayloadData1": "Dest: 192.168.68.111",
    "PayloadData2": "",
    "PayloadData3": "",
    "PayloadData4": "",
    "PayloadData5": "",
    "PayloadData6": "ActivityID: 9b6ffb3d-88f4-4df6-ae36-349b35f70000",
    "ExecutableInfo": "",
    "ExtraDataOffset": "0",
    "Payload": "{\"EventData\":{\"Data\":[{\"@Name\":\"Name\",\"#text\":\"Server Name\"},{\"@Name\":\"Value\",\"#text\":\"192.168.68.111\"},{\"@Name\":\"CustomLevel\",\"#text\":\"Info\"}]}}"
  },
  {
    "LineNumber": 78824,
    "TimeCreated": "2024-01-27 23:54:50.9465012",
    "EventId": "1028",
    "Level": "Info",
    "Provider": "Microsoft-Windows-TerminalServices-ClientActiveXCore",
    "ChunkNumber": "0",
    "UserId": "S-1-5-21-154156543-1801232051-1511951251-1109",
    "MapDescription": "",
    "UserName": "",
    "RemoteHost": "",
    "PayloadData1": "",
    "PayloadData2": "",
    "PayloadData3": "",
    "PayloadData4": "",
    "PayloadData5": "",
    "PayloadData6": "",
    "ExecutableInfo": "",
    "ExtraDataOffset": "0",
    "Payload": "{\"EventData\":{\"Data\":{\"@Name\":\"TraceMessage\",\"#text\":\"supported\"}}}"
  },
  {
    "LineNumber": 72609,
    "TimeCreated": "2024-01-27 23:54:52.3498438",
    "EventId": "3",
    "Level": "Info",
    "Provider": "Microsoft-Windows-Sysmon",
    "ChunkNumber": "218",
    "UserId": "S-1-5-18",
    "MapDescription": "Network connection",
    "UserName": "ACME\\LolaBunny",
    "RemoteHost": "",
    "PayloadData1": "ProcessID: 8276, ProcessGUID: fb9c9028-97c9-65b5-820d-000000000d00",
    "PayloadData2": "RuleName: RDP",
    "PayloadData3": "SourceHostname: ACME-WIN11-WS03.acme.local",
    "PayloadData4": "SourceIp: 192.168.68.123",
    "PayloadData5": "DestinationHostname: ACME-SER2019-DC-01",
    "PayloadData6": "DestinationIp: 192.168.68.111",
    "ExecutableInfo": "",
    "ExtraDataOffset": "0",
    "Payload": "{\"EventData\":{\"Data\":[{\"@Name\":\"RuleName\",\"#text\":\"RDP\"},{\"@Name\":\"UtcTime\",\"#text\":\"2024-01-27 23:54:49.386\"},{\"@Name\":\"ProcessGuid\",\"#text\":\"fb9c9028-97c9-65b5-820d-000000000d00\"},{\"@Name\":\"ProcessId\",\"#text\":\"8276\"},{\"@Name\":\"Image\",\"#text\":\"C:\\\\Windows\\\\System32\\\\mstsc.exe\"},{\"@Name\":\"User\",\"#text\":\"ACME\\\\LolaBunny\"},{\"@Name\":\"Protocol\",\"#text\":\"tcp\"},{\"@Name\":\"Initiated\",\"#text\":\"True\"},{\"@Name\":\"SourceIsIpv6\",\"#text\":\"False\"},{\"@Name\":\"SourceIp\",\"#text\":\"192.168.68.123\"},{\"@Name\":\"SourceHostname\",\"#text\":\"ACME-WIN11-WS03.acme.local\"},{\"@Name\":\"SourcePort\",\"#text\":\"57045\"},{\"@Name\":\"SourcePortName\",\"#text\":\"-\"},{\"@Name\":\"DestinationIsIpv6\",\"#text\":\"False\"},{\"@Name\":\"DestinationIp\",\"#text\":\"192.168.68.111\"},{\"@Name\":\"DestinationHostname\",\"#text\":\"ACME-SER2019-DC-01\"},{\"@Name\":\"DestinationPort\",\"#text\":\"3389\"},{\"@Name\":\"DestinationPortName\",\"#text\":\"ms-wbt-server\"}]}}"
  },
  {
    "LineNumber": 78825,
    "TimeCreated": "2024-01-27 23:54:56.2378816",
    "EventId": "1029",
    "Level": "Info",
    "Provider": "Microsoft-Windows-TerminalServices-ClientActiveXCore",
    "ChunkNumber": "0",
    "UserId": "S-1-5-21-154156543-1801232051-1511951251-1109",
    "MapDescription": "RDP (outgoing connection)",
    "UserName": "",
    "RemoteHost": "",
    "PayloadData1": "Target (encoded): UmTGMgTFbA35+PSgMOoZ2ToPpAK+awC010ZOYWQQIfc=",
    "PayloadData2": "",
    "PayloadData3": "",
    "PayloadData4": "",
    "PayloadData5": "",
    "PayloadData6": "ActivityID: 9b6ffb3d-88f4-4df6-ae36-349b35f70000",
    "ExecutableInfo": "",
    "ExtraDataOffset": "0",
    "Payload": "{\"EventData\":{\"Data\":{\"@Name\":\"TraceMessage\",\"#text\":\"UmTGMgTFbA35+PSgMOoZ2ToPpAK+awC010ZOYWQQIfc=-\"}}}"
  },
  {
    "LineNumber": 109804,
    "TimeCreated": "2024-01-27 23:54:56.2561738",
    "EventId": "4648",
    "Level": "LogAlways",
    "Provider": "Microsoft-Windows-Security-Auditing",
    "ChunkNumber": "333",
    "UserId": "",
    "MapDescription": "A logon was attempted using explicit credentials",
    "UserName": "ACME\\LolaBunny",
    "RemoteHost": "-:-",
    "PayloadData1": "Target: ACME-WIN11-WS03\\Administrator",
    "PayloadData2": "TargetServerName: ACME-SER2019-DC-01.acme.local",
    "PayloadData3": "PID: 0x33C",
    "PayloadData4": "",
    "PayloadData5": "",
    "PayloadData6": "",
    "ExecutableInfo": "C:\\Windows\\System32\\lsass.exe",
    "ExtraDataOffset": "0",
    "Payload": "{\"EventData\":{\"Data\":[{\"@Name\":\"SubjectUserSid\",\"#text\":\"S-1-5-21-154156543-1801232051-1511951251-1109\"},{\"@Name\":\"SubjectUserName\",\"#text\":\"LolaBunny\"},{\"@Name\":\"SubjectDomainName\",\"#text\":\"ACME\"},{\"@Name\":\"SubjectLogonId\",\"#text\":\"0x424915\"},{\"@Name\":\"LogonGuid\",\"#text\":\"00000000-0000-0000-0000-000000000000\"},{\"@Name\":\"TargetUserName\",\"#text\":\"Administrator\"},{\"@Name\":\"TargetDomainName\",\"#text\":\"ACME-WIN11-WS03\"},{\"@Name\":\"TargetLogonGuid\",\"#text\":\"00000000-0000-0000-0000-000000000000\"},{\"@Name\":\"TargetServerName\",\"#text\":\"ACME-SER2019-DC-01.acme.local\"},{\"@Name\":\"TargetInfo\",\"#text\":\"ACME-SER2019-DC-01.acme.local\"},{\"@Name\":\"ProcessId\",\"#text\":\"0x33C\"},{\"@Name\":\"ProcessName\",\"#text\":\"C:\\\\Windows\\\\System32\\\\lsass.exe\"},{\"@Name\":\"IpAddress\",\"#text\":\"-\"},{\"@Name\":\"IpPort\",\"#text\":\"-\"}]}}"
  },
  {
    "LineNumber": 78828,
    "TimeCreated": "2024-01-27 23:54:58.4806777",
    "EventId": "1026",
    "Level": "Info",
    "Provider": "Microsoft-Windows-TerminalServices-ClientActiveXCore",
    "ChunkNumber": "0",
    "UserId": "S-1-5-21-154156543-1801232051-1511951251-1109",
    "MapDescription": "RDP ClientActiveX has been disconnected",
    "UserName": "",
    "RemoteHost": "",
    "PayloadData1": "Disconnect Reason: No error",
    "PayloadData2": "",
    "PayloadData3": "",
    "PayloadData4": "",
    "PayloadData5": "",
    "PayloadData6": "ActivityID: 9b6ffb3d-88f4-4df6-ae36-349b35f70000",
    "ExecutableInfo": "",
    "ExtraDataOffset": "0",
    "Payload": "{\"EventData\":{\"Data\":[{\"@Name\":\"Name\",\"#text\":\"Disconnect Reason\"},{\"@Name\":\"Value\",\"#text\":\"263\"},{\"@Name\":\"CustomLevel\",\"#text\":\"Info\"}]}}"
  },
  {
    "LineNumber": 78829,
    "TimeCreated": "2024-01-27 23:54:58.4893229",
    "EventId": "1028",
    "Level": "Info",
    "Provider": "Microsoft-Windows-TerminalServices-ClientActiveXCore",
    "ChunkNumber": "0",
    "UserId": "S-1-5-21-154156543-1801232051-1511951251-1109",
    "MapDescription": "",
    "UserName": "",
    "RemoteHost": "",
    "PayloadData1": "",
    "PayloadData2": "",
    "PayloadData3": "",
    "PayloadData4": "",
    "PayloadData5": "",
    "PayloadData6": "",
    "ExecutableInfo": "",
    "ExtraDataOffset": "0",
    "Payload": "{\"EventData\":{\"Data\":{\"@Name\":\"TraceMessage\",\"#text\":\"supported\"}}}"
  },
  {
    "LineNumber": 78830,
    "TimeCreated": "2024-01-27 23:54:58.4895573",
    "EventId": "1029",
    "Level": "Info",
    "Provider": "Microsoft-Windows-TerminalServices-ClientActiveXCore",
    "ChunkNumber": "0",
    "UserId": "S-1-5-21-154156543-1801232051-1511951251-1109",
    "MapDescription": "RDP (outgoing connection)",
    "UserName": "",
    "RemoteHost": "",
    "PayloadData1": "Target (encoded): UmTGMgTFbA35+PSgMOoZ2ToPpAK+awC010ZOYWQQIfc=",
    "PayloadData2": "",
    "PayloadData3": "",
    "PayloadData4": "",
    "PayloadData5": "",
    "PayloadData6": "ActivityID: 9b6ffb3d-88f4-4df6-ae36-349b35f70000",
    "ExecutableInfo": "",
    "ExtraDataOffset": "0",
    "Payload": "{\"EventData\":{\"Data\":{\"@Name\":\"TraceMessage\",\"#text\":\"UmTGMgTFbA35+PSgMOoZ2ToPpAK+awC010ZOYWQQIfc=-\"}}}"
  },
  {
    "LineNumber": 109805,
    "TimeCreated": "2024-01-27 23:54:58.4948537",
    "EventId": "4648",
    "Level": "LogAlways",
    "Provider": "Microsoft-Windows-Security-Auditing",
    "ChunkNumber": "333",
    "UserId": "",
    "MapDescription": "A logon was attempted using explicit credentials",
    "UserName": "ACME\\LolaBunny",
    "RemoteHost": "-:-",
    "PayloadData1": "Target: ACME-WIN11-WS03\\Administrator",
    "PayloadData2": "TargetServerName: ACME-SER2019-DC-01.acme.local",
    "PayloadData3": "PID: 0x33C",
    "PayloadData4": "",
    "PayloadData5": "",
    "PayloadData6": "",
    "ExecutableInfo": "C:\\Windows\\System32\\lsass.exe",
    "ExtraDataOffset": "0",
    "Payload": "{\"EventData\":{\"Data\":[{\"@Name\":\"SubjectUserSid\",\"#text\":\"S-1-5-21-154156543-1801232051-1511951251-1109\"},{\"@Name\":\"SubjectUserName\",\"#text\":\"LolaBunny\"},{\"@Name\":\"SubjectDomainName\",\"#text\":\"ACME\"},{\"@Name\":\"SubjectLogonId\",\"#text\":\"0x424915\"},{\"@Name\":\"LogonGuid\",\"#text\":\"00000000-0000-0000-0000-000000000000\"},{\"@Name\":\"TargetUserName\",\"#text\":\"Administrator\"},{\"@Name\":\"TargetDomainName\",\"#text\":\"ACME-WIN11-WS03\"},{\"@Name\":\"TargetLogonGuid\",\"#text\":\"00000000-0000-0000-0000-000000000000\"},{\"@Name\":\"TargetServerName\",\"#text\":\"ACME-SER2019-DC-01.acme.local\"},{\"@Name\":\"TargetInfo\",\"#text\":\"ACME-SER2019-DC-01.acme.local\"},{\"@Name\":\"ProcessId\",\"#text\":\"0x33C\"},{\"@Name\":\"ProcessName\",\"#text\":\"C:\\\\Windows\\\\System32\\\\lsass.exe\"},{\"@Name\":\"IpAddress\",\"#text\":\"-\"},{\"@Name\":\"IpPort\",\"#text\":\"-\"}]}}"
  },
  {
    "LineNumber": 78831,
    "TimeCreated": "2024-01-27 23:54:58.5005559",
    "EventId": "1102",
    "Level": "Info",
    "Provider": "Microsoft-Windows-TerminalServices-ClientActiveXCore",
    "ChunkNumber": "0",
    "UserId": "S-1-5-21-154156543-1801232051-1511951251-1109",
    "MapDescription": "RDP client has initiated a multi-transport connection to the server",
    "UserName": "",
    "RemoteHost": "",
    "PayloadData1": "Address: 192.168.68.111",
    "PayloadData2": "",
    "PayloadData3": "",
    "PayloadData4": "",
    "PayloadData5": "",
    "PayloadData6": "",
    "ExecutableInfo": "",
    "ExtraDataOffset": "0",
    "Payload": "{\"EventData\":{\"Data\":[{\"@Name\":\"Name\",\"#text\":\"ServerAddress\"},{\"@Name\":\"Value\",\"#text\":\"192.168.68.111\"},{\"@Name\":\"CustomLevel\",\"#text\":\"Info\"}]}}"
  },
  {
    "LineNumber": 78832,
    "TimeCreated": "2024-01-27 23:54:58.5205996",
    "EventId": "1103",
    "Level": "Info",
    "Provider": "Microsoft-Windows-TerminalServices-ClientActiveXCore",
    "ChunkNumber": "0",
    "UserId": "S-1-5-21-154156543-1801232051-1511951251-1109",
    "MapDescription": "The RDP client has established a multi-transport connection to the server",
    "UserName": "",
    "RemoteHost": "",
    "PayloadData1": "",
    "PayloadData2": "",
    "PayloadData3": "",
    "PayloadData4": "",
    "PayloadData5": "",
    "PayloadData6": "ActivityID: 9b6ffb3d-88f4-4df6-ae36-349b35f70000",
    "ExecutableInfo": "",
    "ExtraDataOffset": "0",
    "Payload": "{\"EventData\":\"\"}"
  },
  {
    "LineNumber": 78833,
    "TimeCreated": "2024-01-27 23:54:58.5623731",
    "EventId": "1025",
    "Level": "Info",
    "Provider": "Microsoft-Windows-TerminalServices-ClientActiveXCore",
    "ChunkNumber": "0",
    "UserId": "S-1-5-21-154156543-1801232051-1511951251-1109",
    "MapDescription": "RDP ClientActiveX has connected to the server",
    "UserName": "",
    "RemoteHost": "",
    "PayloadData1": "",
    "PayloadData2": "",
    "PayloadData3": "",
    "PayloadData4": "",
    "PayloadData5": "",
    "PayloadData6": "ActivityID: 9b6ffb3d-88f4-4df6-ae36-349b35f70000",
    "ExecutableInfo": "",
    "ExtraDataOffset": "0",
    "Payload": "{\"EventData\":\"\"}"
  },
