[
  {
    "LineNumber": 78740,
    "TimeCreated": "2024-01-20 00:57:11.5678954",
    "EventId": "39",
    "Level": "Info",
    "Provider": "Microsoft-Windows-TerminalServices-LocalSessionManager",
    "ChunkNumber": "1",
    "UserId": "S-1-5-18",
    "MapDescription": "Session (PayloadData1) has been disconnected by session (PayloadData2)",
    "UserName": "",
    "RemoteHost": "",
    "PayloadData1": "TargetSession: 3",
    "PayloadData2": "Source: 3",
    "PayloadData3": "",
    "PayloadData4": "",
    "PayloadData5": "",
    "PayloadData6": "",
    "ExecutableInfo": "",
    "ExtraDataOffset": "0",
    "Payload": "{\"UserData\":{\"EventXML\":{\"TargetSession\":\"3\",\"Source\":\"3\"}}}"
  },
  {
    "LineNumber": 78741,
    "TimeCreated": "2024-01-20 00:57:11.5678993",
    "EventId": "40",
    "Level": "Info",
    "Provider": "Microsoft-Windows-TerminalServices-LocalSessionManager",
    "ChunkNumber": "1",
    "UserId": "S-1-5-18",
    "MapDescription": "Session (PayloadData1) has been disconnected, reason code (PayloadData2)",
    "UserName": "",
    "RemoteHost": "",
    "PayloadData1": "Session: 3",
    "PayloadData2": "Reason: The disconnection was initiated by the user disconnecting his or her session on the server or by an administrative tool on the server",
    "PayloadData3": "",
    "PayloadData4": "",
    "PayloadData5": "",
    "PayloadData6": "",
    "ExecutableInfo": "",
    "ExtraDataOffset": "0",
    "Payload": "{\"UserData\":{\"EventXML\":{\"Session\":\"3\",\"Reason\":\"11\"}}}"
  },
  {
    "LineNumber": 78742,
    "TimeCreated": "2024-01-20 00:57:11.6709424",
    "EventId": "40",
    "Level": "Info",
    "Provider": "Microsoft-Windows-TerminalServices-LocalSessionManager",
    "ChunkNumber": "1",
    "UserId": "S-1-5-18",
    "MapDescription": "Session (PayloadData1) has been disconnected, reason code (PayloadData2)",
    "UserName": "",
    "RemoteHost": "",
    "PayloadData1": "Session: 4",
    "PayloadData2": "Reason: The disconnection was initiated by the user disconnecting his or her session on the server or by an administrative tool on the server",
    "PayloadData3": "",
    "PayloadData4": "",
    "PayloadData5": "",
    "PayloadData6": "",
    "ExecutableInfo": "",
    "ExtraDataOffset": "0",
    "Payload": "{\"UserData\":{\"EventXML\":{\"Session\":\"4\",\"Reason\":\"11\"}}}"
  },
  {
    "LineNumber": 78743,
    "TimeCreated": "2024-01-20 00:57:11.6749164",
    "EventId": "24",
    "Level": "Info",
    "Provider": "Microsoft-Windows-TerminalServices-LocalSessionManager",
    "ChunkNumber": "1",
    "UserId": "S-1-5-18",
    "MapDescription": "Remote Desktop Services: Session has been disconnected",
    "UserName": "ACME\\LolaBunny",
    "RemoteHost": "LOCAL",
    "PayloadData1": "Session ID: 3",
    "PayloadData2": "",
    "PayloadData3": "",
    "PayloadData4": "",
    "PayloadData5": "",
    "PayloadData6": "",
    "ExecutableInfo": "",
    "ExtraDataOffset": "0",
    "Payload": "{\"UserData\":{\"EventXML\":{\"User\":\"ACME\\\\LolaBunny\",\"SessionID\":\"3\",\"Address\":\"LOCAL\"}}}"
  },
  {
    "LineNumber": 78746,
    "TimeCreated": "2024-01-20 00:57:13.7644736",
    "EventId": "21",
    "Level": "Info",
    "Provider": "Microsoft-Windows-TerminalServices-LocalSessionManager",
    "ChunkNumber": "1",
    "UserId": "S-1-5-18",
    "MapDescription": "Remote Desktop Services: Session logon succeeded",
    "UserName": "ACME\\Administrator",
    "RemoteHost": "LOCAL",
    "PayloadData1": "Session ID: 4",
    "PayloadData2": "",
    "PayloadData3": "",
    "PayloadData4": "",
    "PayloadData5": "",
    "PayloadData6": "",
    "ExecutableInfo": "",
    "ExtraDataOffset": "0",
    "Payload": "{\"UserData\":{\"EventXML\":{\"User\":\"ACME\\\\Administrator\",\"SessionID\":\"4\",\"Address\":\"LOCAL\"}}}"
  },
  {
    "LineNumber": 78747,
    "TimeCreated": "2024-01-20 00:57:13.8075926",
    "EventId": "22",
    "Level": "Info",
    "Provider": "Microsoft-Windows-TerminalServices-LocalSessionManager",
    "ChunkNumber": "1",
    "UserId": "S-1-5-18",
    "MapDescription": "Remote Desktop Services: Shell start notification received",
    "UserName": "ACME\\Administrator",
    "RemoteHost": "LOCAL",
    "PayloadData1": "",
    "PayloadData2": "",
    "PayloadData3": "",
    "PayloadData4": "",
    "PayloadData5": "",
    "PayloadData6": "",
    "ExecutableInfo": "",
    "ExtraDataOffset": "0",
    "Payload": "{\"UserData\":{\"EventXML\":{\"User\":\"ACME\\\\Administrator\",\"SessionID\":\"4\",\"Address\":\"LOCAL\"}}}"
  },
  {
    "LineNumber": 78749,
    "TimeCreated": "2024-01-20 00:58:25.4412587",
    "EventId": "40",
    "Level": "Info",
    "Provider": "Microsoft-Windows-TerminalServices-LocalSessionManager",
    "ChunkNumber": "1",
    "UserId": "S-1-5-18",
    "MapDescription": "Session (PayloadData1) has been disconnected, reason code (PayloadData2)",
    "UserName": "",
    "RemoteHost": "",
    "PayloadData1": "Session: 3",
    "PayloadData2": "Reason: The client's connection was replaced by another connection (i.e. a user reconnected to a previous RDP session)",
    "PayloadData3": "",
    "PayloadData4": "",
    "PayloadData5": "",
    "PayloadData6": "",
    "ExecutableInfo": "",
    "ExtraDataOffset": "0",
    "Payload": "{\"UserData\":{\"EventXML\":{\"Session\":\"3\",\"Reason\":\"5\"}}}"
  },
  {
    "LineNumber": 78750,
    "TimeCreated": "2024-01-20 00:58:25.4412641",
    "EventId": "40",
    "Level": "Info",
    "Provider": "Microsoft-Windows-TerminalServices-LocalSessionManager",
    "ChunkNumber": "1",
    "UserId": "S-1-5-18",
    "MapDescription": "Session (PayloadData1) has been disconnected, reason code (PayloadData2)",
    "UserName": "",
    "RemoteHost": "",
    "PayloadData1": "Session: 4",
    "PayloadData2": "Reason: No additional information is available (i.e. the user has closed RDP window)",
    "PayloadData3": "",
    "PayloadData4": "",
    "PayloadData5": "",
    "PayloadData6": "",
    "ExecutableInfo": "",
    "ExtraDataOffset": "0",
    "Payload": "{\"UserData\":{\"EventXML\":{\"Session\":\"4\",\"Reason\":\"0\"}}}"
  },
  {
    "LineNumber": 78751,
    "TimeCreated": "2024-01-20 00:58:25.5284089",
    "EventId": "24",
    "Level": "Info",
    "Provider": "Microsoft-Windows-TerminalServices-LocalSessionManager",
    "ChunkNumber": "1",
    "UserId": "S-1-5-18",
    "MapDescription": "Remote Desktop Services: Session has been disconnected",
    "UserName": "ACME\\Administrator",
    "RemoteHost": "LOCAL",
    "PayloadData1": "Session ID: 4",
    "PayloadData2": "",
    "PayloadData3": "",
    "PayloadData4": "",
    "PayloadData5": "",
    "PayloadData6": "",
    "ExecutableInfo": "",
    "ExtraDataOffset": "0",
    "Payload": "{\"UserData\":{\"EventXML\":{\"User\":\"ACME\\\\Administrator\",\"SessionID\":\"4\",\"Address\":\"LOCAL\"}}}"
  },
  {
    "LineNumber": 78752,
    "TimeCreated": "2024-01-20 00:58:25.6537495",
    "EventId": "25",
    "Level": "Info",
    "Provider": "Microsoft-Windows-TerminalServices-LocalSessionManager",
    "ChunkNumber": "1",
    "UserId": "S-1-5-18",
    "MapDescription": "Remote Desktop Services: Session reconnection succeeded",
    "UserName": "ACME\\LolaBunny",
    "RemoteHost": "LOCAL",
    "PayloadData1": "Session ID: 3",
    "PayloadData2": "",
    "PayloadData3": "",
    "PayloadData4": "",
    "PayloadData5": "",
    "PayloadData6": "",
    "ExecutableInfo": "",
    "ExtraDataOffset": "0",
    "Payload": "{\"UserData\":{\"EventXML\":{\"User\":\"ACME\\\\LolaBunny\",\"SessionID\":\"3\",\"Address\":\"LOCAL\"}}}"
  },
  {
    "LineNumber": 78775,
    "TimeCreated": "2024-01-20 01:20:09.1255660",
    "EventId": "1024",
    "Level": "Info",
    "Provider": "Microsoft-Windows-TerminalServices-ClientActiveXCore",
    "ChunkNumber": "0",
    "UserId": "S-1-5-21-154156543-1801232051-1511951251-1109",
    "MapDescription": "RDP Client is trying to connect to the server",
    "UserName": "",
    "RemoteHost": "",
    "PayloadData1": "Dest: 192.168.68.111",
    "PayloadData2": "",
    "PayloadData3": "",
    "PayloadData4": "",
    "PayloadData5": "",
    "PayloadData6": "ActivityID: c1ee65a2-fbfa-4795-817f-fa29a7b10000",
    "ExecutableInfo": "",
    "ExtraDataOffset": "0",
    "Payload": "{\"EventData\":{\"Data\":[{\"@Name\":\"Name\",\"#text\":\"Server Name\"},{\"@Name\":\"Value\",\"#text\":\"192.168.68.111\"},{\"@Name\":\"CustomLevel\",\"#text\":\"Info\"}]}}"
  },
  {
    "LineNumber": 78776,
    "TimeCreated": "2024-01-20 01:20:09.1487265",
    "EventId": "1028",
    "Level": "Info",
    "Provider": "Microsoft-Windows-TerminalServices-ClientActiveXCore",
    "ChunkNumber": "0",
    "UserId": "S-1-5-21-154156543-1801232051-1511951251-1109",
    "MapDescription": "",
    "UserName": "",
    "RemoteHost": "",
    "PayloadData1": "",
    "PayloadData2": "",
    "PayloadData3": "",
    "PayloadData4": "",
    "PayloadData5": "",
    "PayloadData6": "",
    "ExecutableInfo": "",
    "ExtraDataOffset": "0",
    "Payload": "{\"EventData\":{\"Data\":{\"@Name\":\"TraceMessage\",\"#text\":\"supported\"}}}"
  },
  {
    "LineNumber": 71063,
    "TimeCreated": "2024-01-20 01:20:11.2747806",
    "EventId": "3",
    "Level": "Info",
    "Provider": "Microsoft-Windows-Sysmon",
    "ChunkNumber": "183",
    "UserId": "S-1-5-18",
    "MapDescription": "Network connection",
    "UserName": "ACME\\LolaBunny",
    "RemoteHost": "",
    "PayloadData1": "ProcessID: 8976, ProcessGUID: fb9c9028-1fc3-65ab-8308-000000000d00",
    "PayloadData2": "RuleName: RDP",
    "PayloadData3": "SourceHostname: ACME-WIN11-WS03.acme.local",
    "PayloadData4": "SourceIp: 192.168.68.123",
    "PayloadData5": "DestinationHostname: ACME-SER2019-DC-01",
    "PayloadData6": "DestinationIp: 192.168.68.111",
    "ExecutableInfo": "",
    "ExtraDataOffset": "0",
    "Payload": "{\"EventData\":{\"Data\":[{\"@Name\":\"RuleName\",\"#text\":\"RDP\"},{\"@Name\":\"UtcTime\",\"#text\":\"2024-01-20 01:20:09.319\"},{\"@Name\":\"ProcessGuid\",\"#text\":\"fb9c9028-1fc3-65ab-8308-000000000d00\"},{\"@Name\":\"ProcessId\",\"#text\":\"8976\"},{\"@Name\":\"Image\",\"#text\":\"C:\\\\Windows\\\\System32\\\\mstsc.exe\"},{\"@Name\":\"User\",\"#text\":\"ACME\\\\LolaBunny\"},{\"@Name\":\"Protocol\",\"#text\":\"tcp\"},{\"@Name\":\"Initiated\",\"#text\":\"True\"},{\"@Name\":\"SourceIsIpv6\",\"#text\":\"False\"},{\"@Name\":\"SourceIp\",\"#text\":\"192.168.68.123\"},{\"@Name\":\"SourceHostname\",\"#text\":\"ACME-WIN11-WS03.acme.local\"},{\"@Name\":\"SourcePort\",\"#text\":\"49887\"},{\"@Name\":\"SourcePortName\",\"#text\":\"-\"},{\"@Name\":\"DestinationIsIpv6\",\"#text\":\"False\"},{\"@Name\":\"DestinationIp\",\"#text\":\"192.168.68.111\"},{\"@Name\":\"DestinationHostname\",\"#text\":\"ACME-SER2019-DC-01\"},{\"@Name\":\"DestinationPort\",\"#text\":\"3389\"},{\"@Name\":\"DestinationPortName\",\"#text\":\"ms-wbt-server\"}]}}"
  },
  {
    "LineNumber": 78777,
    "TimeCreated": "2024-01-20 01:20:15.5556335",
    "EventId": "1029",
    "Level": "Info",
    "Provider": "Microsoft-Windows-TerminalServices-ClientActiveXCore",
    "ChunkNumber": "0",
    "UserId": "S-1-5-21-154156543-1801232051-1511951251-1109",
    "MapDescription": "RDP (outgoing connection)",
    "UserName": "",
    "RemoteHost": "",
    "PayloadData1": "Target (encoded): UmTGMgTFbA35+PSgMOoZ2ToPpAK+awC010ZOYWQQIfc=",
    "PayloadData2": "",
    "PayloadData3": "",
    "PayloadData4": "",
    "PayloadData5": "",
    "PayloadData6": "ActivityID: c1ee65a2-fbfa-4795-817f-fa29a7b10000",
    "ExecutableInfo": "",
    "ExtraDataOffset": "0",
    "Payload": "{\"EventData\":{\"Data\":{\"@Name\":\"TraceMessage\",\"#text\":\"UmTGMgTFbA35+PSgMOoZ2ToPpAK+awC010ZOYWQQIfc=-\"}}}"
  },
  {
    "LineNumber": 108736,
    "TimeCreated": "2024-01-20 01:20:15.5807873",
    "EventId": "4648",
    "Level": "LogAlways",
    "Provider": "Microsoft-Windows-Security-Auditing",
    "ChunkNumber": "321",
    "UserId": "",
    "MapDescription": "A logon was attempted using explicit credentials",
    "UserName": "ACME\\LolaBunny",
    "RemoteHost": "-:-",
    "PayloadData1": "Target: ACME\\Administrator",
    "PayloadData2": "TargetServerName: ACME-SER2019-DC-01.acme.local",
    "PayloadData3": "PID: 0x33C",
    "PayloadData4": "",
    "PayloadData5": "",
    "PayloadData6": "",
    "ExecutableInfo": "C:\\Windows\\System32\\lsass.exe",
    "ExtraDataOffset": "0",
    "Payload": "{\"EventData\":{\"Data\":[{\"@Name\":\"SubjectUserSid\",\"#text\":\"S-1-5-21-154156543-1801232051-1511951251-1109\"},{\"@Name\":\"SubjectUserName\",\"#text\":\"LolaBunny\"},{\"@Name\":\"SubjectDomainName\",\"#text\":\"ACME\"},{\"@Name\":\"SubjectLogonId\",\"#text\":\"0x424915\"},{\"@Name\":\"LogonGuid\",\"#text\":\"00000000-0000-0000-0000-000000000000\"},{\"@Name\":\"TargetUserName\",\"#text\":\"Administrator\"},{\"@Name\":\"TargetDomainName\",\"#text\":\"ACME\"},{\"@Name\":\"TargetLogonGuid\",\"#text\":\"00000000-0000-0000-0000-000000000000\"},{\"@Name\":\"TargetServerName\",\"#text\":\"ACME-SER2019-DC-01.acme.local\"},{\"@Name\":\"TargetInfo\",\"#text\":\"ACME-SER2019-DC-01.acme.local\"},{\"@Name\":\"ProcessId\",\"#text\":\"0x33C\"},{\"@Name\":\"ProcessName\",\"#text\":\"C:\\\\Windows\\\\System32\\\\lsass.exe\"},{\"@Name\":\"IpAddress\",\"#text\":\"-\"},{\"@Name\":\"IpPort\",\"#text\":\"-\"}]}}"
  },
  {
    "LineNumber": 78780,
    "TimeCreated": "2024-01-20 01:20:17.7932961",
    "EventId": "1026",
    "Level": "Info",
    "Provider": "Microsoft-Windows-TerminalServices-ClientActiveXCore",
    "ChunkNumber": "0",
    "UserId": "S-1-5-21-154156543-1801232051-1511951251-1109",
    "MapDescription": "RDP ClientActiveX has been disconnected",
    "UserName": "",
    "RemoteHost": "",
    "PayloadData1": "Disconnect Reason: No error",
    "PayloadData2": "",
    "PayloadData3": "",
    "PayloadData4": "",
    "PayloadData5": "",
    "PayloadData6": "ActivityID: c1ee65a2-fbfa-4795-817f-fa29a7b10000",
    "ExecutableInfo": "",
    "ExtraDataOffset": "0",
    "Payload": "{\"EventData\":{\"Data\":[{\"@Name\":\"Name\",\"#text\":\"Disconnect Reason\"},{\"@Name\":\"Value\",\"#text\":\"263\"},{\"@Name\":\"CustomLevel\",\"#text\":\"Info\"}]}}"
  },
  {
    "LineNumber": 78781,
    "TimeCreated": "2024-01-20 01:20:17.8002946",
    "EventId": "1028",
    "Level": "Info",
    "Provider": "Microsoft-Windows-TerminalServices-ClientActiveXCore",
    "ChunkNumber": "0",
    "UserId": "S-1-5-21-154156543-1801232051-1511951251-1109",
    "MapDescription": "",
    "UserName": "",
    "RemoteHost": "",
    "PayloadData1": "",
    "PayloadData2": "",
    "PayloadData3": "",
    "PayloadData4": "",
    "PayloadData5": "",
    "PayloadData6": "",
    "ExecutableInfo": "",
    "ExtraDataOffset": "0",
    "Payload": "{\"EventData\":{\"Data\":{\"@Name\":\"TraceMessage\",\"#text\":\"supported\"}}}"
  },
  {
    "LineNumber": 78782,
    "TimeCreated": "2024-01-20 01:20:17.8004854",
    "EventId": "1029",
    "Level": "Info",
    "Provider": "Microsoft-Windows-TerminalServices-ClientActiveXCore",
    "ChunkNumber": "0",
    "UserId": "S-1-5-21-154156543-1801232051-1511951251-1109",
    "MapDescription": "RDP (outgoing connection)",
    "UserName": "",
    "RemoteHost": "",
    "PayloadData1": "Target (encoded): UmTGMgTFbA35+PSgMOoZ2ToPpAK+awC010ZOYWQQIfc=",
    "PayloadData2": "",
    "PayloadData3": "",
    "PayloadData4": "",
    "PayloadData5": "",
    "PayloadData6": "ActivityID: c1ee65a2-fbfa-4795-817f-fa29a7b10000",
    "ExecutableInfo": "",
    "ExtraDataOffset": "0",
    "Payload": "{\"EventData\":{\"Data\":{\"@Name\":\"TraceMessage\",\"#text\":\"UmTGMgTFbA35+PSgMOoZ2ToPpAK+awC010ZOYWQQIfc=-\"}}}"
  },
  {
    "LineNumber": 108737,
    "TimeCreated": "2024-01-20 01:20:17.8060807",
    "EventId": "4648",
    "Level": "LogAlways",
    "Provider": "Microsoft-Windows-Security-Auditing",
    "ChunkNumber": "321",
    "UserId": "",
    "MapDescription": "A logon was attempted using explicit credentials",
    "UserName": "ACME\\LolaBunny",
    "RemoteHost": "-:-",
    "PayloadData1": "Target: ACME\\Administrator",
    "PayloadData2": "TargetServerName: ACME-SER2019-DC-01.acme.local",
    "PayloadData3": "PID: 0x33C",
    "PayloadData4": "",
    "PayloadData5": "",
    "PayloadData6": "",
    "ExecutableInfo": "C:\\Windows\\System32\\lsass.exe",
    "ExtraDataOffset": "0",
    "Payload": "{\"EventData\":{\"Data\":[{\"@Name\":\"SubjectUserSid\",\"#text\":\"S-1-5-21-154156543-1801232051-1511951251-1109\"},{\"@Name\":\"SubjectUserName\",\"#text\":\"LolaBunny\"},{\"@Name\":\"SubjectDomainName\",\"#text\":\"ACME\"},{\"@Name\":\"SubjectLogonId\",\"#text\":\"0x424915\"},{\"@Name\":\"LogonGuid\",\"#text\":\"00000000-0000-0000-0000-000000000000\"},{\"@Name\":\"TargetUserName\",\"#text\":\"Administrator\"},{\"@Name\":\"TargetDomainName\",\"#text\":\"ACME\"},{\"@Name\":\"TargetLogonGuid\",\"#text\":\"00000000-0000-0000-0000-000000000000\"},{\"@Name\":\"TargetServerName\",\"#text\":\"ACME-SER2019-DC-01.acme.local\"},{\"@Name\":\"TargetInfo\",\"#text\":\"ACME-SER2019-DC-01.acme.local\"},{\"@Name\":\"ProcessId\",\"#text\":\"0x33C\"},{\"@Name\":\"ProcessName\",\"#text\":\"C:\\\\Windows\\\\System32\\\\lsass.exe\"},{\"@Name\":\"IpAddress\",\"#text\":\"-\"},{\"@Name\":\"IpPort\",\"#text\":\"-\"}]}}"
  },
  {
    "LineNumber": 78783,
    "TimeCreated": "2024-01-20 01:20:17.8151287",
    "EventId": "1102",
    "Level": "Info",
    "Provider": "Microsoft-Windows-TerminalServices-ClientActiveXCore",
    "ChunkNumber": "0",
    "UserId": "S-1-5-21-154156543-1801232051-1511951251-1109",
    "MapDescription": "RDP client has initiated a multi-transport connection to the server",
    "UserName": "",
    "RemoteHost": "",
    "PayloadData1": "Address: 192.168.68.111",
    "PayloadData2": "",
    "PayloadData3": "",
    "PayloadData4": "",
    "PayloadData5": "",
    "PayloadData6": "",
    "ExecutableInfo": "",
    "ExtraDataOffset": "0",
    "Payload": "{\"EventData\":{\"Data\":[{\"@Name\":\"Name\",\"#text\":\"ServerAddress\"},{\"@Name\":\"Value\",\"#text\":\"192.168.68.111\"},{\"@Name\":\"CustomLevel\",\"#text\":\"Info\"}]}}"
  },
  {
    "LineNumber": 78784,
    "TimeCreated": "2024-01-20 01:20:17.8761237",
    "EventId": "1103",
    "Level": "Info",
    "Provider": "Microsoft-Windows-TerminalServices-ClientActiveXCore",
    "ChunkNumber": "0",
    "UserId": "S-1-5-21-154156543-1801232051-1511951251-1109",
    "MapDescription": "The RDP client has established a multi-transport connection to the server",
    "UserName": "",
    "RemoteHost": "",
    "PayloadData1": "",
    "PayloadData2": "",
    "PayloadData3": "",
    "PayloadData4": "",
    "PayloadData5": "",
    "PayloadData6": "ActivityID: c1ee65a2-fbfa-4795-817f-fa29a7b10000",
    "ExecutableInfo": "",
    "ExtraDataOffset": "0",
    "Payload": "{\"EventData\":\"\"}"
  },
  {
    "LineNumber": 78785,
    "TimeCreated": "2024-01-20 01:20:18.1876285",
    "EventId": "1025",
    "Level": "Info",
    "Provider": "Microsoft-Windows-TerminalServices-ClientActiveXCore",
    "ChunkNumber": "0",
    "UserId": "S-1-5-21-154156543-1801232051-1511951251-1109",
    "MapDescription": "RDP ClientActiveX has connected to the server",
    "UserName": "",
    "RemoteHost": "",
    "PayloadData1": "",
    "PayloadData2": "",
    "PayloadData3": "",
    "PayloadData4": "",
    "PayloadData5": "",
    "PayloadData6": "ActivityID: c1ee65a2-fbfa-4795-817f-fa29a7b10000",
    "ExecutableInfo": "",
    "ExtraDataOffset": "0",
    "Payload": "{\"EventData\":\"\"}"
  },
  {
    "LineNumber": 78788,
    "TimeCreated": "2024-01-20 01:20:18.4871520",
    "EventId": "1027",
    "Level": "Info",
    "Provider": "Microsoft-Windows-TerminalServices-ClientActiveXCore",
    "ChunkNumber": "0",
    "UserId": "S-1-5-21-154156543-1801232051-1511951251-1109",
    "MapDescription": "RDP Connected to domain",
    "UserName": "",
    "RemoteHost": "",
    "PayloadData1": "Domain: ACME",
    "PayloadData2": "",
    "PayloadData3": "",
    "PayloadData4": "",
    "PayloadData5": "",
    "PayloadData6": "ActivityID: c1ee65a2-fbfa-4795-817f-fa29a7b10000",
    "ExecutableInfo": "",
    "ExtraDataOffset": "0",
    "Payload": "{\"EventData\":{\"Data\":[{\"@Name\":\"DomainName\",\"#text\":\"ACME\"},{\"@Name\":\"SessionId\",\"#text\":\"1\"}]}}"
  },
  {
    "LineNumber": 71064,
    "TimeCreated": "2024-01-20 01:20:18.8243499",
    "EventId": "3",
    "Level": "Info",
    "Provider": "Microsoft-Windows-Sysmon",
    "ChunkNumber": "183",
    "UserId": "S-1-5-18",
    "MapDescription": "Network connection",
    "UserName": "ACME\\LolaBunny",
    "RemoteHost": "",
    "PayloadData1": "ProcessID: 8976, ProcessGUID: fb9c9028-1fc3-65ab-8308-000000000d00",
    "PayloadData2": "RuleName: RDP",
    "PayloadData3": "SourceHostname: ACME-WIN11-WS03.acme.local",
    "PayloadData4": "SourceIp: 192.168.68.123",
    "PayloadData5": "DestinationHostname: ACME-SER2019-DC-01",
    "PayloadData6": "DestinationIp: 192.168.68.111",
    "ExecutableInfo": "",
    "ExtraDataOffset": "0",
    "Payload": "{\"EventData\":{\"Data\":[{\"@Name\":\"RuleName\",\"#text\":\"RDP\"},{\"@Name\":\"UtcTime\",\"#text\":\"2024-01-20 01:20:17.972\"},{\"@Name\":\"ProcessGuid\",\"#text\":\"fb9c9028-1fc3-65ab-8308-000000000d00\"},{\"@Name\":\"ProcessId\",\"#text\":\"8976\"},{\"@Name\":\"Image\",\"#text\":\"C:\\\\Windows\\\\System32\\\\mstsc.exe\"},{\"@Name\":\"User\",\"#text\":\"ACME\\\\LolaBunny\"},{\"@Name\":\"Protocol\",\"#text\":\"tcp\"},{\"@Name\":\"Initiated\",\"#text\":\"True\"},{\"@Name\":\"SourceIsIpv6\",\"#text\":\"False\"},{\"@Name\":\"SourceIp\",\"#text\":\"192.168.68.123\"},{\"@Name\":\"SourceHostname\",\"#text\":\"ACME-WIN11-WS03.acme.local\"},{\"@Name\":\"SourcePort\",\"#text\":\"49893\"},{\"@Name\":\"SourcePortName\",\"#text\":\"-\"},{\"@Name\":\"DestinationIsIpv6\",\"#text\":\"False\"},{\"@Name\":\"DestinationIp\",\"#text\":\"192.168.68.111\"},{\"@Name\":\"DestinationHostname\",\"#text\":\"ACME-SER2019-DC-01\"},{\"@Name\":\"DestinationPort\",\"#text\":\"3389\"},{\"@Name\":\"DestinationPortName\",\"#text\":\"ms-wbt-server\"}]}}"
  },
  {
    "LineNumber": 71065,
    "TimeCreated": "2024-01-20 01:20:18.8243938",
    "EventId": "3",
    "Level": "Info",
    "Provider": "Microsoft-Windows-Sysmon",
    "ChunkNumber": "183",
    "UserId": "S-1-5-18",
    "MapDescription": "Network connection",
    "UserName": "ACME\\LolaBunny",
    "RemoteHost": "",
    "PayloadData1": "ProcessID: 8976, ProcessGUID: fb9c9028-1fc3-65ab-8308-000000000d00",
    "PayloadData2": "RuleName: RDP",
    "PayloadData3": "SourceHostname: ACME-WIN11-WS03.acme.local",
    "PayloadData4": "SourceIp: 192.168.68.123",
    "PayloadData5": "DestinationHostname: ACME-SER2019-DC-01",
    "PayloadData6": "DestinationIp: 192.168.68.111",
    "ExecutableInfo": "",
    "ExtraDataOffset": "0",
    "Payload": "{\"EventData\":{\"Data\":[{\"@Name\":\"RuleName\",\"#text\":\"RDP\"},{\"@Name\":\"UtcTime\",\"#text\":\"2024-01-20 01:20:17.992\"},{\"@Name\":\"ProcessGuid\",\"#text\":\"fb9c9028-1fc3-65ab-8308-000000000d00\"},{\"@Name\":\"ProcessId\",\"#text\":\"8976\"},{\"@Name\":\"Image\",\"#text\":\"C:\\\\Windows\\\\System32\\\\mstsc.exe\"},{\"@Name\":\"User\",\"#text\":\"ACME\\\\LolaBunny\"},{\"@Name\":\"Protocol\",\"#text\":\"udp\"},{\"@Name\":\"Initiated\",\"#text\":\"True\"},{\"@Name\":\"SourceIsIpv6\",\"#text\":\"False\"},{\"@Name\":\"SourceIp\",\"#text\":\"192.168.68.123\"},{\"@Name\":\"SourceHostname\",\"#text\":\"ACME-WIN11-WS03.acme.local\"},{\"@Name\":\"SourcePort\",\"#text\":\"58030\"},{\"@Name\":\"SourcePortName\",\"#text\":\"-\"},{\"@Name\":\"DestinationIsIpv6\",\"#text\":\"False\"},{\"@Name\":\"DestinationIp\",\"#text\":\"192.168.68.111\"},{\"@Name\":\"DestinationHostname\",\"#text\":\"ACME-SER2019-DC-01\"},{\"@Name\":\"DestinationPort\",\"#text\":\"3389\"},{\"@Name\":\"DestinationPortName\",\"#text\":\"ms-wbt-server\"}]}}"
  },
  {
    "LineNumber": 71098,
    "TimeCreated": "2024-01-20 01:35:19.0070952",
    "EventId": "3",
    "Level": "Info",
    "Provider": "Microsoft-Windows-Sysmon",
    "ChunkNumber": "184",
    "UserId": "S-1-5-18",
    "MapDescription": "Network connection",
    "UserName": "ACME\\LolaBunny",
    "RemoteHost": "",
    "PayloadData1": "ProcessID: 8976, ProcessGUID: fb9c9028-1fc3-65ab-8308-000000000d00",
    "PayloadData2": "RuleName: RDP",
    "PayloadData3": "SourceHostname: ACME-WIN11-WS03.acme.local",
    "PayloadData4": "SourceIp: 192.168.68.123",
    "PayloadData5": "DestinationHostname: ACME-SER2019-DC-01",
    "PayloadData6": "DestinationIp: 192.168.68.111",
    "ExecutableInfo": "",
    "ExtraDataOffset": "0",
    "Payload": "{\"EventData\":{\"Data\":[{\"@Name\":\"RuleName\",\"#text\":\"RDP\"},{\"@Name\":\"UtcTime\",\"#text\":\"2024-01-20 01:35:17.202\"},{\"@Name\":\"ProcessGuid\",\"#text\":\"fb9c9028-1fc3-65ab-8308-000000000d00\"},{\"@Name\":\"ProcessId\",\"#text\":\"8976\"},{\"@Name\":\"Image\",\"#text\":\"C:\\\\Windows\\\\System32\\\\mstsc.exe\"},{\"@Name\":\"User\",\"#text\":\"ACME\\\\LolaBunny\"},{\"@Name\":\"Protocol\",\"#text\":\"udp\"},{\"@Name\":\"Initiated\",\"#text\":\"True\"},{\"@Name\":\"SourceIsIpv6\",\"#text\":\"False\"},{\"@Name\":\"SourceIp\",\"#text\":\"192.168.68.123\"},{\"@Name\":\"SourceHostname\",\"#text\":\"ACME-WIN11-WS03.acme.local\"},{\"@Name\":\"SourcePort\",\"#text\":\"58030\"},{\"@Name\":\"SourcePortName\",\"#text\":\"-\"},{\"@Name\":\"DestinationIsIpv6\",\"#text\":\"False\"},{\"@Name\":\"DestinationIp\",\"#text\":\"192.168.68.111\"},{\"@Name\":\"DestinationHostname\",\"#text\":\"ACME-SER2019-DC-01\"},{\"@Name\":\"DestinationPort\",\"#text\":\"3389\"},{\"@Name\":\"DestinationPortName\",\"#text\":\"ms-wbt-server\"}]}}"
  },
  {
    "LineNumber": 71115,
    "TimeCreated": "2024-01-20 02:39:07.7411745",
    "EventId": "3",
    "Level": "Info",
    "Provider": "Microsoft-Windows-Sysmon",
    "ChunkNumber": "184",
    "UserId": "S-1-5-18",
    "MapDescription": "Network connection",
    "UserName": "ACME\\LolaBunny",
    "RemoteHost": "",
    "PayloadData1": "ProcessID: 8976, ProcessGUID: fb9c9028-1fc3-65ab-8308-000000000d00",
    "PayloadData2": "RuleName: RDP",
    "PayloadData3": "SourceHostname: ACME-WIN11-WS03.acme.local",
    "PayloadData4": "SourceIp: 192.168.68.123",
    "PayloadData5": "DestinationHostname: ACME-SER2019-DC-01",
    "PayloadData6": "DestinationIp: 192.168.68.111",
    "ExecutableInfo": "",
    "ExtraDataOffset": "0",
    "Payload": "{\"EventData\":{\"Data\":[{\"@Name\":\"RuleName\",\"#text\":\"RDP\"},{\"@Name\":\"UtcTime\",\"#text\":\"2024-01-20 02:39:06.739\"},{\"@Name\":\"ProcessGuid\",\"#text\":\"fb9c9028-1fc3-65ab-8308-000000000d00\"},{\"@Name\":\"ProcessId\",\"#text\":\"8976\"},{\"@Name\":\"Image\",\"#text\":\"C:\\\\Windows\\\\System32\\\\mstsc.exe\"},{\"@Name\":\"User\",\"#text\":\"ACME\\\\LolaBunny\"},{\"@Name\":\"Protocol\",\"#text\":\"udp\"},{\"@Name\":\"Initiated\",\"#text\":\"True\"},{\"@Name\":\"SourceIsIpv6\",\"#text\":\"False\"},{\"@Name\":\"SourceIp\",\"#text\":\"192.168.68.123\"},{\"@Name\":\"SourceHostname\",\"#text\":\"ACME-WIN11-WS03.acme.local\"},{\"@Name\":\"SourcePort\",\"#text\":\"58030\"},{\"@Name\":\"SourcePortName\",\"#text\":\"-\"},{\"@Name\":\"DestinationIsIpv6\",\"#text\":\"False\"},{\"@Name\":\"DestinationIp\",\"#text\":\"192.168.68.111\"},{\"@Name\":\"DestinationHostname\",\"#text\":\"ACME-SER2019-DC-01\"},{\"@Name\":\"DestinationPort\",\"#text\":\"3389\"},{\"@Name\":\"DestinationPortName\",\"#text\":\"ms-wbt-server\"}]}}"
  },
  {
    "LineNumber": 78790,
    "TimeCreated": "2024-01-20 02:39:08.9188917",
    "EventId": "1026",
    "Level": "Info",
    "Provider": "Microsoft-Windows-TerminalServices-ClientActiveXCore",
    "ChunkNumber": "0",
    "UserId": "S-1-5-21-154156543-1801232051-1511951251-1109",
    "MapDescription": "RDP ClientActiveX has been disconnected",
    "UserName": "",
    "RemoteHost": "",
    "PayloadData1": "Disconnect Reason: The connection to the remote computer was lost, possibly due to network connectivity problems",
    "PayloadData2": "",
    "PayloadData3": "",
    "PayloadData4": "",
    "PayloadData5": "",
    "PayloadData6": "ActivityID: c1ee65a2-fbfa-4795-817f-fa29a7b10000",
    "ExecutableInfo": "",
    "ExtraDataOffset": "0",
    "Payload": "{\"EventData\":{\"Data\":[{\"@Name\":\"Name\",\"#text\":\"Disconnect Reason\"},{\"@Name\":\"Value\",\"#text\":\"2308\"},{\"@Name\":\"CustomLevel\",\"#text\":\"Info\"}]}}"
  },
  {
    "LineNumber": 78791,
    "TimeCreated": "2024-01-20 02:45:17.7971018",
    "EventId": "1024",
    "Level": "Info",
    "Provider": "Microsoft-Windows-TerminalServices-ClientActiveXCore",
    "ChunkNumber": "0",
    "UserId": "S-1-5-21-154156543-1801232051-1511951251-1109",
    "MapDescription": "RDP Client is trying to connect to the server",
    "UserName": "",
    "RemoteHost": "",
    "PayloadData1": "Dest: 192.168.68.111",
    "PayloadData2": "",
    "PayloadData3": "",
    "PayloadData4": "",
    "PayloadData5": "",
    "PayloadData6": "ActivityID: 138f35da-1c17-4974-8970-456c05900000",
    "ExecutableInfo": "",
    "ExtraDataOffset": "0",
    "Payload": "{\"EventData\":{\"Data\":[{\"@Name\":\"Name\",\"#text\":\"Server Name\"},{\"@Name\":\"Value\",\"#text\":\"192.168.68.111\"},{\"@Name\":\"CustomLevel\",\"#text\":\"Info\"}]}}"
  },
  {
    "LineNumber": 78792,
    "TimeCreated": "2024-01-20 02:45:17.8143302",
    "EventId": "1028",
    "Level": "Info",
    "Provider": "Microsoft-Windows-TerminalServices-ClientActiveXCore",
    "ChunkNumber": "0",
    "UserId": "S-1-5-21-154156543-1801232051-1511951251-1109",
    "MapDescription": "",
    "UserName": "",
    "RemoteHost": "",
    "PayloadData1": "",
    "PayloadData2": "",
    "PayloadData3": "",
    "PayloadData4": "",
    "PayloadData5": "",
    "PayloadData6": "",
    "ExecutableInfo": "",
    "ExtraDataOffset": "0",
    "Payload": "{\"EventData\":{\"Data\":{\"@Name\":\"TraceMessage\",\"#text\":\"supported\"}}}"
  },
  {
    "LineNumber": 71166,
    "TimeCreated": "2024-01-20 02:45:19.8580874",
    "EventId": "3",
    "Level": "Info",
    "Provider": "Microsoft-Windows-Sysmon",
    "ChunkNumber": "185",
    "UserId": "S-1-5-18",
    "MapDescription": "Network connection",
    "UserName": "ACME\\LolaBunny",
    "RemoteHost": "",
    "PayloadData1": "ProcessID: 14580, ProcessGUID: fb9c9028-33ba-65ab-ea08-000000000d00",
    "PayloadData2": "RuleName: RDP",
    "PayloadData3": "SourceHostname: ACME-WIN11-WS03.acme.local",
    "PayloadData4": "SourceIp: 192.168.68.123",
    "PayloadData5": "DestinationHostname: ACME-SER2019-DC-01",
    "PayloadData6": "DestinationIp: 192.168.68.111",
    "ExecutableInfo": "",
    "ExtraDataOffset": "0",
    "Payload": "{\"EventData\":{\"Data\":[{\"@Name\":\"RuleName\",\"#text\":\"RDP\"},{\"@Name\":\"UtcTime\",\"#text\":\"2024-01-20 02:45:17.818\"},{\"@Name\":\"ProcessGuid\",\"#text\":\"fb9c9028-33ba-65ab-ea08-000000000d00\"},{\"@Name\":\"ProcessId\",\"#text\":\"14580\"},{\"@Name\":\"Image\",\"#text\":\"C:\\\\Windows\\\\System32\\\\mstsc.exe\"},{\"@Name\":\"User\",\"#text\":\"ACME\\\\LolaBunny\"},{\"@Name\":\"Protocol\",\"#text\":\"tcp\"},{\"@Name\":\"Initiated\",\"#text\":\"True\"},{\"@Name\":\"SourceIsIpv6\",\"#text\":\"False\"},{\"@Name\":\"SourceIp\",\"#text\":\"192.168.68.123\"},{\"@Name\":\"SourceHostname\",\"#text\":\"ACME-WIN11-WS03.acme.local\"},{\"@Name\":\"SourcePort\",\"#text\":\"50073\"},{\"@Name\":\"SourcePortName\",\"#text\":\"-\"},{\"@Name\":\"DestinationIsIpv6\",\"#text\":\"False\"},{\"@Name\":\"DestinationIp\",\"#text\":\"192.168.68.111\"},{\"@Name\":\"DestinationHostname\",\"#text\":\"ACME-SER2019-DC-01\"},{\"@Name\":\"DestinationPort\",\"#text\":\"3389\"},{\"@Name\":\"DestinationPortName\",\"#text\":\"ms-wbt-server\"}]}}"
  },
  {
    "LineNumber": 78793,
    "TimeCreated": "2024-01-20 02:45:35.0665501",
    "EventId": "1029",
    "Level": "Info",
    "Provider": "Microsoft-Windows-TerminalServices-ClientActiveXCore",
    "ChunkNumber": "0",
    "UserId": "S-1-5-21-154156543-1801232051-1511951251-1109",
    "MapDescription": "RDP (outgoing connection)",
    "UserName": "",
    "RemoteHost": "",
    "PayloadData1": "Target (encoded): UmTGMgTFbA35+PSgMOoZ2ToPpAK+awC010ZOYWQQIfc=",
    "PayloadData2": "",
    "PayloadData3": "",
    "PayloadData4": "",
    "PayloadData5": "",
    "PayloadData6": "ActivityID: 138f35da-1c17-4974-8970-456c05900000",
    "ExecutableInfo": "",
    "ExtraDataOffset": "0",
    "Payload": "{\"EventData\":{\"Data\":{\"@Name\":\"TraceMessage\",\"#text\":\"UmTGMgTFbA35+PSgMOoZ2ToPpAK+awC010ZOYWQQIfc=-\"}}}"
  },
  {
    "LineNumber": 108791,
    "TimeCreated": "2024-01-20 02:45:35.0880429",
    "EventId": "4648",
    "Level": "LogAlways",
    "Provider": "Microsoft-Windows-Security-Auditing",
    "ChunkNumber": "322",
    "UserId": "",
    "MapDescription": "A logon was attempted using explicit credentials",
    "UserName": "ACME\\LolaBunny",
    "RemoteHost": "-:-",
    "PayloadData1": "Target: ACME-WIN11-WS03\\Administrator",
    "PayloadData2": "TargetServerName: ACME-SER2019-DC-01.acme.local",
    "PayloadData3": "PID: 0x33C",
    "PayloadData4": "",
    "PayloadData5": "",
    "PayloadData6": "",
    "ExecutableInfo": "C:\\Windows\\System32\\lsass.exe",
    "ExtraDataOffset": "0",
    "Payload": "{\"EventData\":{\"Data\":[{\"@Name\":\"SubjectUserSid\",\"#text\":\"S-1-5-21-154156543-1801232051-1511951251-1109\"},{\"@Name\":\"SubjectUserName\",\"#text\":\"LolaBunny\"},{\"@Name\":\"SubjectDomainName\",\"#text\":\"ACME\"},{\"@Name\":\"SubjectLogonId\",\"#text\":\"0x424915\"},{\"@Name\":\"LogonGuid\",\"#text\":\"00000000-0000-0000-0000-000000000000\"},{\"@Name\":\"TargetUserName\",\"#text\":\"Administrator\"},{\"@Name\":\"TargetDomainName\",\"#text\":\"ACME-WIN11-WS03\"},{\"@Name\":\"TargetLogonGuid\",\"#text\":\"00000000-0000-0000-0000-000000000000\"},{\"@Name\":\"TargetServerName\",\"#text\":\"ACME-SER2019-DC-01.acme.local\"},{\"@Name\":\"TargetInfo\",\"#text\":\"ACME-SER2019-DC-01.acme.local\"},{\"@Name\":\"ProcessId\",\"#text\":\"0x33C\"},{\"@Name\":\"ProcessName\",\"#text\":\"C:\\\\Windows\\\\System32\\\\lsass.exe\"},{\"@Name\":\"IpAddress\",\"#text\":\"-\"},{\"@Name\":\"IpPort\",\"#text\":\"-\"}]}}"
  },
  {
    "LineNumber": 78796,
    "TimeCreated": "2024-01-20 02:45:38.3765205",
    "EventId": "1026",
    "Level": "Info",
    "Provider": "Microsoft-Windows-TerminalServices-ClientActiveXCore",
    "ChunkNumber": "0",
    "UserId": "S-1-5-21-154156543-1801232051-1511951251-1109",
    "MapDescription": "RDP ClientActiveX has been disconnected",
    "UserName": "",
    "RemoteHost": "",
    "PayloadData1": "Disconnect Reason: No error",
    "PayloadData2": "",
    "PayloadData3": "",
    "PayloadData4": "",
    "PayloadData5": "",
    "PayloadData6": "ActivityID: 138f35da-1c17-4974-8970-456c05900000",
    "ExecutableInfo": "",
    "ExtraDataOffset": "0",
    "Payload": "{\"EventData\":{\"Data\":[{\"@Name\":\"Name\",\"#text\":\"Disconnect Reason\"},{\"@Name\":\"Value\",\"#text\":\"263\"},{\"@Name\":\"CustomLevel\",\"#text\":\"Info\"}]}}"
  },
  {
    "LineNumber": 78797,
    "TimeCreated": "2024-01-20 02:45:38.3833100",
    "EventId": "1028",
    "Level": "Info",
    "Provider": "Microsoft-Windows-TerminalServices-ClientActiveXCore",
    "ChunkNumber": "0",
    "UserId": "S-1-5-21-154156543-1801232051-1511951251-1109",
    "MapDescription": "",
    "UserName": "",
    "RemoteHost": "",
    "PayloadData1": "",
    "PayloadData2": "",
    "PayloadData3": "",
    "PayloadData4": "",
    "PayloadData5": "",
    "PayloadData6": "",
    "ExecutableInfo": "",
    "ExtraDataOffset": "0",
    "Payload": "{\"EventData\":{\"Data\":{\"@Name\":\"TraceMessage\",\"#text\":\"supported\"}}}"
  },
  {
    "LineNumber": 78798,
    "TimeCreated": "2024-01-20 02:45:38.3834903",
    "EventId": "1029",
    "Level": "Info",
    "Provider": "Microsoft-Windows-TerminalServices-ClientActiveXCore",
    "ChunkNumber": "0",
    "UserId": "S-1-5-21-154156543-1801232051-1511951251-1109",
    "MapDescription": "RDP (outgoing connection)",
    "UserName": "",
    "RemoteHost": "",
    "PayloadData1": "Target (encoded): UmTGMgTFbA35+PSgMOoZ2ToPpAK+awC010ZOYWQQIfc=",
    "PayloadData2": "",
    "PayloadData3": "",
    "PayloadData4": "",
    "PayloadData5": "",
    "PayloadData6": "ActivityID: 138f35da-1c17-4974-8970-456c05900000",
    "ExecutableInfo": "",
    "ExtraDataOffset": "0",
    "Payload": "{\"EventData\":{\"Data\":{\"@Name\":\"TraceMessage\",\"#text\":\"UmTGMgTFbA35+PSgMOoZ2ToPpAK+awC010ZOYWQQIfc=-\"}}}"
  },
  {
    "LineNumber": 108792,
    "TimeCreated": "2024-01-20 02:45:38.3893473",
    "EventId": "4648",
    "Level": "LogAlways",
    "Provider": "Microsoft-Windows-Security-Auditing",
    "ChunkNumber": "322",
    "UserId": "",
    "MapDescription": "A logon was attempted using explicit credentials",
    "UserName": "ACME\\LolaBunny",
    "RemoteHost": "-:-",
    "PayloadData1": "Target: ACME-WIN11-WS03\\Administrator",
    "PayloadData2": "TargetServerName: ACME-SER2019-DC-01.acme.local",
    "PayloadData3": "PID: 0x33C",
    "PayloadData4": "",
    "PayloadData5": "",
    "PayloadData6": "",
    "ExecutableInfo": "C:\\Windows\\System32\\lsass.exe",
    "ExtraDataOffset": "0",
    "Payload": "{\"EventData\":{\"Data\":[{\"@Name\":\"SubjectUserSid\",\"#text\":\"S-1-5-21-154156543-1801232051-1511951251-1109\"},{\"@Name\":\"SubjectUserName\",\"#text\":\"LolaBunny\"},{\"@Name\":\"SubjectDomainName\",\"#text\":\"ACME\"},{\"@Name\":\"SubjectLogonId\",\"#text\":\"0x424915\"},{\"@Name\":\"LogonGuid\",\"#text\":\"00000000-0000-0000-0000-000000000000\"},{\"@Name\":\"TargetUserName\",\"#text\":\"Administrator\"},{\"@Name\":\"TargetDomainName\",\"#text\":\"ACME-WIN11-WS03\"},{\"@Name\":\"TargetLogonGuid\",\"#text\":\"00000000-0000-0000-0000-000000000000\"},{\"@Name\":\"TargetServerName\",\"#text\":\"ACME-SER2019-DC-01.acme.local\"},{\"@Name\":\"TargetInfo\",\"#text\":\"ACME-SER2019-DC-01.acme.local\"},{\"@Name\":\"ProcessId\",\"#text\":\"0x33C\"},{\"@Name\":\"ProcessName\",\"#text\":\"C:\\\\Windows\\\\System32\\\\lsass.exe\"},{\"@Name\":\"IpAddress\",\"#text\":\"-\"},{\"@Name\":\"IpPort\",\"#text\":\"-\"}]}}"
  },
  {
    "LineNumber": 78799,
    "TimeCreated": "2024-01-20 02:45:38.3952044",
    "EventId": "1102",
    "Level": "Info",
    "Provider": "Microsoft-Windows-TerminalServices-ClientActiveXCore",
    "ChunkNumber": "0",
    "UserId": "S-1-5-21-154156543-1801232051-1511951251-1109",
    "MapDescription": "RDP client has initiated a multi-transport connection to the server",
    "UserName": "",
    "RemoteHost": "",
    "PayloadData1": "Address: 192.168.68.111",
    "PayloadData2": "",
    "PayloadData3": "",
    "PayloadData4": "",
    "PayloadData5": "",
    "PayloadData6": "",
    "ExecutableInfo": "",
    "ExtraDataOffset": "0",
    "Payload": "{\"EventData\":{\"Data\":[{\"@Name\":\"Name\",\"#text\":\"ServerAddress\"},{\"@Name\":\"Value\",\"#text\":\"192.168.68.111\"},{\"@Name\":\"CustomLevel\",\"#text\":\"Info\"}]}}"
  },
  {
    "LineNumber": 78800,
    "TimeCreated": "2024-01-20 02:45:38.4180319",
    "EventId": "1103",
    "Level": "Info",
    "Provider": "Microsoft-Windows-TerminalServices-ClientActiveXCore",
    "ChunkNumber": "0",
    "UserId": "S-1-5-21-154156543-1801232051-1511951251-1109",
    "MapDescription": "The RDP client has established a multi-transport connection to the server",
    "UserName": "",
    "RemoteHost": "",
    "PayloadData1": "",
    "PayloadData2": "",
    "PayloadData3": "",
    "PayloadData4": "",
    "PayloadData5": "",
    "PayloadData6": "ActivityID: 138f35da-1c17-4974-8970-456c05900000",
    "ExecutableInfo": "",
    "ExtraDataOffset": "0",
    "Payload": "{\"EventData\":\"\"}"
  },
  {
    "LineNumber": 78801,
    "TimeCreated": "2024-01-20 02:45:38.4525645",
    "EventId": "1025",
    "Level": "Info",
    "Provider": "Microsoft-Windows-TerminalServices-ClientActiveXCore",
    "ChunkNumber": "0",
    "UserId": "S-1-5-21-154156543-1801232051-1511951251-1109",
    "MapDescription": "RDP ClientActiveX has connected to the server",
    "UserName": "",
    "RemoteHost": "",
    "PayloadData1": "",
    "PayloadData2": "",
    "PayloadData3": "",
    "PayloadData4": "",
    "PayloadData5": "",
    "PayloadData6": "ActivityID: 138f35da-1c17-4974-8970-456c05900000",
    "ExecutableInfo": "",
    "ExtraDataOffset": "0",
    "Payload": "{\"EventData\":\"\"}"
  },
  {
    "LineNumber": 78804,
    "TimeCreated": "2024-01-20 02:45:38.6547716",
    "EventId": "1027",
    "Level": "Info",
    "Provider": "Microsoft-Windows-TerminalServices-ClientActiveXCore",
    "ChunkNumber": "0",
    "UserId": "S-1-5-21-154156543-1801232051-1511951251-1109",
    "MapDescription": "RDP Connected to domain",
    "UserName": "",
    "RemoteHost": "",
    "PayloadData1": "Domain: ACME",
    "PayloadData2": "",
    "PayloadData3": "",
    "PayloadData4": "",
    "PayloadData5": "",
    "PayloadData6": "ActivityID: 138f35da-1c17-4974-8970-456c05900000",
    "ExecutableInfo": "",
    "ExtraDataOffset": "0",
    "Payload": "{\"EventData\":{\"Data\":[{\"@Name\":\"DomainName\",\"#text\":\"ACME\"},{\"@Name\":\"SessionId\",\"#text\":\"1\"}]}}"
  },
  {
    "LineNumber": 71171,
    "TimeCreated": "2024-01-20 02:45:39.5308667",
    "EventId": "3",
    "Level": "Info",
    "Provider": "Microsoft-Windows-Sysmon",
    "ChunkNumber": "186",
    "UserId": "S-1-5-18",
    "MapDescription": "Network connection",
    "UserName": "ACME\\LolaBunny",
    "RemoteHost": "",
    "PayloadData1": "ProcessID: 14580, ProcessGUID: fb9c9028-33ba-65ab-ea08-000000000d00",
    "PayloadData2": "RuleName: RDP",
    "PayloadData3": "SourceHostname: ACME-WIN11-WS03.acme.local",
    "PayloadData4": "SourceIp: 192.168.68.123",
    "PayloadData5": "DestinationHostname: ACME-SER2019-DC-01",
    "PayloadData6": "DestinationIp: 192.168.68.111",
    "ExecutableInfo": "",
    "ExtraDataOffset": "0",
    "Payload": "{\"EventData\":{\"Data\":[{\"@Name\":\"RuleName\",\"#text\":\"RDP\"},{\"@Name\":\"UtcTime\",\"#text\":\"2024-01-20 02:45:38.324\"},{\"@Name\":\"ProcessGuid\",\"#text\":\"fb9c9028-33ba-65ab-ea08-000000000d00\"},{\"@Name\":\"ProcessId\",\"#text\":\"14580\"},{\"@Name\":\"Image\",\"#text\":\"C:\\\\Windows\\\\System32\\\\mstsc.exe\"},{\"@Name\":\"User\",\"#text\":\"ACME\\\\LolaBunny\"},{\"@Name\":\"Protocol\",\"#text\":\"tcp\"},{\"@Name\":\"Initiated\",\"#text\":\"True\"},{\"@Name\":\"SourceIsIpv6\",\"#text\":\"False\"},{\"@Name\":\"SourceIp\",\"#text\":\"192.168.68.123\"},{\"@Name\":\"SourceHostname\",\"#text\":\"ACME-WIN11-WS03.acme.local\"},{\"@Name\":\"SourcePort\",\"#text\":\"50079\"},{\"@Name\":\"SourcePortName\",\"#text\":\"-\"},{\"@Name\":\"DestinationIsIpv6\",\"#text\":\"False\"},{\"@Name\":\"DestinationIp\",\"#text\":\"192.168.68.111\"},{\"@Name\":\"DestinationHostname\",\"#text\":\"ACME-SER2019-DC-01\"},{\"@Name\":\"DestinationPort\",\"#text\":\"3389\"},{\"@Name\":\"DestinationPortName\",\"#text\":\"ms-wbt-server\"}]}}"
  },
  {
    "LineNumber": 71172,
    "TimeCreated": "2024-01-20 02:45:39.5308959",
    "EventId": "3",
    "Level": "Info",
    "Provider": "Microsoft-Windows-Sysmon",
    "ChunkNumber": "186",
    "UserId": "S-1-5-18",
    "MapDescription": "Network connection",
    "UserName": "ACME\\LolaBunny",
    "RemoteHost": "",
    "PayloadData1": "ProcessID: 14580, ProcessGUID: fb9c9028-33ba-65ab-ea08-000000000d00",
    "PayloadData2": "RuleName: RDP",
    "PayloadData3": "SourceHostname: ACME-WIN11-WS03.acme.local",
    "PayloadData4": "SourceIp: 192.168.68.123",
    "PayloadData5": "DestinationHostname: ACME-SER2019-DC-01",
    "PayloadData6": "DestinationIp: 192.168.68.111",
    "ExecutableInfo": "",
    "ExtraDataOffset": "0",
    "Payload": "{\"EventData\":{\"Data\":[{\"@Name\":\"RuleName\",\"#text\":\"RDP\"},{\"@Name\":\"UtcTime\",\"#text\":\"2024-01-20 02:45:38.340\"},{\"@Name\":\"ProcessGuid\",\"#text\":\"fb9c9028-33ba-65ab-ea08-000000000d00\"},{\"@Name\":\"ProcessId\",\"#text\":\"14580\"},{\"@Name\":\"Image\",\"#text\":\"C:\\\\Windows\\\\System32\\\\mstsc.exe\"},{\"@Name\":\"User\",\"#text\":\"ACME\\\\LolaBunny\"},{\"@Name\":\"Protocol\",\"#text\":\"udp\"},{\"@Name\":\"Initiated\",\"#text\":\"True\"},{\"@Name\":\"SourceIsIpv6\",\"#text\":\"False\"},{\"@Name\":\"SourceIp\",\"#text\":\"192.168.68.123\"},{\"@Name\":\"SourceHostname\",\"#text\":\"ACME-WIN11-WS03.acme.local\"},{\"@Name\":\"SourcePort\",\"#text\":\"61568\"},{\"@Name\":\"SourcePortName\",\"#text\":\"-\"},{\"@Name\":\"DestinationIsIpv6\",\"#text\":\"False\"},{\"@Name\":\"DestinationIp\",\"#text\":\"192.168.68.111\"},{\"@Name\":\"DestinationHostname\",\"#text\":\"ACME-SER2019-DC-01\"},{\"@Name\":\"DestinationPort\",\"#text\":\"3389\"},{\"@Name\":\"DestinationPortName\",\"#text\":\"ms-wbt-server\"}]}}"
  },
  {
    "LineNumber": 78754,
    "TimeCreated": "2024-01-20 02:53:06.8500316",
    "EventId": "40",
    "Level": "Info",
    "Provider": "Microsoft-Windows-TerminalServices-LocalSessionManager",
    "ChunkNumber": "1",
    "UserId": "S-1-5-18",
    "MapDescription": "Session (PayloadData1) has been disconnected, reason code (PayloadData2)",
    "UserName": "",
    "RemoteHost": "",
    "PayloadData1": "Session: 4",
    "PayloadData2": "Reason: The client's connection was replaced by another connection (i.e. a user reconnected to a previous RDP session)",
    "PayloadData3": "",
    "PayloadData4": "",
    "PayloadData5": "",
    "PayloadData6": "",
    "ExecutableInfo": "",
    "ExtraDataOffset": "0",
    "Payload": "{\"UserData\":{\"EventXML\":{\"Session\":\"4\",\"Reason\":\"5\"}}}"
  },
  {
    "LineNumber": 78755,
    "TimeCreated": "2024-01-20 02:53:06.8500395",
    "EventId": "40",
    "Level": "Info",
    "Provider": "Microsoft-Windows-TerminalServices-LocalSessionManager",
    "ChunkNumber": "1",
    "UserId": "S-1-5-18",
    "MapDescription": "Session (PayloadData1) has been disconnected, reason code (PayloadData2)",
    "UserName": "",
    "RemoteHost": "",
    "PayloadData1": "Session: 3",
    "PayloadData2": "Reason: No additional information is available (i.e. the user has closed RDP window)",
    "PayloadData3": "",
    "PayloadData4": "",
    "PayloadData5": "",
    "PayloadData6": "",
    "ExecutableInfo": "",
    "ExtraDataOffset": "0",
    "Payload": "{\"UserData\":{\"EventXML\":{\"Session\":\"3\",\"Reason\":\"0\"}}}"
  },
  {
    "LineNumber": 78756,
    "TimeCreated": "2024-01-20 02:53:06.9839202",
    "EventId": "24",
    "Level": "Info",
    "Provider": "Microsoft-Windows-TerminalServices-LocalSessionManager",
    "ChunkNumber": "1",
    "UserId": "S-1-5-18",
    "MapDescription": "Remote Desktop Services: Session has been disconnected",
    "UserName": "ACME\\LolaBunny",
    "RemoteHost": "LOCAL",
    "PayloadData1": "Session ID: 3",
    "PayloadData2": "",
    "PayloadData3": "",
    "PayloadData4": "",
    "PayloadData5": "",
    "PayloadData6": "",
    "ExecutableInfo": "",
    "ExtraDataOffset": "0",
    "Payload": "{\"UserData\":{\"EventXML\":{\"User\":\"ACME\\\\LolaBunny\",\"SessionID\":\"3\",\"Address\":\"LOCAL\"}}}"
  },
  {
    "LineNumber": 78757,
    "TimeCreated": "2024-01-20 02:53:07.1346224",
    "EventId": "25",
    "Level": "Info",
    "Provider": "Microsoft-Windows-TerminalServices-LocalSessionManager",
    "ChunkNumber": "1",
    "UserId": "S-1-5-18",
    "MapDescription": "Remote Desktop Services: Session reconnection succeeded",
    "UserName": "ACME\\Administrator",
    "RemoteHost": "LOCAL",
    "PayloadData1": "Session ID: 4",
    "PayloadData2": "",
    "PayloadData3": "",
    "PayloadData4": "",
    "PayloadData5": "",
    "PayloadData6": "",
    "ExecutableInfo": "",
    "ExtraDataOffset": "0",
    "Payload": "{\"UserData\":{\"EventXML\":{\"User\":\"ACME\\\\Administrator\",\"SessionID\":\"4\",\"Address\":\"LOCAL\"}}}"
  },
  {
    "LineNumber": 78758,
    "TimeCreated": "2024-01-20 02:57:16.1694428",
    "EventId": "39",
    "Level": "Info",
    "Provider": "Microsoft-Windows-TerminalServices-LocalSessionManager",
    "ChunkNumber": "1",
    "UserId": "S-1-5-18",
    "MapDescription": "Session (PayloadData1) has been disconnected by session (PayloadData2)",
    "UserName": "",
    "RemoteHost": "",
    "PayloadData1": "TargetSession: 4",
    "PayloadData2": "Source: 4",
    "PayloadData3": "",
    "PayloadData4": "",
    "PayloadData5": "",
    "PayloadData6": "",
    "ExecutableInfo": "",
    "ExtraDataOffset": "0",
    "Payload": "{\"UserData\":{\"EventXML\":{\"TargetSession\":\"4\",\"Source\":\"4\"}}}"
  },
  {
    "LineNumber": 78759,
    "TimeCreated": "2024-01-20 02:57:16.1694510",
    "EventId": "40",
    "Level": "Info",
    "Provider": "Microsoft-Windows-TerminalServices-LocalSessionManager",
    "ChunkNumber": "1",
    "UserId": "S-1-5-18",
    "MapDescription": "Session (PayloadData1) has been disconnected, reason code (PayloadData2)",
    "UserName": "",
    "RemoteHost": "",
    "PayloadData1": "Session: 4",
    "PayloadData2": "Reason: The disconnection was initiated by the user disconnecting his or her session on the server or by an administrative tool on the server",
    "PayloadData3": "",
    "PayloadData4": "",
    "PayloadData5": "",
    "PayloadData6": "",
    "ExecutableInfo": "",
    "ExtraDataOffset": "0",
    "Payload": "{\"UserData\":{\"EventXML\":{\"Session\":\"4\",\"Reason\":\"11\"}}}"
  },
  {
    "LineNumber": 78760,
    "TimeCreated": "2024-01-20 02:57:16.2078643",
    "EventId": "24",
    "Level": "Info",
    "Provider": "Microsoft-Windows-TerminalServices-LocalSessionManager",
    "ChunkNumber": "1",
    "UserId": "S-1-5-18",
    "MapDescription": "Remote Desktop Services: Session has been disconnected",
    "UserName": "ACME\\Administrator",
    "RemoteHost": "LOCAL",
    "PayloadData1": "Session ID: 4",
    "PayloadData2": "",
    "PayloadData3": "",
    "PayloadData4": "",
    "PayloadData5": "",
    "PayloadData6": "",
    "ExecutableInfo": "",
    "ExtraDataOffset": "0",
    "Payload": "{\"UserData\":{\"EventXML\":{\"User\":\"ACME\\\\Administrator\",\"SessionID\":\"4\",\"Address\":\"LOCAL\"}}}"
  },
