[
  {
    "LineNumber": 77775,
    "TimeCreated": "2024-01-27 23:10:20.1764279",
    "EventId": "201",
    "Level": "Info",
    "Provider": "Microsoft-Windows-TaskScheduler",
    "ChunkNumber": "45",
    "UserId": "S-1-5-18",
    "MapDescription": "Scheduled Task completed",
    "UserName": "",
    "RemoteHost": "",
    "PayloadData1": "Task: \\GoogleSystem\\GoogleUpdater\\GoogleUpdaterTaskSystem122.0.6253.0{E80C57FF-0CBA-4819-8585-87EA5A2440C3}",
    "PayloadData2": "Instance Id: ac11efd3-6201-476a-9d96-e5399e17a59a",
    "PayloadData3": "",
    "PayloadData4": "",
    "PayloadData5": "",
    "PayloadData6": "",
    "ExecutableInfo": "C:\\Program Files (x86)\\Google\\GoogleUpdater\\122.0.6253.0\\updater.exe",
    "ExtraDataOffset": "0",
    "Payload": "{\"EventData\":{\"@Name\":\"ActionSuccess\",\"Data\":[{\"@Name\":\"TaskName\",\"#text\":\"\\\\GoogleSystem\\\\GoogleUpdater\\\\GoogleUpdaterTaskSystem122.0.6253.0{E80C57FF-0CBA-4819-8585-87EA5A2440C3}\"},{\"@Name\":\"TaskInstanceId\",\"#text\":\"ac11efd3-6201-476a-9d96-e5399e17a59a\"},{\"@Name\":\"ActionName\",\"#text\":\"C:\\\\Program Files (x86)\\\\Google\\\\GoogleUpdater\\\\122.0.6253.0\\\\updater.exe\"},{\"@Name\":\"ResultCode\",\"#text\":\"0\"},{\"@Name\":\"EnginePID\",\"#text\":\"14136\"}]}}"
  },
  {
    "LineNumber": 77776,
    "TimeCreated": "2024-01-27 23:10:20.1765521",
    "EventId": "102",
    "Level": "Info",
    "Provider": "Microsoft-Windows-TaskScheduler",
    "ChunkNumber": "45",
    "UserId": "S-1-5-18",
    "MapDescription": "Scheduled Task completed",
    "UserName": "Context: NT AUTHORITY\\SYSTEM",
    "RemoteHost": "",
    "PayloadData1": "Task: \\GoogleSystem\\GoogleUpdater\\GoogleUpdaterTaskSystem122.0.6253.0{E80C57FF-0CBA-4819-8585-87EA5A2440C3}",
    "PayloadData2": "Instance Id: ac11efd3-6201-476a-9d96-e5399e17a59a",
    "PayloadData3": "",
    "PayloadData4": "",
    "PayloadData5": "",
    "PayloadData6": "",
    "ExecutableInfo": "",
    "ExtraDataOffset": "0",
    "Payload": "{\"EventData\":{\"@Name\":\"TaskSuccessEvent\",\"Data\":[{\"@Name\":\"TaskName\",\"#text\":\"\\\\GoogleSystem\\\\GoogleUpdater\\\\GoogleUpdaterTaskSystem122.0.6253.0{E80C57FF-0CBA-4819-8585-87EA5A2440C3}\"},{\"@Name\":\"UserContext\",\"#text\":\"NT AUTHORITY\\\\SYSTEM\"},{\"@Name\":\"InstanceId\",\"#text\":\"ac11efd3-6201-476a-9d96-e5399e17a59a\"}]}}"
  },
  {
    "LineNumber": 77777,
    "TimeCreated": "2024-01-27 23:10:25.8622918",
    "EventId": "140",
    "Level": "Info",
    "Provider": "Microsoft-Windows-TaskScheduler",
    "ChunkNumber": "45",
    "UserId": "S-1-5-18",
    "MapDescription": "Scheduled Task updated",
    "UserName": "ACME\\ACME-WIN11-WS03$",
    "RemoteHost": "",
    "PayloadData1": "Task: \\Microsoft\\Windows\\SoftwareProtectionPlatform\\SvcRestartTask",
    "PayloadData2": "",
    "PayloadData3": "",
    "PayloadData4": "",
    "PayloadData5": "",
    "PayloadData6": "",
    "ExecutableInfo": "",
    "ExtraDataOffset": "0",
    "Payload": "{\"EventData\":{\"@Name\":\"TaskUpdated\",\"Data\":[{\"@Name\":\"TaskName\",\"#text\":\"\\\\Microsoft\\\\Windows\\\\SoftwareProtectionPlatform\\\\SvcRestartTask\"},{\"@Name\":\"UserName\",\"#text\":\"ACME\\\\ACME-WIN11-WS03$\"}]}}"
  },
  {
    "LineNumber": 77778,
    "TimeCreated": "2024-01-27 23:10:33.9017123",
    "EventId": "129",
    "Level": "Info",
    "Provider": "Microsoft-Windows-TaskScheduler",
    "ChunkNumber": "45",
    "UserId": "S-1-5-18",
    "MapDescription": "Scheduled Task created",
    "UserName": "",
    "RemoteHost": "",
    "PayloadData1": "Task: \\Microsoft\\Windows\\Flighting\\OneSettings\\RefreshCache",
    "PayloadData2": "ProcessID: 14028",
    "PayloadData3": "",
    "PayloadData4": "",
    "PayloadData5": "",
    "PayloadData6": "",
    "ExecutableInfo": "taskhostw.exe",
    "ExtraDataOffset": "0",
    "Payload": "{\"EventData\":{\"@Name\":\"CreatedTaskProcess\",\"Data\":[{\"@Name\":\"TaskName\",\"#text\":\"\\\\Microsoft\\\\Windows\\\\Flighting\\\\OneSettings\\\\RefreshCache\"},{\"@Name\":\"Path\",\"#text\":\"taskhostw.exe\"},{\"@Name\":\"ProcessID\",\"#text\":\"14028\"},{\"@Name\":\"Priority\",\"#text\":\"16384\"}]}}"
  },
  {
    "LineNumber": 77779,
    "TimeCreated": "2024-01-27 23:10:33.9018443",
    "EventId": "100",
    "Level": "Info",
    "Provider": "Microsoft-Windows-TaskScheduler",
    "ChunkNumber": "45",
    "UserId": "S-1-5-18",
    "MapDescription": "Scheduled Task started",
    "UserName": "Context: NT AUTHORITY\\SYSTEM",
    "RemoteHost": "",
    "PayloadData1": "Task: \\Microsoft\\Windows\\Flighting\\OneSettings\\RefreshCache",
    "PayloadData2": "Instance Id: a5f6c366-54cb-4f9f-8fa5-a39789e67544",
    "PayloadData3": "",
    "PayloadData4": "",
    "PayloadData5": "",
    "PayloadData6": "",
    "ExecutableInfo": "",
    "ExtraDataOffset": "0",
    "Payload": "{\"EventData\":{\"@Name\":\"TaskStartEvent\",\"Data\":[{\"@Name\":\"TaskName\",\"#text\":\"\\\\Microsoft\\\\Windows\\\\Flighting\\\\OneSettings\\\\RefreshCache\"},{\"@Name\":\"UserContext\",\"#text\":\"NT AUTHORITY\\\\SYSTEM\"},{\"@Name\":\"InstanceId\",\"#text\":\"a5f6c366-54cb-4f9f-8fa5-a39789e67544\"}]}}"
  },
  {
    "LineNumber": 77780,
    "TimeCreated": "2024-01-27 23:10:33.9018457",
    "EventId": "200",
    "Level": "Info",
    "Provider": "Microsoft-Windows-TaskScheduler",
    "ChunkNumber": "45",
    "UserId": "S-1-5-18",
    "MapDescription": "Scheduled Task executed",
    "UserName": "",
    "RemoteHost": "",
    "PayloadData1": "Task: \\Microsoft\\Windows\\Flighting\\OneSettings\\RefreshCache",
    "PayloadData2": "Instance Id: a5f6c366-54cb-4f9f-8fa5-a39789e67544",
    "PayloadData3": "",
    "PayloadData4": "",
    "PayloadData5": "",
    "PayloadData6": "",
    "ExecutableInfo": "OneSettings Refresh Cache Task Handler",
    "ExtraDataOffset": "0",
    "Payload": "{\"EventData\":{\"@Name\":\"ActionStart\",\"Data\":[{\"@Name\":\"TaskName\",\"#text\":\"\\\\Microsoft\\\\Windows\\\\Flighting\\\\OneSettings\\\\RefreshCache\"},{\"@Name\":\"ActionName\",\"#text\":\"OneSettings Refresh Cache Task Handler\"},{\"@Name\":\"TaskInstanceId\",\"#text\":\"a5f6c366-54cb-4f9f-8fa5-a39789e67544\"},{\"@Name\":\"EnginePID\",\"#text\":\"14028\"}]}}"
  },
  {
    "LineNumber": 77781,
    "TimeCreated": "2024-01-27 23:10:34.4652305",
    "EventId": "140",
    "Level": "Info",
    "Provider": "Microsoft-Windows-TaskScheduler",
    "ChunkNumber": "45",
    "UserId": "S-1-5-18",
    "MapDescription": "Scheduled Task updated",
    "UserName": "ACME\\ACME-WIN11-WS03$",
    "RemoteHost": "",
    "PayloadData1": "Task: \\Microsoft\\Windows\\Flighting\\OneSettings\\RefreshCache",
    "PayloadData2": "",
    "PayloadData3": "",
    "PayloadData4": "",
    "PayloadData5": "",
    "PayloadData6": "",
    "ExecutableInfo": "",
    "ExtraDataOffset": "0",
    "Payload": "{\"EventData\":{\"@Name\":\"TaskUpdated\",\"Data\":[{\"@Name\":\"TaskName\",\"#text\":\"\\\\Microsoft\\\\Windows\\\\Flighting\\\\OneSettings\\\\RefreshCache\"},{\"@Name\":\"UserName\",\"#text\":\"ACME\\\\ACME-WIN11-WS03$\"}]}}"
  },
  {
    "LineNumber": 77782,
    "TimeCreated": "2024-01-27 23:10:34.4660844",
    "EventId": "201",
    "Level": "Info",
    "Provider": "Microsoft-Windows-TaskScheduler",
    "ChunkNumber": "45",
    "UserId": "S-1-5-18",
    "MapDescription": "Scheduled Task completed",
    "UserName": "",
    "RemoteHost": "",
    "PayloadData1": "Task: \\Microsoft\\Windows\\Flighting\\OneSettings\\RefreshCache",
    "PayloadData2": "Instance Id: a5f6c366-54cb-4f9f-8fa5-a39789e67544",
    "PayloadData3": "",
    "PayloadData4": "",
    "PayloadData5": "",
    "PayloadData6": "",
    "ExecutableInfo": "OneSettings Refresh Cache Task Handler",
    "ExtraDataOffset": "0",
    "Payload": "{\"EventData\":{\"@Name\":\"ActionSuccess\",\"Data\":[{\"@Name\":\"TaskName\",\"#text\":\"\\\\Microsoft\\\\Windows\\\\Flighting\\\\OneSettings\\\\RefreshCache\"},{\"@Name\":\"TaskInstanceId\",\"#text\":\"a5f6c366-54cb-4f9f-8fa5-a39789e67544\"},{\"@Name\":\"ActionName\",\"#text\":\"OneSettings Refresh Cache Task Handler\"},{\"@Name\":\"ResultCode\",\"#text\":\"0\"},{\"@Name\":\"EnginePID\",\"#text\":\"14028\"}]}}"
  },
  {
    "LineNumber": 77783,
    "TimeCreated": "2024-01-27 23:10:34.4660855",
    "EventId": "102",
    "Level": "Info",
    "Provider": "Microsoft-Windows-TaskScheduler",
    "ChunkNumber": "45",
    "UserId": "S-1-5-18",
    "MapDescription": "Scheduled Task completed",
    "UserName": "Context: NT AUTHORITY\\SYSTEM",
    "RemoteHost": "",
    "PayloadData1": "Task: \\Microsoft\\Windows\\Flighting\\OneSettings\\RefreshCache",
    "PayloadData2": "Instance Id: a5f6c366-54cb-4f9f-8fa5-a39789e67544",
    "PayloadData3": "",
    "PayloadData4": "",
    "PayloadData5": "",
    "PayloadData6": "",
    "ExecutableInfo": "",
    "ExtraDataOffset": "0",
    "Payload": "{\"EventData\":{\"@Name\":\"TaskSuccessEvent\",\"Data\":[{\"@Name\":\"TaskName\",\"#text\":\"\\\\Microsoft\\\\Windows\\\\Flighting\\\\OneSettings\\\\RefreshCache\"},{\"@Name\":\"UserContext\",\"#text\":\"NT AUTHORITY\\\\SYSTEM\"},{\"@Name\":\"InstanceId\",\"#text\":\"a5f6c366-54cb-4f9f-8fa5-a39789e67544\"}]}}"
  },
  {
    "LineNumber": 77784,
    "TimeCreated": "2024-01-27 23:10:40.9463703",
    "EventId": "129",
    "Level": "Info",
    "Provider": "Microsoft-Windows-TaskScheduler",
    "ChunkNumber": "45",
    "UserId": "S-1-5-18",
    "MapDescription": "Scheduled Task created",
    "UserName": "",
    "RemoteHost": "",
    "PayloadData1": "Task: \\Microsoft\\Windows\\AppID\\VerifiedPublisherCertStoreCheck",
    "PayloadData2": "ProcessID: 7228",
    "PayloadData3": "",
    "PayloadData4": "",
    "PayloadData5": "",
    "PayloadData6": "",
    "ExecutableInfo": "%windir%\\system32\\appidcertstorecheck.exe",
    "ExtraDataOffset": "0",
    "Payload": "{\"EventData\":{\"@Name\":\"CreatedTaskProcess\",\"Data\":[{\"@Name\":\"TaskName\",\"#text\":\"\\\\Microsoft\\\\Windows\\\\AppID\\\\VerifiedPublisherCertStoreCheck\"},{\"@Name\":\"Path\",\"#text\":\"%windir%\\\\system32\\\\appidcertstorecheck.exe\"},{\"@Name\":\"ProcessID\",\"#text\":\"7228\"},{\"@Name\":\"Priority\",\"#text\":\"64\"}]}}"
  },
  {
    "LineNumber": 77785,
    "TimeCreated": "2024-01-27 23:10:40.9464681",
    "EventId": "100",
    "Level": "Info",
    "Provider": "Microsoft-Windows-TaskScheduler",
    "ChunkNumber": "45",
    "UserId": "S-1-5-18",
    "MapDescription": "Scheduled Task started",
    "UserName": "Context: (NONE)",
    "RemoteHost": "",
    "PayloadData1": "Task: \\Microsoft\\Windows\\AppID\\VerifiedPublisherCertStoreCheck",
    "PayloadData2": "Instance Id: 61c48bef-8e5a-4b1d-b955-6fd737a3f266",
    "PayloadData3": "",
    "PayloadData4": "",
    "PayloadData5": "",
    "PayloadData6": "",
    "ExecutableInfo": "",
    "ExtraDataOffset": "0",
    "Payload": "{\"EventData\":{\"@Name\":\"TaskStartEvent\",\"Data\":[{\"@Name\":\"TaskName\",\"#text\":\"\\\\Microsoft\\\\Windows\\\\AppID\\\\VerifiedPublisherCertStoreCheck\"},{\"@Name\":\"UserContext\",\"#text\":\"(NONE)\"},{\"@Name\":\"InstanceId\",\"#text\":\"61c48bef-8e5a-4b1d-b955-6fd737a3f266\"}]}}"
  },
  {
    "LineNumber": 77786,
    "TimeCreated": "2024-01-27 23:10:40.9464691",
    "EventId": "200",
    "Level": "Info",
    "Provider": "Microsoft-Windows-TaskScheduler",
    "ChunkNumber": "45",
    "UserId": "S-1-5-18",
    "MapDescription": "Scheduled Task executed",
    "UserName": "",
    "RemoteHost": "",
    "PayloadData1": "Task: \\Microsoft\\Windows\\AppID\\VerifiedPublisherCertStoreCheck",
    "PayloadData2": "Instance Id: 61c48bef-8e5a-4b1d-b955-6fd737a3f266",
    "PayloadData3": "",
    "PayloadData4": "",
    "PayloadData5": "",
    "PayloadData6": "",
    "ExecutableInfo": "%windir%\\system32\\appidcertstorecheck.exe",
    "ExtraDataOffset": "0",
    "Payload": "{\"EventData\":{\"@Name\":\"ActionStart\",\"Data\":[{\"@Name\":\"TaskName\",\"#text\":\"\\\\Microsoft\\\\Windows\\\\AppID\\\\VerifiedPublisherCertStoreCheck\"},{\"@Name\":\"ActionName\",\"#text\":\"%windir%\\\\system32\\\\appidcertstorecheck.exe\"},{\"@Name\":\"TaskInstanceId\",\"#text\":\"61c48bef-8e5a-4b1d-b955-6fd737a3f266\"},{\"@Name\":\"EnginePID\",\"#text\":\"7228\"}]}}"
  },
  {
    "LineNumber": 77787,
    "TimeCreated": "2024-01-27 23:10:40.9466592",
    "EventId": "110",
    "Level": "Info",
    "Provider": "Microsoft-Windows-TaskScheduler",
    "ChunkNumber": "45",
    "UserId": "S-1-5-18",
    "MapDescription": "",
    "UserName": "",
    "RemoteHost": "",
    "PayloadData1": "",
    "PayloadData2": "",
    "PayloadData3": "",
    "PayloadData4": "",
    "PayloadData5": "",
    "PayloadData6": "",
    "ExecutableInfo": "",
    "ExtraDataOffset": "0",
    "Payload": "{\"EventData\":{\"@Name\":\"TaskRunEvent\",\"Data\":[{\"@Name\":\"TaskName\",\"#text\":\"\\\\Microsoft\\\\Windows\\\\AppID\\\\VerifiedPublisherCertStoreCheck\"},{\"@Name\":\"InstanceId\",\"#text\":\"61c48bef-8e5a-4b1d-b955-6fd737a3f266\"},{\"@Name\":\"UserContext\",\"#text\":\"LOCAL SERVICE\"}]}}"
  },
  {
    "LineNumber": 77788,
    "TimeCreated": "2024-01-27 23:10:41.0011472",
    "EventId": "201",
    "Level": "Info",
    "Provider": "Microsoft-Windows-TaskScheduler",
    "ChunkNumber": "45",
    "UserId": "S-1-5-18",
    "MapDescription": "Scheduled Task completed",
    "UserName": "",
    "RemoteHost": "",
    "PayloadData1": "Task: \\Microsoft\\Windows\\AppID\\VerifiedPublisherCertStoreCheck",
    "PayloadData2": "Instance Id: 61c48bef-8e5a-4b1d-b955-6fd737a3f266",
    "PayloadData3": "",
    "PayloadData4": "",
    "PayloadData5": "",
    "PayloadData6": "",
    "ExecutableInfo": "%windir%\\system32\\appidcertstorecheck.exe",
    "ExtraDataOffset": "0",
    "Payload": "{\"EventData\":{\"@Name\":\"ActionSuccess\",\"Data\":[{\"@Name\":\"TaskName\",\"#text\":\"\\\\Microsoft\\\\Windows\\\\AppID\\\\VerifiedPublisherCertStoreCheck\"},{\"@Name\":\"TaskInstanceId\",\"#text\":\"61c48bef-8e5a-4b1d-b955-6fd737a3f266\"},{\"@Name\":\"ActionName\",\"#text\":\"%windir%\\\\system32\\\\appidcertstorecheck.exe\"},{\"@Name\":\"ResultCode\",\"#text\":\"0\"},{\"@Name\":\"EnginePID\",\"#text\":\"7228\"}]}}"
  },
  {
    "LineNumber": 77789,
    "TimeCreated": "2024-01-27 23:10:41.0012674",
    "EventId": "102",
    "Level": "Info",
    "Provider": "Microsoft-Windows-TaskScheduler",
    "ChunkNumber": "45",
    "UserId": "S-1-5-18",
    "MapDescription": "Scheduled Task completed",
    "UserName": "Context: (NONE)",
    "RemoteHost": "",
    "PayloadData1": "Task: \\Microsoft\\Windows\\AppID\\VerifiedPublisherCertStoreCheck",
    "PayloadData2": "Instance Id: 61c48bef-8e5a-4b1d-b955-6fd737a3f266",
    "PayloadData3": "",
    "PayloadData4": "",
    "PayloadData5": "",
    "PayloadData6": "",
    "ExecutableInfo": "",
    "ExtraDataOffset": "0",
    "Payload": "{\"EventData\":{\"@Name\":\"TaskSuccessEvent\",\"Data\":[{\"@Name\":\"TaskName\",\"#text\":\"\\\\Microsoft\\\\Windows\\\\AppID\\\\VerifiedPublisherCertStoreCheck\"},{\"@Name\":\"UserContext\",\"#text\":\"(NONE)\"},{\"@Name\":\"InstanceId\",\"#text\":\"61c48bef-8e5a-4b1d-b955-6fd737a3f266\"}]}}"
  },
  {
    "LineNumber": 77790,
    "TimeCreated": "2024-01-27 23:10:53.0591581",
    "EventId": "129",
    "Level": "Info",
    "Provider": "Microsoft-Windows-TaskScheduler",
    "ChunkNumber": "45",
    "UserId": "S-1-5-18",
    "MapDescription": "Scheduled Task created",
    "UserName": "",
    "RemoteHost": "",
    "PayloadData1": "Task: \\Microsoft\\Windows\\AppID\\VerifiedPublisherCertStoreCheck",
    "PayloadData2": "ProcessID: 13880",
    "PayloadData3": "",
    "PayloadData4": "",
    "PayloadData5": "",
    "PayloadData6": "",
    "ExecutableInfo": "%windir%\\system32\\appidcertstorecheck.exe",
    "ExtraDataOffset": "0",
    "Payload": "{\"EventData\":{\"@Name\":\"CreatedTaskProcess\",\"Data\":[{\"@Name\":\"TaskName\",\"#text\":\"\\\\Microsoft\\\\Windows\\\\AppID\\\\VerifiedPublisherCertStoreCheck\"},{\"@Name\":\"Path\",\"#text\":\"%windir%\\\\system32\\\\appidcertstorecheck.exe\"},{\"@Name\":\"ProcessID\",\"#text\":\"13880\"},{\"@Name\":\"Priority\",\"#text\":\"64\"}]}}"
  },
  {
    "LineNumber": 77791,
    "TimeCreated": "2024-01-27 23:10:53.0592586",
    "EventId": "100",
    "Level": "Info",
    "Provider": "Microsoft-Windows-TaskScheduler",
    "ChunkNumber": "45",
    "UserId": "S-1-5-18",
    "MapDescription": "Scheduled Task started",
    "UserName": "Context: (NONE)",
    "RemoteHost": "",
    "PayloadData1": "Task: \\Microsoft\\Windows\\AppID\\VerifiedPublisherCertStoreCheck",
    "PayloadData2": "Instance Id: 5b6ae919-ba5b-4899-9060-aa0dca67999d",
    "PayloadData3": "",
    "PayloadData4": "",
    "PayloadData5": "",
    "PayloadData6": "",
    "ExecutableInfo": "",
    "ExtraDataOffset": "0",
    "Payload": "{\"EventData\":{\"@Name\":\"TaskStartEvent\",\"Data\":[{\"@Name\":\"TaskName\",\"#text\":\"\\\\Microsoft\\\\Windows\\\\AppID\\\\VerifiedPublisherCertStoreCheck\"},{\"@Name\":\"UserContext\",\"#text\":\"(NONE)\"},{\"@Name\":\"InstanceId\",\"#text\":\"5b6ae919-ba5b-4899-9060-aa0dca67999d\"}]}}"
  },
  {
    "LineNumber": 77792,
    "TimeCreated": "2024-01-27 23:10:53.0592595",
    "EventId": "200",
    "Level": "Info",
    "Provider": "Microsoft-Windows-TaskScheduler",
    "ChunkNumber": "45",
    "UserId": "S-1-5-18",
    "MapDescription": "Scheduled Task executed",
    "UserName": "",
    "RemoteHost": "",
    "PayloadData1": "Task: \\Microsoft\\Windows\\AppID\\VerifiedPublisherCertStoreCheck",
    "PayloadData2": "Instance Id: 5b6ae919-ba5b-4899-9060-aa0dca67999d",
    "PayloadData3": "",
    "PayloadData4": "",
    "PayloadData5": "",
    "PayloadData6": "",
    "ExecutableInfo": "%windir%\\system32\\appidcertstorecheck.exe",
    "ExtraDataOffset": "0",
    "Payload": "{\"EventData\":{\"@Name\":\"ActionStart\",\"Data\":[{\"@Name\":\"TaskName\",\"#text\":\"\\\\Microsoft\\\\Windows\\\\AppID\\\\VerifiedPublisherCertStoreCheck\"},{\"@Name\":\"ActionName\",\"#text\":\"%windir%\\\\system32\\\\appidcertstorecheck.exe\"},{\"@Name\":\"TaskInstanceId\",\"#text\":\"5b6ae919-ba5b-4899-9060-aa0dca67999d\"},{\"@Name\":\"EnginePID\",\"#text\":\"13880\"}]}}"
  },
  {
    "LineNumber": 77793,
    "TimeCreated": "2024-01-27 23:10:53.0594515",
    "EventId": "110",
    "Level": "Info",
    "Provider": "Microsoft-Windows-TaskScheduler",
    "ChunkNumber": "45",
    "UserId": "S-1-5-18",
    "MapDescription": "",
    "UserName": "",
    "RemoteHost": "",
    "PayloadData1": "",
    "PayloadData2": "",
    "PayloadData3": "",
    "PayloadData4": "",
    "PayloadData5": "",
    "PayloadData6": "",
    "ExecutableInfo": "",
    "ExtraDataOffset": "0",
    "Payload": "{\"EventData\":{\"@Name\":\"TaskRunEvent\",\"Data\":[{\"@Name\":\"TaskName\",\"#text\":\"\\\\Microsoft\\\\Windows\\\\AppID\\\\VerifiedPublisherCertStoreCheck\"},{\"@Name\":\"InstanceId\",\"#text\":\"5b6ae919-ba5b-4899-9060-aa0dca67999d\"},{\"@Name\":\"UserContext\",\"#text\":\"LOCAL SERVICE\"}]}}"
  },
  {
    "LineNumber": 77794,
    "TimeCreated": "2024-01-27 23:10:53.1100294",
    "EventId": "201",
    "Level": "Info",
    "Provider": "Microsoft-Windows-TaskScheduler",
    "ChunkNumber": "45",
    "UserId": "S-1-5-18",
    "MapDescription": "Scheduled Task completed",
    "UserName": "",
    "RemoteHost": "",
    "PayloadData1": "Task: \\Microsoft\\Windows\\AppID\\VerifiedPublisherCertStoreCheck",
    "PayloadData2": "Instance Id: 5b6ae919-ba5b-4899-9060-aa0dca67999d",
    "PayloadData3": "",
    "PayloadData4": "",
    "PayloadData5": "",
    "PayloadData6": "",
    "ExecutableInfo": "%windir%\\system32\\appidcertstorecheck.exe",
    "ExtraDataOffset": "0",
    "Payload": "{\"EventData\":{\"@Name\":\"ActionSuccess\",\"Data\":[{\"@Name\":\"TaskName\",\"#text\":\"\\\\Microsoft\\\\Windows\\\\AppID\\\\VerifiedPublisherCertStoreCheck\"},{\"@Name\":\"TaskInstanceId\",\"#text\":\"5b6ae919-ba5b-4899-9060-aa0dca67999d\"},{\"@Name\":\"ActionName\",\"#text\":\"%windir%\\\\system32\\\\appidcertstorecheck.exe\"},{\"@Name\":\"ResultCode\",\"#text\":\"0\"},{\"@Name\":\"EnginePID\",\"#text\":\"13880\"}]}}"
  },
  {
    "LineNumber": 77795,
    "TimeCreated": "2024-01-27 23:10:53.1101537",
    "EventId": "102",
    "Level": "Info",
    "Provider": "Microsoft-Windows-TaskScheduler",
    "ChunkNumber": "45",
    "UserId": "S-1-5-18",
    "MapDescription": "Scheduled Task completed",
    "UserName": "Context: (NONE)",
    "RemoteHost": "",
    "PayloadData1": "Task: \\Microsoft\\Windows\\AppID\\VerifiedPublisherCertStoreCheck",
    "PayloadData2": "Instance Id: 5b6ae919-ba5b-4899-9060-aa0dca67999d",
    "PayloadData3": "",
    "PayloadData4": "",
    "PayloadData5": "",
    "PayloadData6": "",
    "ExecutableInfo": "",
    "ExtraDataOffset": "0",
    "Payload": "{\"EventData\":{\"@Name\":\"TaskSuccessEvent\",\"Data\":[{\"@Name\":\"TaskName\",\"#text\":\"\\\\Microsoft\\\\Windows\\\\AppID\\\\VerifiedPublisherCertStoreCheck\"},{\"@Name\":\"UserContext\",\"#text\":\"(NONE)\"},{\"@Name\":\"InstanceId\",\"#text\":\"5b6ae919-ba5b-4899-9060-aa0dca67999d\"}]}}"
  },
  {
    "LineNumber": 77796,
    "TimeCreated": "2024-01-27 23:11:04.4938198",
    "EventId": "140",
    "Level": "Info",
    "Provider": "Microsoft-Windows-TaskScheduler",
    "ChunkNumber": "45",
    "UserId": "S-1-5-18",
    "MapDescription": "Scheduled Task updated",
    "UserName": "ACME\\ACME-WIN11-WS03$",
    "RemoteHost": "",
    "PayloadData1": "Task: \\Microsoft\\Windows\\SoftwareProtectionPlatform\\SvcRestartTask",
    "PayloadData2": "",
    "PayloadData3": "",
    "PayloadData4": "",
    "PayloadData5": "",
    "PayloadData6": "",
    "ExecutableInfo": "",
    "ExtraDataOffset": "0",
    "Payload": "{\"EventData\":{\"@Name\":\"TaskUpdated\",\"Data\":[{\"@Name\":\"TaskName\",\"#text\":\"\\\\Microsoft\\\\Windows\\\\SoftwareProtectionPlatform\\\\SvcRestartTask\"},{\"@Name\":\"UserName\",\"#text\":\"ACME\\\\ACME-WIN11-WS03$\"}]}}"
  },
  {
    "LineNumber": 77797,
    "TimeCreated": "2024-01-27 23:11:14.9487421",
    "EventId": "201",
    "Level": "Info",
    "Provider": "Microsoft-Windows-TaskScheduler",
    "ChunkNumber": "45",
    "UserId": "S-1-5-18",
    "MapDescription": "Scheduled Task completed",
    "UserName": "",
    "RemoteHost": "",
    "PayloadData1": "Task: \\MicrosoftEdgeUpdateTaskMachineUA",
    "PayloadData2": "Instance Id: 46ce4268-0c6f-48df-8310-beb44ee00954",
    "PayloadData3": "",
    "PayloadData4": "",
    "PayloadData5": "",
    "PayloadData6": "",
    "ExecutableInfo": "C:\\Program Files (x86)\\Microsoft\\EdgeUpdate\\MicrosoftEdgeUpdate.exe",
    "ExtraDataOffset": "0",
    "Payload": "{\"EventData\":{\"@Name\":\"ActionSuccess\",\"Data\":[{\"@Name\":\"TaskName\",\"#text\":\"\\\\MicrosoftEdgeUpdateTaskMachineUA\"},{\"@Name\":\"TaskInstanceId\",\"#text\":\"46ce4268-0c6f-48df-8310-beb44ee00954\"},{\"@Name\":\"ActionName\",\"#text\":\"C:\\\\Program Files (x86)\\\\Microsoft\\\\EdgeUpdate\\\\MicrosoftEdgeUpdate.exe\"},{\"@Name\":\"ResultCode\",\"#text\":\"0\"},{\"@Name\":\"EnginePID\",\"#text\":\"5124\"}]}}"
  },
  {
    "LineNumber": 77798,
    "TimeCreated": "2024-01-27 23:11:14.9488683",
    "EventId": "102",
    "Level": "Info",
    "Provider": "Microsoft-Windows-TaskScheduler",
    "ChunkNumber": "45",
    "UserId": "S-1-5-18",
    "MapDescription": "Scheduled Task completed",
    "UserName": "Context: NT AUTHORITY\\SYSTEM",
    "RemoteHost": "",
    "PayloadData1": "Task: \\MicrosoftEdgeUpdateTaskMachineUA",
    "PayloadData2": "Instance Id: 46ce4268-0c6f-48df-8310-beb44ee00954",
    "PayloadData3": "",
    "PayloadData4": "",
    "PayloadData5": "",
    "PayloadData6": "",
    "ExecutableInfo": "",
    "ExtraDataOffset": "0",
    "Payload": "{\"EventData\":{\"@Name\":\"TaskSuccessEvent\",\"Data\":[{\"@Name\":\"TaskName\",\"#text\":\"\\\\MicrosoftEdgeUpdateTaskMachineUA\"},{\"@Name\":\"UserContext\",\"#text\":\"NT AUTHORITY\\\\SYSTEM\"},{\"@Name\":\"InstanceId\",\"#text\":\"46ce4268-0c6f-48df-8310-beb44ee00954\"}]}}"
  },
  {
    "LineNumber": 77799,
    "TimeCreated": "2024-01-27 23:11:26.1541938",
    "EventId": "129",
    "Level": "Info",
    "Provider": "Microsoft-Windows-TaskScheduler",
    "ChunkNumber": "45",
    "UserId": "S-1-5-18",
    "MapDescription": "Scheduled Task created",
    "UserName": "",
    "RemoteHost": "",
    "PayloadData1": "Task: \\Microsoft\\Windows\\AppID\\VerifiedPublisherCertStoreCheck",
    "PayloadData2": "ProcessID: 9332",
    "PayloadData3": "",
    "PayloadData4": "",
    "PayloadData5": "",
    "PayloadData6": "",
    "ExecutableInfo": "%windir%\\system32\\appidcertstorecheck.exe",
    "ExtraDataOffset": "0",
    "Payload": "{\"EventData\":{\"@Name\":\"CreatedTaskProcess\",\"Data\":[{\"@Name\":\"TaskName\",\"#text\":\"\\\\Microsoft\\\\Windows\\\\AppID\\\\VerifiedPublisherCertStoreCheck\"},{\"@Name\":\"Path\",\"#text\":\"%windir%\\\\system32\\\\appidcertstorecheck.exe\"},{\"@Name\":\"ProcessID\",\"#text\":\"9332\"},{\"@Name\":\"Priority\",\"#text\":\"64\"}]}}"
  },
  {
    "LineNumber": 77800,
    "TimeCreated": "2024-01-27 23:11:26.1542873",
    "EventId": "100",
    "Level": "Info",
    "Provider": "Microsoft-Windows-TaskScheduler",
    "ChunkNumber": "45",
    "UserId": "S-1-5-18",
    "MapDescription": "Scheduled Task started",
    "UserName": "Context: (NONE)",
    "RemoteHost": "",
    "PayloadData1": "Task: \\Microsoft\\Windows\\AppID\\VerifiedPublisherCertStoreCheck",
    "PayloadData2": "Instance Id: 7865095f-29e6-4982-86a6-38b407913f90",
    "PayloadData3": "",
    "PayloadData4": "",
    "PayloadData5": "",
    "PayloadData6": "",
    "ExecutableInfo": "",
    "ExtraDataOffset": "0",
    "Payload": "{\"EventData\":{\"@Name\":\"TaskStartEvent\",\"Data\":[{\"@Name\":\"TaskName\",\"#text\":\"\\\\Microsoft\\\\Windows\\\\AppID\\\\VerifiedPublisherCertStoreCheck\"},{\"@Name\":\"UserContext\",\"#text\":\"(NONE)\"},{\"@Name\":\"InstanceId\",\"#text\":\"7865095f-29e6-4982-86a6-38b407913f90\"}]}}"
  },
  {
    "LineNumber": 77801,
    "TimeCreated": "2024-01-27 23:11:26.1542884",
    "EventId": "200",
    "Level": "Info",
    "Provider": "Microsoft-Windows-TaskScheduler",
    "ChunkNumber": "45",
    "UserId": "S-1-5-18",
    "MapDescription": "Scheduled Task executed",
    "UserName": "",
    "RemoteHost": "",
    "PayloadData1": "Task: \\Microsoft\\Windows\\AppID\\VerifiedPublisherCertStoreCheck",
    "PayloadData2": "Instance Id: 7865095f-29e6-4982-86a6-38b407913f90",
    "PayloadData3": "",
    "PayloadData4": "",
    "PayloadData5": "",
    "PayloadData6": "",
    "ExecutableInfo": "%windir%\\system32\\appidcertstorecheck.exe",
    "ExtraDataOffset": "0",
    "Payload": "{\"EventData\":{\"@Name\":\"ActionStart\",\"Data\":[{\"@Name\":\"TaskName\",\"#text\":\"\\\\Microsoft\\\\Windows\\\\AppID\\\\VerifiedPublisherCertStoreCheck\"},{\"@Name\":\"ActionName\",\"#text\":\"%windir%\\\\system32\\\\appidcertstorecheck.exe\"},{\"@Name\":\"TaskInstanceId\",\"#text\":\"7865095f-29e6-4982-86a6-38b407913f90\"},{\"@Name\":\"EnginePID\",\"#text\":\"9332\"}]}}"
  },
  {
    "LineNumber": 77802,
    "TimeCreated": "2024-01-27 23:11:26.1545035",
    "EventId": "110",
    "Level": "Info",
    "Provider": "Microsoft-Windows-TaskScheduler",
    "ChunkNumber": "45",
    "UserId": "S-1-5-18",
    "MapDescription": "",
    "UserName": "",
    "RemoteHost": "",
    "PayloadData1": "",
    "PayloadData2": "",
    "PayloadData3": "",
    "PayloadData4": "",
    "PayloadData5": "",
    "PayloadData6": "",
    "ExecutableInfo": "",
    "ExtraDataOffset": "0",
    "Payload": "{\"EventData\":{\"@Name\":\"TaskRunEvent\",\"Data\":[{\"@Name\":\"TaskName\",\"#text\":\"\\\\Microsoft\\\\Windows\\\\AppID\\\\VerifiedPublisherCertStoreCheck\"},{\"@Name\":\"InstanceId\",\"#text\":\"7865095f-29e6-4982-86a6-38b407913f90\"},{\"@Name\":\"UserContext\",\"#text\":\"LOCAL SERVICE\"}]}}"
  },
  {
    "LineNumber": 77803,
    "TimeCreated": "2024-01-27 23:11:26.2020934",
    "EventId": "201",
    "Level": "Info",
    "Provider": "Microsoft-Windows-TaskScheduler",
    "ChunkNumber": "45",
    "UserId": "S-1-5-18",
    "MapDescription": "Scheduled Task completed",
    "UserName": "",
    "RemoteHost": "",
    "PayloadData1": "Task: \\Microsoft\\Windows\\AppID\\VerifiedPublisherCertStoreCheck",
    "PayloadData2": "Instance Id: 7865095f-29e6-4982-86a6-38b407913f90",
    "PayloadData3": "",
    "PayloadData4": "",
    "PayloadData5": "",
    "PayloadData6": "",
    "ExecutableInfo": "%windir%\\system32\\appidcertstorecheck.exe",
    "ExtraDataOffset": "0",
    "Payload": "{\"EventData\":{\"@Name\":\"ActionSuccess\",\"Data\":[{\"@Name\":\"TaskName\",\"#text\":\"\\\\Microsoft\\\\Windows\\\\AppID\\\\VerifiedPublisherCertStoreCheck\"},{\"@Name\":\"TaskInstanceId\",\"#text\":\"7865095f-29e6-4982-86a6-38b407913f90\"},{\"@Name\":\"ActionName\",\"#text\":\"%windir%\\\\system32\\\\appidcertstorecheck.exe\"},{\"@Name\":\"ResultCode\",\"#text\":\"0\"},{\"@Name\":\"EnginePID\",\"#text\":\"9332\"}]}}"
  },
  {
    "LineNumber": 77804,
    "TimeCreated": "2024-01-27 23:11:26.2022373",
    "EventId": "102",
    "Level": "Info",
    "Provider": "Microsoft-Windows-TaskScheduler",
    "ChunkNumber": "45",
    "UserId": "S-1-5-18",
    "MapDescription": "Scheduled Task completed",
    "UserName": "Context: (NONE)",
    "RemoteHost": "",
    "PayloadData1": "Task: \\Microsoft\\Windows\\AppID\\VerifiedPublisherCertStoreCheck",
    "PayloadData2": "Instance Id: 7865095f-29e6-4982-86a6-38b407913f90",
    "PayloadData3": "",
    "PayloadData4": "",
    "PayloadData5": "",
    "PayloadData6": "",
    "ExecutableInfo": "",
    "ExtraDataOffset": "0",
    "Payload": "{\"EventData\":{\"@Name\":\"TaskSuccessEvent\",\"Data\":[{\"@Name\":\"TaskName\",\"#text\":\"\\\\Microsoft\\\\Windows\\\\AppID\\\\VerifiedPublisherCertStoreCheck\"},{\"@Name\":\"UserContext\",\"#text\":\"(NONE)\"},{\"@Name\":\"InstanceId\",\"#text\":\"7865095f-29e6-4982-86a6-38b407913f90\"}]}}"
  },
  {
    "LineNumber": 77805,
    "TimeCreated": "2024-01-27 23:12:02.7119218",
    "EventId": "201",
    "Level": "Info",
    "Provider": "Microsoft-Windows-TaskScheduler",
    "ChunkNumber": "45",
    "UserId": "S-1-5-18",
    "MapDescription": "Scheduled Task completed",
    "UserName": "",
    "RemoteHost": "",
    "PayloadData1": "Task: \\MicrosoftEdgeUpdateTaskMachineCore",
    "PayloadData2": "Instance Id: 0b73aa43-6f60-456e-a222-72bb78f73f1b",
    "PayloadData3": "",
    "PayloadData4": "",
    "PayloadData5": "",
    "PayloadData6": "",
    "ExecutableInfo": "C:\\Program Files (x86)\\Microsoft\\EdgeUpdate\\MicrosoftEdgeUpdate.exe",
    "ExtraDataOffset": "0",
    "Payload": "{\"EventData\":{\"@Name\":\"ActionSuccess\",\"Data\":[{\"@Name\":\"TaskName\",\"#text\":\"\\\\MicrosoftEdgeUpdateTaskMachineCore\"},{\"@Name\":\"TaskInstanceId\",\"#text\":\"0b73aa43-6f60-456e-a222-72bb78f73f1b\"},{\"@Name\":\"ActionName\",\"#text\":\"C:\\\\Program Files (x86)\\\\Microsoft\\\\EdgeUpdate\\\\MicrosoftEdgeUpdate.exe\"},{\"@Name\":\"ResultCode\",\"#text\":\"0\"},{\"@Name\":\"EnginePID\",\"#text\":\"12896\"}]}}"
  },
  {
    "LineNumber": 77806,
    "TimeCreated": "2024-01-27 23:12:02.7120199",
    "EventId": "102",
    "Level": "Info",
    "Provider": "Microsoft-Windows-TaskScheduler",
    "ChunkNumber": "45",
    "UserId": "S-1-5-18",
    "MapDescription": "Scheduled Task completed",
    "UserName": "Context: NT AUTHORITY\\SYSTEM",
    "RemoteHost": "",
    "PayloadData1": "Task: \\MicrosoftEdgeUpdateTaskMachineCore",
    "PayloadData2": "Instance Id: 0b73aa43-6f60-456e-a222-72bb78f73f1b",
    "PayloadData3": "",
    "PayloadData4": "",
    "PayloadData5": "",
    "PayloadData6": "",
    "ExecutableInfo": "",
    "ExtraDataOffset": "0",
    "Payload": "{\"EventData\":{\"@Name\":\"TaskSuccessEvent\",\"Data\":[{\"@Name\":\"TaskName\",\"#text\":\"\\\\MicrosoftEdgeUpdateTaskMachineCore\"},{\"@Name\":\"UserContext\",\"#text\":\"NT AUTHORITY\\\\SYSTEM\"},{\"@Name\":\"InstanceId\",\"#text\":\"0b73aa43-6f60-456e-a222-72bb78f73f1b\"}]}}"
  },
  {
    "LineNumber": 77807,
    "TimeCreated": "2024-01-27 23:12:38.3866750",
    "EventId": "129",
    "Level": "Info",
    "Provider": "Microsoft-Windows-TaskScheduler",
    "ChunkNumber": "45",
    "UserId": "S-1-5-18",
    "MapDescription": "Scheduled Task created",
    "UserName": "",
    "RemoteHost": "",
    "PayloadData1": "Task: \\other_backup_job",
    "PayloadData2": "ProcessID: 3456",
    "PayloadData3": "",
    "PayloadData4": "",
    "PayloadData5": "",
    "PayloadData6": "",
    "ExecutableInfo": "C:\\Tools\\SharpAbeebus-v1.0.0-windows-x64 (2)\\SharpAbeebus-v1.0.0-windows-x64\\SharpAbeebus64.exe",
    "ExtraDataOffset": "616",
    "Payload": "{\"EventData\":{\"@Name\":\"CreatedTaskProcess\",\"Data\":[{\"@Name\":\"TaskName\",\"#text\":\"\\\\other_backup_job\"},{\"@Name\":\"Path\",\"#text\":\"C:\\\\Tools\\\\SharpAbeebus-v1.0.0-windows-x64 (2)\\\\SharpAbeebus-v1.0.0-windows-x64\\\\SharpAbeebus64.exe\"},{\"@Name\":\"ProcessID\",\"#text\":\"3456\"},{\"@Name\":\"Priority\",\"#text\":\"16384\"}]}}"
  },
  {
    "LineNumber": 77808,
    "TimeCreated": "2024-01-27 23:12:38.3867903",
    "EventId": "100",
    "Level": "Info",
    "Provider": "Microsoft-Windows-TaskScheduler",
    "ChunkNumber": "45",
    "UserId": "S-1-5-18",
    "MapDescription": "Scheduled Task started",
    "UserName": "Context: ACME\\Administrator",
    "RemoteHost": "",
    "PayloadData1": "Task: \\other_backup_job",
    "PayloadData2": "Instance Id: c7569ea4-85c6-466f-983f-53e6ff84cc26",
    "PayloadData3": "",
    "PayloadData4": "",
    "PayloadData5": "",
    "PayloadData6": "",
    "ExecutableInfo": "",
    "ExtraDataOffset": "0",
    "Payload": "{\"EventData\":{\"@Name\":\"TaskStartEvent\",\"Data\":[{\"@Name\":\"TaskName\",\"#text\":\"\\\\other_backup_job\"},{\"@Name\":\"UserContext\",\"#text\":\"ACME\\\\Administrator\"},{\"@Name\":\"InstanceId\",\"#text\":\"c7569ea4-85c6-466f-983f-53e6ff84cc26\"}]}}"
  },
  {
    "LineNumber": 77809,
    "TimeCreated": "2024-01-27 23:12:38.3867914",
    "EventId": "200",
    "Level": "Info",
    "Provider": "Microsoft-Windows-TaskScheduler",
    "ChunkNumber": "45",
    "UserId": "S-1-5-18",
    "MapDescription": "Scheduled Task executed",
    "UserName": "",
    "RemoteHost": "",
    "PayloadData1": "Task: \\other_backup_job",
    "PayloadData2": "Instance Id: c7569ea4-85c6-466f-983f-53e6ff84cc26",
    "PayloadData3": "",
    "PayloadData4": "",
    "PayloadData5": "",
    "PayloadData6": "",
    "ExecutableInfo": "C:\\Tools\\SharpAbeebus-v1.0.0-windows-x64 (2)\\SharpAbeebus-v1.0.0-windows-x64\\SharpAbeebus64.exe",
    "ExtraDataOffset": "0",
    "Payload": "{\"EventData\":{\"@Name\":\"ActionStart\",\"Data\":[{\"@Name\":\"TaskName\",\"#text\":\"\\\\other_backup_job\"},{\"@Name\":\"ActionName\",\"#text\":\"C:\\\\Tools\\\\SharpAbeebus-v1.0.0-windows-x64 (2)\\\\SharpAbeebus-v1.0.0-windows-x64\\\\SharpAbeebus64.exe\"},{\"@Name\":\"TaskInstanceId\",\"#text\":\"c7569ea4-85c6-466f-983f-53e6ff84cc26\"},{\"@Name\":\"EnginePID\",\"#text\":\"3456\"}]}}"
  },
  {
    "LineNumber": 77810,
    "TimeCreated": "2024-01-27 23:12:38.3869468",
    "EventId": "110",
    "Level": "Info",
    "Provider": "Microsoft-Windows-TaskScheduler",
    "ChunkNumber": "45",
    "UserId": "S-1-5-18",
    "MapDescription": "",
    "UserName": "",
    "RemoteHost": "",
    "PayloadData1": "",
    "PayloadData2": "",
    "PayloadData3": "",
    "PayloadData4": "",
    "PayloadData5": "",
    "PayloadData6": "",
    "ExecutableInfo": "",
    "ExtraDataOffset": "0",
    "Payload": "{\"EventData\":{\"@Name\":\"TaskRunEvent\",\"Data\":[{\"@Name\":\"TaskName\",\"#text\":\"\\\\other_backup_job\"},{\"@Name\":\"InstanceId\",\"#text\":\"c7569ea4-85c6-466f-983f-53e6ff84cc26\"},{\"@Name\":\"UserContext\",\"#text\":\"Administrator\"}]}}"
  },
  {
    "LineNumber": 77811,
    "TimeCreated": "2024-01-27 23:13:45.2328579",
    "EventId": "129",
    "Level": "Info",
    "Provider": "Microsoft-Windows-TaskScheduler",
    "ChunkNumber": "45",
    "UserId": "S-1-5-18",
    "MapDescription": "Scheduled Task created",
    "UserName": "",
    "RemoteHost": "",
    "PayloadData1": "Task: \\backup_job",
    "PayloadData2": "ProcessID: 13304",
    "PayloadData3": "",
    "PayloadData4": "",
    "PayloadData5": "",
    "PayloadData6": "",
    "ExecutableInfo": "C:\\Tools\\procexp_only.exe",
    "ExtraDataOffset": "0",
    "Payload": "{\"EventData\":{\"@Name\":\"CreatedTaskProcess\",\"Data\":[{\"@Name\":\"TaskName\",\"#text\":\"\\\\backup_job\"},{\"@Name\":\"Path\",\"#text\":\"C:\\\\Tools\\\\procexp_only.exe\"},{\"@Name\":\"ProcessID\",\"#text\":\"13304\"},{\"@Name\":\"Priority\",\"#text\":\"16384\"}]}}"
  },
  {
    "LineNumber": 77812,
    "TimeCreated": "2024-01-27 23:13:45.2330065",
    "EventId": "100",
    "Level": "Info",
    "Provider": "Microsoft-Windows-TaskScheduler",
    "ChunkNumber": "45",
    "UserId": "S-1-5-18",
    "MapDescription": "Scheduled Task started",
    "UserName": "Context: ACME\\Administrator",
    "RemoteHost": "",
    "PayloadData1": "Task: \\backup_job",
    "PayloadData2": "Instance Id: fa1af020-e53b-4e8f-881b-d2f247ffcca8",
    "PayloadData3": "",
    "PayloadData4": "",
    "PayloadData5": "",
    "PayloadData6": "",
    "ExecutableInfo": "",
    "ExtraDataOffset": "0",
    "Payload": "{\"EventData\":{\"@Name\":\"TaskStartEvent\",\"Data\":[{\"@Name\":\"TaskName\",\"#text\":\"\\\\backup_job\"},{\"@Name\":\"UserContext\",\"#text\":\"ACME\\\\Administrator\"},{\"@Name\":\"InstanceId\",\"#text\":\"fa1af020-e53b-4e8f-881b-d2f247ffcca8\"}]}}"
  },
  {
    "LineNumber": 77813,
    "TimeCreated": "2024-01-27 23:13:45.2330078",
    "EventId": "200",
    "Level": "Info",
    "Provider": "Microsoft-Windows-TaskScheduler",
    "ChunkNumber": "45",
    "UserId": "S-1-5-18",
    "MapDescription": "Scheduled Task executed",
    "UserName": "",
    "RemoteHost": "",
    "PayloadData1": "Task: \\backup_job",
    "PayloadData2": "Instance Id: fa1af020-e53b-4e8f-881b-d2f247ffcca8",
    "PayloadData3": "",
    "PayloadData4": "",
    "PayloadData5": "",
    "PayloadData6": "",
    "ExecutableInfo": "C:\\Tools\\procexp_only.exe",
    "ExtraDataOffset": "0",
    "Payload": "{\"EventData\":{\"@Name\":\"ActionStart\",\"Data\":[{\"@Name\":\"TaskName\",\"#text\":\"\\\\backup_job\"},{\"@Name\":\"ActionName\",\"#text\":\"C:\\\\Tools\\\\procexp_only.exe\"},{\"@Name\":\"TaskInstanceId\",\"#text\":\"fa1af020-e53b-4e8f-881b-d2f247ffcca8\"},{\"@Name\":\"EnginePID\",\"#text\":\"13304\"}]}}"
  },
  {
    "LineNumber": 77814,
    "TimeCreated": "2024-01-27 23:13:45.2332263",
    "EventId": "110",
    "Level": "Info",
    "Provider": "Microsoft-Windows-TaskScheduler",
    "ChunkNumber": "45",
    "UserId": "S-1-5-18",
    "MapDescription": "",
    "UserName": "",
    "RemoteHost": "",
    "PayloadData1": "",
    "PayloadData2": "",
    "PayloadData3": "",
    "PayloadData4": "",
    "PayloadData5": "",
    "PayloadData6": "",
    "ExecutableInfo": "",
    "ExtraDataOffset": "0",
    "Payload": "{\"EventData\":{\"@Name\":\"TaskRunEvent\",\"Data\":[{\"@Name\":\"TaskName\",\"#text\":\"\\\\backup_job\"},{\"@Name\":\"InstanceId\",\"#text\":\"fa1af020-e53b-4e8f-881b-d2f247ffcca8\"},{\"@Name\":\"UserContext\",\"#text\":\"Administrator\"}]}}"
  },
  {
    "LineNumber": 77815,
    "TimeCreated": "2024-01-27 23:14:52.3284676",
    "EventId": "107",
    "Level": "Info",
    "Provider": "Microsoft-Windows-TaskScheduler",
    "ChunkNumber": "45",
    "UserId": "S-1-5-18",
    "MapDescription": "",
    "UserName": "",
    "RemoteHost": "",
    "PayloadData1": "",
    "PayloadData2": "",
    "PayloadData3": "",
    "PayloadData4": "",
    "PayloadData5": "",
    "PayloadData6": "",
    "ExecutableInfo": "",
    "ExtraDataOffset": "0",
    "Payload": "{\"EventData\":{\"@Name\":\"TimeTriggerEvent\",\"Data\":[{\"@Name\":\"TaskName\",\"#text\":\"\\\\GoogleSystem\\\\GoogleUpdater\\\\GoogleUpdaterTaskSystem122.0.6253.8{17424C2E-59FB-4A46-8EFC-27AF11DCD2F5}\"},{\"@Name\":\"InstanceId\",\"#text\":\"d24ece12-0100-419e-abdb-d3498b5daf1e\"}]}}"
  },
  {
    "LineNumber": 77816,
    "TimeCreated": "2024-01-27 23:14:52.3648926",
    "EventId": "129",
    "Level": "Info",
    "Provider": "Microsoft-Windows-TaskScheduler",
    "ChunkNumber": "45",
    "UserId": "S-1-5-18",
    "MapDescription": "Scheduled Task created",
    "UserName": "",
    "RemoteHost": "",
    "PayloadData1": "Task: \\GoogleSystem\\GoogleUpdater\\GoogleUpdaterTaskSystem122.0.6253.8{17424C2E-59FB-4A46-8EFC-27AF11DCD2F5}",
    "PayloadData2": "ProcessID: 4988",
    "PayloadData3": "",
    "PayloadData4": "",
    "PayloadData5": "",
    "PayloadData6": "",
    "ExecutableInfo": "C:\\Program Files (x86)\\Google\\GoogleUpdater\\122.0.6253.8\\updater.exe",
    "ExtraDataOffset": "0",
    "Payload": "{\"EventData\":{\"@Name\":\"CreatedTaskProcess\",\"Data\":[{\"@Name\":\"TaskName\",\"#text\":\"\\\\GoogleSystem\\\\GoogleUpdater\\\\GoogleUpdaterTaskSystem122.0.6253.8{17424C2E-59FB-4A46-8EFC-27AF11DCD2F5}\"},{\"@Name\":\"Path\",\"#text\":\"C:\\\\Program Files (x86)\\\\Google\\\\GoogleUpdater\\\\122.0.6253.8\\\\updater.exe\"},{\"@Name\":\"ProcessID\",\"#text\":\"4988\"},{\"@Name\":\"Priority\",\"#text\":\"16384\"}]}}"
  },
  {
    "LineNumber": 77817,
    "TimeCreated": "2024-01-27 23:14:52.3650966",
    "EventId": "100",
    "Level": "Info",
    "Provider": "Microsoft-Windows-TaskScheduler",
    "ChunkNumber": "45",
    "UserId": "S-1-5-18",
    "MapDescription": "Scheduled Task started",
    "UserName": "Context: NT AUTHORITY\\SYSTEM",
    "RemoteHost": "",
    "PayloadData1": "Task: \\GoogleSystem\\GoogleUpdater\\GoogleUpdaterTaskSystem122.0.6253.8{17424C2E-59FB-4A46-8EFC-27AF11DCD2F5}",
    "PayloadData2": "Instance Id: d24ece12-0100-419e-abdb-d3498b5daf1e",
    "PayloadData3": "",
    "PayloadData4": "",
    "PayloadData5": "",
    "PayloadData6": "",
    "ExecutableInfo": "",
    "ExtraDataOffset": "0",
    "Payload": "{\"EventData\":{\"@Name\":\"TaskStartEvent\",\"Data\":[{\"@Name\":\"TaskName\",\"#text\":\"\\\\GoogleSystem\\\\GoogleUpdater\\\\GoogleUpdaterTaskSystem122.0.6253.8{17424C2E-59FB-4A46-8EFC-27AF11DCD2F5}\"},{\"@Name\":\"UserContext\",\"#text\":\"NT AUTHORITY\\\\SYSTEM\"},{\"@Name\":\"InstanceId\",\"#text\":\"d24ece12-0100-419e-abdb-d3498b5daf1e\"}]}}"
  },
  {
    "LineNumber": 77818,
    "TimeCreated": "2024-01-27 23:14:52.3650979",
    "EventId": "200",
    "Level": "Info",
    "Provider": "Microsoft-Windows-TaskScheduler",
    "ChunkNumber": "45",
    "UserId": "S-1-5-18",
    "MapDescription": "Scheduled Task executed",
    "UserName": "",
    "RemoteHost": "",
    "PayloadData1": "Task: \\GoogleSystem\\GoogleUpdater\\GoogleUpdaterTaskSystem122.0.6253.8{17424C2E-59FB-4A46-8EFC-27AF11DCD2F5}",
    "PayloadData2": "Instance Id: d24ece12-0100-419e-abdb-d3498b5daf1e",
    "PayloadData3": "",
    "PayloadData4": "",
    "PayloadData5": "",
    "PayloadData6": "",
    "ExecutableInfo": "C:\\Program Files (x86)\\Google\\GoogleUpdater\\122.0.6253.8\\updater.exe",
    "ExtraDataOffset": "0",
    "Payload": "{\"EventData\":{\"@Name\":\"ActionStart\",\"Data\":[{\"@Name\":\"TaskName\",\"#text\":\"\\\\GoogleSystem\\\\GoogleUpdater\\\\GoogleUpdaterTaskSystem122.0.6253.8{17424C2E-59FB-4A46-8EFC-27AF11DCD2F5}\"},{\"@Name\":\"ActionName\",\"#text\":\"C:\\\\Program Files (x86)\\\\Google\\\\GoogleUpdater\\\\122.0.6253.8\\\\updater.exe\"},{\"@Name\":\"TaskInstanceId\",\"#text\":\"d24ece12-0100-419e-abdb-d3498b5daf1e\"},{\"@Name\":\"EnginePID\",\"#text\":\"4988\"}]}}"
  }
]